#
# A fatal error has been detected by the Java Runtime Environment:
#
#  EXCEPTION_ACCESS_VIOLATION (0xc0000005) at pc=0x00007ffd6c0e2c70, pid=12424, tid=1508
#
# JRE version: OpenJDK Runtime Environment Temurin-17.0.5+8 (17.0.5+8) (build 17.0.5+8)
# Java VM: OpenJDK 64-Bit Server VM Temurin-17.0.5+8 (17.0.5+8, mixed mode, tiered, compressed oops, compressed class ptrs, parallel gc, windows-amd64)
# Problematic frame:
# V  [jvm.dll+0x542c70]
#
# No core dump will be written. Minidumps are not enabled by default on client versions of Windows
#
# If you would like to submit a bug report, please visit:
#   https://github.com/adoptium/adoptium-support/issues
#

---------------  S U M M A R Y ------------

Command Line: --add-modules=ALL-SYSTEM --add-opens=java.base/java.util=ALL-UNNAMED --add-opens=java.base/java.lang=ALL-UNNAMED --add-opens=java.base/sun.nio.fs=ALL-UNNAMED -Declipse.application=org.eclipse.jdt.ls.core.id1 -Dosgi.bundles.defaultStartLevel=4 -Declipse.product=org.eclipse.jdt.ls.core.product -Djava.import.generatesMetadataFilesAtProjectRoot=false -Dfile.encoding=utf8 -XX:+UseParallelGC -XX:GCTimeRatio=4 -XX:AdaptiveSizePolicyWeight=90 -Dsun.zip.disableMemoryMapping=true -Xmx1G -Xms100m -Xlog:disable -javaagent:c:\Users\sujee\.vscode\extensions\redhat.java-1.13.0-win32-x64\lombok\lombok-1.18.24.jar -XX:+HeapDumpOnOutOfMemoryError -XX:HeapDumpPath=c:\Users\sujee\AppData\Roaming\Code\User\workspaceStorage\f0ec783a8a23ab05bb918e3ad906a61b\redhat.java c:\Users\sujee\.vscode\extensions\redhat.java-1.13.0-win32-x64\server\plugins\org.eclipse.equinox.launcher_1.6.400.v20210924-0641.jar -configuration c:\Users\sujee\AppData\Roaming\Code\User\globalStorage\redhat.java\1.13.0\config_win -data c:\Users\sujee\AppData\Roaming\Code\User\workspaceStorage\f0ec783a8a23ab05bb918e3ad906a61b\redhat.java\jdt_ws

Host: AMD Ryzen 3 3200U with Radeon Vega Mobile Gfx  , 4 cores, 3G,  Windows 11 , 64 bit Build 22621 (10.0.22621.755)
Time: Sat Dec 10 15:49:48 2022 India Standard Time elapsed time: 44.448705 seconds (0d 0h 0m 44s)

---------------  T H R E A D  ---------------

Current thread (0x000001fb22d00f80):  JavaThread "C2 CompilerThread0" daemon [_thread_in_native, id=1508, stack(0x000000366e800000,0x000000366e900000)]


Current CompileTask:
C2:  44448 9484       4       org.eclipse.jdt.internal.compiler.lookup.BinaryTypeBinding::getNullDefaultFrom (74 bytes)

Stack: [0x000000366e800000,0x000000366e900000],  sp=0x000000366e8fbc20,  free space=1007k
Native frames: (J=compiled Java code, j=interpreted, Vv=VM code, C=native code)
V  [jvm.dll+0x542c70]
V  [jvm.dll+0x32d690]
V  [jvm.dll+0x32ca3a]
V  [jvm.dll+0x217b51]
V  [jvm.dll+0x216f71]
V  [jvm.dll+0x1a343d]
V  [jvm.dll+0x22698a]
V  [jvm.dll+0x224ac5]
V  [jvm.dll+0x7e727b]
V  [jvm.dll+0x7e17ea]
V  [jvm.dll+0x6759e5]
C  [ucrtbase.dll+0x29363]
C  [KERNEL32.DLL+0x1244d]
C  [ntdll.dll+0x5dfb8]


siginfo: EXCEPTION_ACCESS_VIOLATION (0xc0000005), reading address 0x000001fb38d596c8


Register to memory mapping:

RIP=0x00007ffd6c0e2c70 jvm.dll
RAX=0x0000000000000001 is an unknown value
RBX=0x000001fb24c4f5a0 points into unknown readable memory: 0x00007ffd6c4b81f0 | f0 81 4b 6c fd 7f 00 00
RCX=0x0000000000000002 is an unknown value
RDX=0x0000000000000001 is an unknown value
RSP=0x000000366e8fbc20 is pointing into the stack for thread: 0x000001fb22d00f80
RBP=0x000000366e8fbd20 is pointing into the stack for thread: 0x000001fb22d00f80
RSI=0x000001fb38d596c8 is an unknown value
RDI=0x000000366e8fbd90 is pointing into the stack for thread: 0x000001fb22d00f80
R8 =0x000000366e8fbc70 is pointing into the stack for thread: 0x000001fb22d00f80
R9 =0x000000366e8fbd90 is pointing into the stack for thread: 0x000001fb22d00f80
R10=0x000001fb24c4f590 points into unknown readable memory: 0x0000000000000002 | 02 00 00 00 00 00 00 00
R11=0x000001fb28d59698 points into unknown readable memory: 0x0000000000000000 | 00 00 00 00 00 00 00 00
R12=0x000000366e8fbd90 is pointing into the stack for thread: 0x000001fb22d00f80
R13=0x000000366e8fc230 is pointing into the stack for thread: 0x000001fb22d00f80
R14=0x000001fb28d59638 points into unknown readable memory: 0x00007ffd6c450818 | 18 08 45 6c fd 7f 00 00
R15=0x000001fb38d596d0 is an unknown value


Registers:
RAX=0x0000000000000001, RBX=0x000001fb24c4f5a0, RCX=0x0000000000000002, RDX=0x0000000000000001
RSP=0x000000366e8fbc20, RBP=0x000000366e8fbd20, RSI=0x000001fb38d596c8, RDI=0x000000366e8fbd90
R8 =0x000000366e8fbc70, R9 =0x000000366e8fbd90, R10=0x000001fb24c4f590, R11=0x000001fb28d59698
R12=0x000000366e8fbd90, R13=0x000000366e8fc230, R14=0x000001fb28d59638, R15=0x000001fb38d596d0
RIP=0x00007ffd6c0e2c70, EFLAGS=0x0000000000010283

Top of Stack: (sp=0x000000366e8fbc20)
0x000000366e8fbc20:   000001fb24c4f5a0 000001fb24c4f5a0
0x000000366e8fbc30:   000001fb28d59638 000000366e8fbd90
0x000000366e8fbc40:   000000366e8fbdf8 000001fb00000001
0x000000366e8fbc50:   000001fb286f7020 000001fb286f7010
0x000000366e8fbc60:   0000000200000f69 000001fb0eeb9fa0
0x000000366e8fbc70:   000001fb22cff660 00007ffd00000004
0x000000366e8fbc80:   000001fb2b500450 0000000000000000
0x000000366e8fbc90:   000001fb22cff660 0000000000000004
0x000000366e8fbca0:   000001fb2b500430 00007ffd00000000
0x000000366e8fbcb0:   000001fb0eeb9fd0 0000000000000200
0x000000366e8fbcc0:   000001fb22cff660 000001fb28784500
0x000000366e8fbcd0:   0000000000115dc8 000001fb28789730
0x000000366e8fbce0:   000001fb2878c4e8 00007ffd00000020
0x000000366e8fbcf0:   000001fb286f9fa0 0000003600000020
0x000000366e8fbd00:   000001fb22cff660 0000000000000000
0x000000366e8fbd10:   00000000000a9780 000001fb2621aac0 

Instructions: (pc=0x00007ffd6c0e2c70)
0x00007ffd6c0e2b70:   10 05 0a df 5c 00 0f 11 87 80 00 00 00 0f 10 0d
0x00007ffd6c0e2b80:   0c df 5c 00 c7 87 a0 00 00 00 e7 03 00 00 c7 47
0x00007ffd6c0e2b90:   2c 08 02 00 00 0f 11 8f 90 00 00 00 eb 03 49 8b
0x00007ffd6c0e2ba0:   ff 8b 77 28 41 3b 75 68 72 0b 8b d6 49 8d 4d 68
0x00007ffd6c0e2bb0:   e8 5b cc bd ff 49 8b 45 78 48 8d 4b 10 4c 8b c7
0x00007ffd6c0e2bc0:   41 8b d4 48 89 1c f0 e8 84 18 11 00 ff 43 28 41
0x00007ffd6c0e2bd0:   ff c4 49 8b 45 60 33 d2 44 89 64 24 44 41 b8 01
0x00007ffd6c0e2be0:   00 00 00 4c 8b 90 30 0c 00 00 66 0f 1f 44 00 00
0x00007ffd6c0e2bf0:   8b c2 48 c1 e8 06 44 8b ca 4c 85 44 c5 a0 75 3f
0x00007ffd6c0e2c00:   41 0f b6 02 2c 41 a8 fd 75 35 8b c2 c1 e8 06 3b
0x00007ffd6c0e2c10:   87 9c 00 00 00 76 06 89 87 9c 00 00 00 3b 87 98
0x00007ffd6c0e2c20:   00 00 00 73 06 89 87 98 00 00 00 8b c8 41 83 e1
0x00007ffd6c0e2c30:   3f 48 8b 44 c7 40 4c 0f ab c8 48 89 44 cf 40 ff
0x00007ffd6c0e2c40:   c2 49 d1 c0 49 ff c2 81 fa 2f 02 00 00 7c a1 49
0x00007ffd6c0e2c50:   8b 76 10 41 8b 46 20 4c 8d 3c c6 49 3b f7 73 78
0x00007ffd6c0e2c60:   4c 8b 65 50 0f 1f 40 00 0f 1f 84 00 00 00 00 00
0x00007ffd6c0e2c70:   4c 8b 36 49 8b 45 78 41 8b 4e 28 48 39 1c c8 75
0x00007ffd6c0e2c80:   49 41 8b 46 2c 83 e0 0f 3c 0c 74 3e 3b 4c 24 40
0x00007ffd6c0e2c90:   73 38 49 8b 44 24 08 48 63 c9 83 2c 88 01 48 8d
0x00007ffd6c0e2ca0:   14 88 75 26 8b 7c 24 68 8d 47 01 89 44 24 68 3b
0x00007ffd6c0e2cb0:   7c 24 58 72 0c 8b d7 48 8d 4c 24 50 e8 6f 12 11
0x00007ffd6c0e2cc0:   00 48 8b 44 24 60 4c 89 34 f8 48 83 c6 08 49 3b
0x00007ffd6c0e2cd0:   f7 72 9d 44 8b 64 24 44 48 8d 73 10 83 7c 24 68
0x00007ffd6c0e2ce0:   00 48 8b 7d 50 44 0f b6 7d 48 4c 8b 75 58 0f 85
0x00007ffd6c0e2cf0:   1c fc ff ff 8b 7b 28 4c 8b b4 24 00 01 00 00 ff
0x00007ffd6c0e2d00:   cf 3b 7b 18 73 0a 48 8b 43 20 48 8b 34 f8 eb 02
0x00007ffd6c0e2d10:   33 f6 48 8b 06 48 8b ce ff 50 20 48 3b c6 48 8b
0x00007ffd6c0e2d20:   b4 24 40 01 00 00 74 03 2b 7b 48 44 3b e7 4c 8b
0x00007ffd6c0e2d30:   a4 24 08 01 00 00 48 8b bc 24 10 01 00 00 74 43
0x00007ffd6c0e2d40:   49 8b 4d 08 80 79 14 01 75 29 48 8b 81 70 01 00
0x00007ffd6c0e2d50:   00 48 83 78 58 00 75 1b 48 83 b9 88 01 00 00 00
0x00007ffd6c0e2d60:   75 11 e8 89 0f c6 ff 49 8b 4d 08 48 8b d0 e8 9d 


Stack slot to memory mapping:
stack at sp + 0 slots: 0x000001fb24c4f5a0 points into unknown readable memory: 0x00007ffd6c4b81f0 | f0 81 4b 6c fd 7f 00 00
stack at sp + 1 slots: 0x000001fb24c4f5a0 points into unknown readable memory: 0x00007ffd6c4b81f0 | f0 81 4b 6c fd 7f 00 00
stack at sp + 2 slots: 0x000001fb28d59638 points into unknown readable memory: 0x00007ffd6c450818 | 18 08 45 6c fd 7f 00 00
stack at sp + 3 slots: 0x000000366e8fbd90 is pointing into the stack for thread: 0x000001fb22d00f80
stack at sp + 4 slots: 0x000000366e8fbdf8 is pointing into the stack for thread: 0x000001fb22d00f80
stack at sp + 5 slots: 0x000001fb00000001 is an unknown value
stack at sp + 6 slots: 0x000001fb286f7020 points into unknown readable memory: 0x000000007fff7fff | ff 7f ff 7f 00 00 00 00
stack at sp + 7 slots: 0x000001fb286f7010 points into unknown readable memory: 0x000001fb2b4fa550 | 50 a5 4f 2b fb 01 00 00


---------------  P R O C E S S  ---------------

Threads class SMR info:
_java_thread_list=0x000001fb266ddc50, length=30, elements={
0x000001fb0ee9ae60, 0x000001fb22cc0040, 0x000001fb22cc17b0, 0x000001fb22cd8d20,
0x000001fb22cfd020, 0x000001fb22cfd8e0, 0x000001fb22cfe290, 0x000001fb22d00f80,
0x000001fb24736c10, 0x000001fb247378c0, 0x000001fb0eefed70, 0x000001fb249e79e0,
0x000001fb24e4a5e0, 0x000001fb251ca760, 0x000001fb251cb840, 0x000001fb25d689a0,
0x000001fb25f98030, 0x000001fb25f3b9f0, 0x000001fb25f3c860, 0x000001fb25f39840,
0x000001fb25f3b520, 0x000001fb25f3cd30, 0x000001fb25f3d200, 0x000001fb25f3a1e0,
0x000001fb25f39d10, 0x000001fb25f3b050, 0x000001fb25f3bec0, 0x000001fb25f3c390,
0x000001fb2b18a090, 0x000001fb2b18e3f0
}

Java Threads: ( => current thread )
  0x000001fb0ee9ae60 JavaThread "main" [_thread_blocked, id=5608, stack(0x000000366df00000,0x000000366e000000)]
  0x000001fb22cc0040 JavaThread "Reference Handler" daemon [_thread_blocked, id=8408, stack(0x000000366e200000,0x000000366e300000)]
  0x000001fb22cc17b0 JavaThread "Finalizer" daemon [_thread_blocked, id=12380, stack(0x000000366e300000,0x000000366e400000)]
  0x000001fb22cd8d20 JavaThread "Signal Dispatcher" daemon [_thread_blocked, id=13380, stack(0x000000366e400000,0x000000366e500000)]
  0x000001fb22cfd020 JavaThread "Attach Listener" daemon [_thread_blocked, id=8168, stack(0x000000366e500000,0x000000366e600000)]
  0x000001fb22cfd8e0 JavaThread "Service Thread" daemon [_thread_blocked, id=5828, stack(0x000000366e600000,0x000000366e700000)]
  0x000001fb22cfe290 JavaThread "Monitor Deflation Thread" daemon [_thread_blocked, id=4908, stack(0x000000366e700000,0x000000366e800000)]
=>0x000001fb22d00f80 JavaThread "C2 CompilerThread0" daemon [_thread_in_native, id=1508, stack(0x000000366e800000,0x000000366e900000)]
  0x000001fb24736c10 JavaThread "C1 CompilerThread0" daemon [_thread_blocked, id=8056, stack(0x000000366e900000,0x000000366ea00000)]
  0x000001fb247378c0 JavaThread "Sweeper thread" daemon [_thread_blocked, id=9772, stack(0x000000366ea00000,0x000000366eb00000)]
  0x000001fb0eefed70 JavaThread "Common-Cleaner" daemon [_thread_blocked, id=5396, stack(0x000000366eb00000,0x000000366ec00000)]
  0x000001fb249e79e0 JavaThread "Notification Thread" daemon [_thread_blocked, id=5500, stack(0x000000366ec00000,0x000000366ed00000)]
  0x000001fb24e4a5e0 JavaThread "Active Thread: Equinox Container: 510ef642-97e1-4197-bdc6-6c03ed71784f" [_thread_blocked, id=5432, stack(0x000000366f200000,0x000000366f300000)]
  0x000001fb251ca760 JavaThread "Framework Event Dispatcher: Equinox Container: 510ef642-97e1-4197-bdc6-6c03ed71784f" daemon [_thread_blocked, id=5168, stack(0x000000366f300000,0x000000366f400000)]
  0x000001fb251cb840 JavaThread "Start Level: Equinox Container: 510ef642-97e1-4197-bdc6-6c03ed71784f" daemon [_thread_blocked, id=8344, stack(0x000000366f400000,0x000000366f500000)]
  0x000001fb25d689a0 JavaThread "SCR Component Actor" daemon [_thread_blocked, id=5528, stack(0x000000366f500000,0x000000366f600000)]
  0x000001fb25f98030 JavaThread "Worker-JM" [_thread_blocked, id=5896, stack(0x000000366f600000,0x000000366f700000)]
  0x000001fb25f3b9f0 JavaThread "Worker-0" [_thread_blocked, id=5972, stack(0x000000366f700000,0x000000366f800000)]
  0x000001fb25f3c860 JavaThread "Worker-1" [_thread_blocked, id=13788, stack(0x000000366f800000,0x000000366f900000)]
  0x000001fb25f39840 JavaThread "Worker-2: Java indexing... " [_thread_blocked, id=7708, stack(0x000000366fa00000,0x000000366fb00000)]
  0x000001fb25f3b520 JavaThread "Worker-3" [_thread_blocked, id=8740, stack(0x000000366fb00000,0x000000366fc00000)]
  0x000001fb25f3cd30 JavaThread "Java indexing" daemon [_thread_in_Java, id=9400, stack(0x000000366fc00000,0x000000366fd00000)]
  0x000001fb25f3d200 JavaThread "JNA Cleaner" daemon [_thread_blocked, id=7092, stack(0x000000366fd00000,0x000000366fe00000)]
  0x000001fb25f3a1e0 JavaThread "pool-2-thread-1" [_thread_blocked, id=6248, stack(0x000000366fe00000,0x000000366ff00000)]
  0x000001fb25f39d10 JavaThread "pool-1-thread-1" [_thread_in_native, id=10632, stack(0x000000366ff00000,0x0000003670000000)]
  0x000001fb25f3b050 JavaThread "ForkJoinPool.commonPool-worker-1" daemon [_thread_blocked, id=13716, stack(0x000000366f900000,0x000000366fa00000)]
  0x000001fb25f3bec0 JavaThread "Worker-4" [_thread_blocked, id=6788, stack(0x0000003670000000,0x0000003670100000)]
  0x000001fb25f3c390 JavaThread "ForkJoinPool.commonPool-worker-2" daemon [_thread_blocked, id=3184, stack(0x0000003670100000,0x0000003670200000)]
  0x000001fb2b18a090 JavaThread "ForkJoinPool.commonPool-worker-3" daemon [_thread_blocked, id=9824, stack(0x000000366f100000,0x000000366f200000)]
  0x000001fb2b18e3f0 JavaThread "Bundle File Closer" daemon [_thread_blocked, id=1020, stack(0x0000003670200000,0x0000003670300000)]

Other Threads:
  0x000001fb0ef46980 VMThread "VM Thread" [stack: 0x000000366e100000,0x000000366e200000] [id=7944]
  0x000001fb24a79a30 WatcherThread [stack: 0x000000366ed00000,0x000000366ee00000] [id=12908]
  0x000001fb0eeaf930 GCTaskThread "GC Thread#0" [stack: 0x000000366e000000,0x000000366e100000] [id=260]
  0x000001fb24fd6030 GCTaskThread "GC Thread#1" [stack: 0x000000366ee00000,0x000000366ef00000] [id=3316]
  0x000001fb24deebf0 GCTaskThread "GC Thread#2" [stack: 0x000000366ef00000,0x000000366f000000] [id=4604]
  0x000001fb24deeea0 GCTaskThread "GC Thread#3" [stack: 0x000000366f000000,0x000000366f100000] [id=4432]

Threads with active compile tasks:
C2 CompilerThread0    44544 9484       4       org.eclipse.jdt.internal.compiler.lookup.BinaryTypeBinding::getNullDefaultFrom (74 bytes)

VM state: not at safepoint (normal execution)

VM Mutex/Monitor currently owned by a thread: None

Heap address: 0x00000000c0000000, size: 1024 MB, Compressed Oops mode: 32-bit

CDS archive(s) not mapped
Compressed class space mapped at: 0x0000000100000000-0x0000000140000000, reserved size: 1073741824
Narrow klass base: 0x0000000000000000, Narrow klass shift: 3, Narrow klass range: 0x140000000

GC Precious Log:
 CPUs: 4 total, 4 available
 Memory: 3460M
 Large Page Support: Disabled
 NUMA Support: Disabled
 Compressed Oops: Enabled (32-bit)
 Alignments: Space 512K, Generation 512K, Heap 2M
 Heap Min Capacity: 100M
 Heap Initial Capacity: 100M
 Heap Max Capacity: 1G
 Pre-touch: Disabled
 Parallel Workers: 4

Heap:
 PSYoungGen      total 19456K, used 9893K [0x00000000eab00000, 0x00000000ec600000, 0x0000000100000000)
  eden space 17408K, 46% used [0x00000000eab00000,0x00000000eb2fd6b8,0x00000000ebc00000)
  from space 2048K, 83% used [0x00000000ebe80000,0x00000000ec02c020,0x00000000ec080000)
  to   space 3072K, 0% used [0x00000000ec300000,0x00000000ec300000,0x00000000ec600000)
 ParOldGen       total 78336K, used 57428K [0x00000000c0000000, 0x00000000c4c80000, 0x00000000eab00000)
  object space 78336K, 73% used [0x00000000c0000000,0x00000000c38151d8,0x00000000c4c80000)
 Metaspace       used 64811K, committed 65792K, reserved 1114112K
  class space    used 6627K, committed 7040K, reserved 1048576K

Card table byte_map: [0x000001fb0e830000,0x000001fb0ea40000] _byte_map_base: 0x000001fb0e230000

Marking Bits: (ParMarkBitMap*) 0x00007ffd6c720dd0
 Begin Bits: [0x000001fb20b10000, 0x000001fb21b10000)
 End Bits:   [0x000001fb21b10000, 0x000001fb22b10000)

Polling page: 0x000001fb0ce50000

Metaspace:

Usage:
  Non-class:     56.82 MB used.
      Class:      6.47 MB used.
       Both:     63.29 MB used.

Virtual space:
  Non-class space:       64.00 MB reserved,      57.38 MB ( 90%) committed,  8 nodes.
      Class space:        1.00 GB reserved,       6.88 MB ( <1%) committed,  1 nodes.
             Both:        1.06 GB reserved,      64.25 MB (  6%) committed. 

Chunk freelists:
   Non-Class:  2.34 MB
       Class:  1.13 MB
        Both:  3.47 MB

MaxMetaspaceSize: unlimited
CompressedClassSpaceSize: 1.00 GB
Initial GC threshold: 21.00 MB
Current GC threshold: 105.25 MB
CDS: off
MetaspaceReclaimPolicy: balanced
 - commit_granule_bytes: 65536.
 - commit_granule_words: 8192.
 - virtual_space_node_default_size: 1048576.
 - enlarge_chunks_in_place: 1.
 - new_chunks_are_fully_committed: 0.
 - uncommit_free_chunks: 1.
 - use_allocation_guard: 0.
 - handle_deallocations: 1.


Internal statistics:

num_allocs_failed_limit: 9.
num_arena_births: 476.
num_arena_deaths: 14.
num_vsnodes_births: 9.
num_vsnodes_deaths: 0.
num_space_committed: 1028.
num_space_uncommitted: 0.
num_chunks_returned_to_freelist: 23.
num_chunks_taken_from_freelist: 2990.
num_chunk_merges: 13.
num_chunk_splits: 1927.
num_chunks_enlarged: 1177.
num_purges: 2.
num_inconsistent_stats: 0.

CodeHeap 'non-profiled nmethods': size=120000Kb used=4639Kb max_used=4639Kb free=115360Kb
 bounds [0x000001fb195e0000, 0x000001fb19a70000, 0x000001fb20b10000]
CodeHeap 'profiled nmethods': size=120000Kb used=17280Kb max_used=17280Kb free=102719Kb
 bounds [0x000001fb120b0000, 0x000001fb131a0000, 0x000001fb195e0000]
CodeHeap 'non-nmethods': size=5760Kb used=1347Kb max_used=1414Kb free=4412Kb
 bounds [0x000001fb11b10000, 0x000001fb11d80000, 0x000001fb120b0000]
 total_blobs=8844 nmethods=8156 adapters=601
 compilation: enabled
              stopped_count=0, restarted_count=0
 full_count=0

Compilation events (20 events):
Event: 44.302 Thread 0x000001fb24736c10 9492       3       org.eclipse.lsp4j.jsonrpc.json.StreamMessageConsumer::appendHeader (15 bytes)
Event: 44.302 Thread 0x000001fb24736c10 nmethod 9492 0x000001fb1318e290 code [0x000001fb1318e480, 0x000001fb1318e958]
Event: 44.302 Thread 0x000001fb24736c10 9488       3       org.eclipse.jdt.internal.core.util.Util::isExcluded (39 bytes)
Event: 44.304 Thread 0x000001fb24736c10 nmethod 9488 0x000001fb1318eb90 code [0x000001fb1318eda0, 0x000001fb1318f448]
Event: 44.305 Thread 0x000001fb24736c10 9493       3       org.eclipse.jdt.core.dom.PrimitiveType::<init> (13 bytes)
Event: 44.305 Thread 0x000001fb24736c10 nmethod 9493 0x000001fb1318f710 code [0x000001fb1318f8c0, 0x000001fb1318fa28]
Event: 44.307 Thread 0x000001fb22d00f80 nmethod 9439 0x000001fb19a65e10 code [0x000001fb19a65fe0, 0x000001fb19a66d58]
Event: 44.307 Thread 0x000001fb22d00f80 9437       4       java.util.IdentityHashMap::get (60 bytes)
Event: 44.312 Thread 0x000001fb22d00f80 nmethod 9437 0x000001fb19a67490 code [0x000001fb19a67620, 0x000001fb19a67808]
Event: 44.312 Thread 0x000001fb22d00f80 9484       4       org.eclipse.jdt.internal.compiler.lookup.BinaryTypeBinding::getNullDefaultFrom (74 bytes)
Event: 44.353 Thread 0x000001fb24736c10 9494       1       org.eclipse.lsp4j.CodeActionCapabilities::getResolveSupport (5 bytes)
Event: 44.353 Thread 0x000001fb24736c10 nmethod 9494 0x000001fb19a67a10 code [0x000001fb19a67ba0, 0x000001fb19a67c78]
Event: 44.389 Thread 0x000001fb24736c10 9496       3       sun.nio.cs.StreamEncoder::implWrite (137 bytes)
Event: 44.390 Thread 0x000001fb24736c10 nmethod 9496 0x000001fb1318fb10 code [0x000001fb1318fd40, 0x000001fb13190588]
Event: 44.391 Thread 0x000001fb24736c10 9497   !   3       org.eclipse.core.internal.utils.FileUtil::canonicalPath (47 bytes)
Event: 44.392 Thread 0x000001fb24736c10 nmethod 9497 0x000001fb13190810 code [0x000001fb13190a60, 0x000001fb13191198]
Event: 44.435 Thread 0x000001fb24736c10 9498       3       org.eclipse.core.filesystem.provider.FileInfo::exists (7 bytes)
Event: 44.435 Thread 0x000001fb24736c10 nmethod 9498 0x000001fb13191610 code [0x000001fb131917c0, 0x000001fb13191908]
Event: 44.437 Thread 0x000001fb24736c10 9499       3       org.eclipse.jdt.internal.compiler.ast.ConstructorDeclaration::<init> (6 bytes)
Event: 44.437 Thread 0x000001fb24736c10 nmethod 9499 0x000001fb13191990 code [0x000001fb13191b40, 0x000001fb13191d98]

GC Heap History (20 events):
Event: 28.920 GC heap before
{Heap before GC invocations=35 (full 3):
 PSYoungGen      total 23040K, used 22544K [0x00000000eab00000, 0x00000000ec680000, 0x0000000100000000)
  eden space 21504K, 100% used [0x00000000eab00000,0x00000000ec000000,0x00000000ec000000)
  from space 1536K, 67% used [0x00000000ec000000,0x00000000ec104000,0x00000000ec180000)
  to   space 2560K, 0% used [0x00000000ec400000,0x00000000ec400000,0x00000000ec680000)
 ParOldGen       total 68608K, used 54024K [0x00000000c0000000, 0x00000000c4300000, 0x00000000eab00000)
  object space 68608K, 78% used [0x00000000c0000000,0x00000000c34c2378,0x00000000c4300000)
 Metaspace       used 63244K, committed 64320K, reserved 1114112K
  class space    used 6587K, committed 7040K, reserved 1048576K
}
Event: 28.923 GC heap after
{Heap after GC invocations=35 (full 3):
 PSYoungGen      total 22528K, used 720K [0x00000000eab00000, 0x00000000ec500000, 0x0000000100000000)
  eden space 21504K, 0% used [0x00000000eab00000,0x00000000eab00000,0x00000000ec000000)
  from space 1024K, 70% used [0x00000000ec400000,0x00000000ec4b4010,0x00000000ec500000)
  to   space 1536K, 0% used [0x00000000ec200000,0x00000000ec200000,0x00000000ec380000)
 ParOldGen       total 68608K, used 54990K [0x00000000c0000000, 0x00000000c4300000, 0x00000000eab00000)
  object space 68608K, 80% used [0x00000000c0000000,0x00000000c35b3840,0x00000000c4300000)
 Metaspace       used 63244K, committed 64320K, reserved 1114112K
  class space    used 6587K, committed 7040K, reserved 1048576K
}
Event: 30.232 GC heap before
{Heap before GC invocations=36 (full 3):
 PSYoungGen      total 22528K, used 22224K [0x00000000eab00000, 0x00000000ec500000, 0x0000000100000000)
  eden space 21504K, 100% used [0x00000000eab00000,0x00000000ec000000,0x00000000ec000000)
  from space 1024K, 70% used [0x00000000ec400000,0x00000000ec4b4010,0x00000000ec500000)
  to   space 1536K, 0% used [0x00000000ec200000,0x00000000ec200000,0x00000000ec380000)
 ParOldGen       total 68608K, used 54990K [0x00000000c0000000, 0x00000000c4300000, 0x00000000eab00000)
  object space 68608K, 80% used [0x00000000c0000000,0x00000000c35b3840,0x00000000c4300000)
 Metaspace       used 63451K, committed 64512K, reserved 1114112K
  class space    used 6592K, committed 7040K, reserved 1048576K
}
Event: 30.236 GC heap after
{Heap after GC invocations=36 (full 3):
 PSYoungGen      total 23040K, used 160K [0x00000000eab00000, 0x00000000ec480000, 0x0000000100000000)
  eden space 21504K, 0% used [0x00000000eab00000,0x00000000eab00000,0x00000000ec000000)
  from space 1536K, 10% used [0x00000000ec200000,0x00000000ec228000,0x00000000ec380000)
  to   space 512K, 0% used [0x00000000ec400000,0x00000000ec400000,0x00000000ec480000)
 ParOldGen       total 68608K, used 55563K [0x00000000c0000000, 0x00000000c4300000, 0x00000000eab00000)
  object space 68608K, 80% used [0x00000000c0000000,0x00000000c3642ce0,0x00000000c4300000)
 Metaspace       used 63451K, committed 64512K, reserved 1114112K
  class space    used 6592K, committed 7040K, reserved 1048576K
}
Event: 31.963 GC heap before
{Heap before GC invocations=37 (full 3):
 PSYoungGen      total 23040K, used 21664K [0x00000000eab00000, 0x00000000ec480000, 0x0000000100000000)
  eden space 21504K, 100% used [0x00000000eab00000,0x00000000ec000000,0x00000000ec000000)
  from space 1536K, 10% used [0x00000000ec200000,0x00000000ec228000,0x00000000ec380000)
  to   space 512K, 0% used [0x00000000ec400000,0x00000000ec400000,0x00000000ec480000)
 ParOldGen       total 68608K, used 55563K [0x00000000c0000000, 0x00000000c4300000, 0x00000000eab00000)
  object space 68608K, 80% used [0x00000000c0000000,0x00000000c3642ce0,0x00000000c4300000)
 Metaspace       used 63598K, committed 64640K, reserved 1114112K
  class space    used 6592K, committed 7040K, reserved 1048576K
}
Event: 31.974 GC heap after
{Heap after GC invocations=37 (full 3):
 PSYoungGen      total 17920K, used 510K [0x00000000eab00000, 0x00000000ed000000, 0x0000000100000000)
  eden space 17408K, 0% used [0x00000000eab00000,0x00000000eab00000,0x00000000ebc00000)
  from space 512K, 99% used [0x00000000ec400000,0x00000000ec47fbe0,0x00000000ec480000)
  to   space 8192K, 0% used [0x00000000ebc00000,0x00000000ebc00000,0x00000000ec400000)
 ParOldGen       total 68608K, used 61641K [0x00000000c0000000, 0x00000000c4300000, 0x00000000eab00000)
  object space 68608K, 89% used [0x00000000c0000000,0x00000000c3c327e0,0x00000000c4300000)
 Metaspace       used 63598K, committed 64640K, reserved 1114112K
  class space    used 6592K, committed 7040K, reserved 1048576K
}
Event: 31.974 GC heap before
{Heap before GC invocations=38 (full 4):
 PSYoungGen      total 17920K, used 510K [0x00000000eab00000, 0x00000000ed000000, 0x0000000100000000)
  eden space 17408K, 0% used [0x00000000eab00000,0x00000000eab00000,0x00000000ebc00000)
  from space 512K, 99% used [0x00000000ec400000,0x00000000ec47fbe0,0x00000000ec480000)
  to   space 8192K, 0% used [0x00000000ebc00000,0x00000000ebc00000,0x00000000ec400000)
 ParOldGen       total 68608K, used 61641K [0x00000000c0000000, 0x00000000c4300000, 0x00000000eab00000)
  object space 68608K, 89% used [0x00000000c0000000,0x00000000c3c327e0,0x00000000c4300000)
 Metaspace       used 63598K, committed 64640K, reserved 1114112K
  class space    used 6592K, committed 7040K, reserved 1048576K
}
Event: 32.078 GC heap after
{Heap after GC invocations=38 (full 4):
 PSYoungGen      total 25600K, used 0K [0x00000000eab00000, 0x00000000ecc00000, 0x0000000100000000)
  eden space 17408K, 0% used [0x00000000eab00000,0x00000000eab00000,0x00000000ebc00000)
  from space 8192K, 0% used [0x00000000ebc00000,0x00000000ebc00000,0x00000000ec400000)
  to   space 8192K, 0% used [0x00000000ec400000,0x00000000ec400000,0x00000000ecc00000)
 ParOldGen       total 78336K, used 45881K [0x00000000c0000000, 0x00000000c4c80000, 0x00000000eab00000)
  object space 78336K, 58% used [0x00000000c0000000,0x00000000c2cce618,0x00000000c4c80000)
 Metaspace       used 63598K, committed 64640K, reserved 1114112K
  class space    used 6592K, committed 7040K, reserved 1048576K
}
Event: 33.010 GC heap before
{Heap before GC invocations=39 (full 4):
 PSYoungGen      total 25600K, used 17408K [0x00000000eab00000, 0x00000000ecc00000, 0x0000000100000000)
  eden space 17408K, 100% used [0x00000000eab00000,0x00000000ebc00000,0x00000000ebc00000)
  from space 8192K, 0% used [0x00000000ebc00000,0x00000000ebc00000,0x00000000ec400000)
  to   space 8192K, 0% used [0x00000000ec400000,0x00000000ec400000,0x00000000ecc00000)
 ParOldGen       total 78336K, used 45881K [0x00000000c0000000, 0x00000000c4c80000, 0x00000000eab00000)
  object space 78336K, 58% used [0x00000000c0000000,0x00000000c2cce618,0x00000000c4c80000)
 Metaspace       used 63863K, committed 64896K, reserved 1114112K
  class space    used 6596K, committed 7040K, reserved 1048576K
}
Event: 33.013 GC heap after
{Heap after GC invocations=39 (full 4):
 PSYoungGen      total 18432K, used 576K [0x00000000eab00000, 0x00000000ec500000, 0x0000000100000000)
  eden space 17408K, 0% used [0x00000000eab00000,0x00000000eab00000,0x00000000ebc00000)
  from space 1024K, 56% used [0x00000000ec400000,0x00000000ec490000,0x00000000ec500000)
  to   space 3072K, 0% used [0x00000000ebf00000,0x00000000ebf00000,0x00000000ec200000)
 ParOldGen       total 78336K, used 45889K [0x00000000c0000000, 0x00000000c4c80000, 0x00000000eab00000)
  object space 78336K, 58% used [0x00000000c0000000,0x00000000c2cd0618,0x00000000c4c80000)
 Metaspace       used 63863K, committed 64896K, reserved 1114112K
  class space    used 6596K, committed 7040K, reserved 1048576K
}
Event: 40.038 GC heap before
{Heap before GC invocations=40 (full 4):
 PSYoungGen      total 18432K, used 17984K [0x00000000eab00000, 0x00000000ec500000, 0x0000000100000000)
  eden space 17408K, 100% used [0x00000000eab00000,0x00000000ebc00000,0x00000000ebc00000)
  from space 1024K, 56% used [0x00000000ec400000,0x00000000ec490000,0x00000000ec500000)
  to   space 3072K, 0% used [0x00000000ebf00000,0x00000000ebf00000,0x00000000ec200000)
 ParOldGen       total 78336K, used 45889K [0x00000000c0000000, 0x00000000c4c80000, 0x00000000eab00000)
  object space 78336K, 58% used [0x00000000c0000000,0x00000000c2cd0618,0x00000000c4c80000)
 Metaspace       used 64043K, committed 65088K, reserved 1114112K
  class space    used 6598K, committed 7040K, reserved 1048576K
}
Event: 40.046 GC heap after
{Heap after GC invocations=40 (full 4):
 PSYoungGen      total 20480K, used 3042K [0x00000000eab00000, 0x00000000ec500000, 0x0000000100000000)
  eden space 17408K, 0% used [0x00000000eab00000,0x00000000eab00000,0x00000000ebc00000)
  from space 3072K, 99% used [0x00000000ebf00000,0x00000000ec1f8890,0x00000000ec200000)
  to   space 3072K, 0% used [0x00000000ec200000,0x00000000ec200000,0x00000000ec500000)
 ParOldGen       total 78336K, used 46633K [0x00000000c0000000, 0x00000000c4c80000, 0x00000000eab00000)
  object space 78336K, 59% used [0x00000000c0000000,0x00000000c2d8a618,0x00000000c4c80000)
 Metaspace       used 64043K, committed 65088K, reserved 1114112K
  class space    used 6598K, committed 7040K, reserved 1048576K
}
Event: 40.401 GC heap before
{Heap before GC invocations=41 (full 4):
 PSYoungGen      total 20480K, used 20450K [0x00000000eab00000, 0x00000000ec500000, 0x0000000100000000)
  eden space 17408K, 100% used [0x00000000eab00000,0x00000000ebc00000,0x00000000ebc00000)
  from space 3072K, 99% used [0x00000000ebf00000,0x00000000ec1f8890,0x00000000ec200000)
  to   space 3072K, 0% used [0x00000000ec200000,0x00000000ec200000,0x00000000ec500000)
 ParOldGen       total 78336K, used 46633K [0x00000000c0000000, 0x00000000c4c80000, 0x00000000eab00000)
  object space 78336K, 59% used [0x00000000c0000000,0x00000000c2d8a618,0x00000000c4c80000)
 Metaspace       used 64183K, committed 65216K, reserved 1114112K
  class space    used 6601K, committed 7040K, reserved 1048576K
}
Event: 40.406 GC heap after
{Heap after GC invocations=41 (full 4):
 PSYoungGen      total 19456K, used 1552K [0x00000000eab00000, 0x00000000ec400000, 0x0000000100000000)
  eden space 17408K, 0% used [0x00000000eab00000,0x00000000eab00000,0x00000000ebc00000)
  from space 2048K, 75% used [0x00000000ec200000,0x00000000ec384010,0x00000000ec400000)
  to   space 2560K, 0% used [0x00000000ebf00000,0x00000000ebf00000,0x00000000ec180000)
 ParOldGen       total 78336K, used 47134K [0x00000000c0000000, 0x00000000c4c80000, 0x00000000eab00000)
  object space 78336K, 60% used [0x00000000c0000000,0x00000000c2e07a98,0x00000000c4c80000)
 Metaspace       used 64183K, committed 65216K, reserved 1114112K
  class space    used 6601K, committed 7040K, reserved 1048576K
}
Event: 41.601 GC heap before
{Heap before GC invocations=42 (full 4):
 PSYoungGen      total 19456K, used 18960K [0x00000000eab00000, 0x00000000ec400000, 0x0000000100000000)
  eden space 17408K, 100% used [0x00000000eab00000,0x00000000ebc00000,0x00000000ebc00000)
  from space 2048K, 75% used [0x00000000ec200000,0x00000000ec384010,0x00000000ec400000)
  to   space 2560K, 0% used [0x00000000ebf00000,0x00000000ebf00000,0x00000000ec180000)
 ParOldGen       total 78336K, used 47134K [0x00000000c0000000, 0x00000000c4c80000, 0x00000000eab00000)
  object space 78336K, 60% used [0x00000000c0000000,0x00000000c2e07a98,0x00000000c4c80000)
 Metaspace       used 64272K, committed 65280K, reserved 1114112K
  class space    used 6603K, committed 7040K, reserved 1048576K
}
Event: 41.614 GC heap after
{Heap after GC invocations=42 (full 4):
 PSYoungGen      total 19968K, used 2553K [0x00000000eab00000, 0x00000000ecf00000, 0x0000000100000000)
  eden space 17408K, 0% used [0x00000000eab00000,0x00000000eab00000,0x00000000ebc00000)
  from space 2560K, 99% used [0x00000000ebf00000,0x00000000ec17e4b0,0x00000000ec180000)
  to   space 9728K, 0% used [0x00000000ec580000,0x00000000ec580000,0x00000000ecf00000)
 ParOldGen       total 78336K, used 52662K [0x00000000c0000000, 0x00000000c4c80000, 0x00000000eab00000)
  object space 78336K, 67% used [0x00000000c0000000,0x00000000c336da98,0x00000000c4c80000)
 Metaspace       used 64272K, committed 65280K, reserved 1114112K
  class space    used 6603K, committed 7040K, reserved 1048576K
}
Event: 42.180 GC heap before
{Heap before GC invocations=43 (full 4):
 PSYoungGen      total 19968K, used 19953K [0x00000000eab00000, 0x00000000ecf00000, 0x0000000100000000)
  eden space 17408K, 99% used [0x00000000eab00000,0x00000000ebbfe1b0,0x00000000ebc00000)
  from space 2560K, 99% used [0x00000000ebf00000,0x00000000ec17e4b0,0x00000000ec180000)
  to   space 9728K, 0% used [0x00000000ec580000,0x00000000ec580000,0x00000000ecf00000)
 ParOldGen       total 78336K, used 52662K [0x00000000c0000000, 0x00000000c4c80000, 0x00000000eab00000)
  object space 78336K, 67% used [0x00000000c0000000,0x00000000c336da98,0x00000000c4c80000)
 Metaspace       used 64371K, committed 65408K, reserved 1114112K
  class space    used 6604K, committed 7040K, reserved 1048576K
}
Event: 42.189 GC heap after
{Heap after GC invocations=43 (full 4):
 PSYoungGen      total 21504K, used 3770K [0x00000000eab00000, 0x00000000ec980000, 0x0000000100000000)
  eden space 17408K, 0% used [0x00000000eab00000,0x00000000eab00000,0x00000000ebc00000)
  from space 4096K, 92% used [0x00000000ec580000,0x00000000ec92eb50,0x00000000ec980000)
  to   space 5632K, 0% used [0x00000000ebe80000,0x00000000ebe80000,0x00000000ec400000)
 ParOldGen       total 78336K, used 53787K [0x00000000c0000000, 0x00000000c4c80000, 0x00000000eab00000)
  object space 78336K, 68% used [0x00000000c0000000,0x00000000c3486f18,0x00000000c4c80000)
 Metaspace       used 64371K, committed 65408K, reserved 1114112K
  class space    used 6604K, committed 7040K, reserved 1048576K
}
Event: 43.812 GC heap before
{Heap before GC invocations=44 (full 4):
 PSYoungGen      total 21504K, used 21178K [0x00000000eab00000, 0x00000000ec980000, 0x0000000100000000)
  eden space 17408K, 100% used [0x00000000eab00000,0x00000000ebc00000,0x00000000ebc00000)
  from space 4096K, 92% used [0x00000000ec580000,0x00000000ec92eb50,0x00000000ec980000)
  to   space 5632K, 0% used [0x00000000ebe80000,0x00000000ebe80000,0x00000000ec400000)
 ParOldGen       total 78336K, used 53787K [0x00000000c0000000, 0x00000000c4c80000, 0x00000000eab00000)
  object space 78336K, 68% used [0x00000000c0000000,0x00000000c3486f18,0x00000000c4c80000)
 Metaspace       used 64647K, committed 65664K, reserved 1114112K
  class space    used 6614K, committed 7040K, reserved 1048576K
}
Event: 43.822 GC heap after
{Heap after GC invocations=44 (full 4):
 PSYoungGen      total 19456K, used 1712K [0x00000000eab00000, 0x00000000ec600000, 0x0000000100000000)
  eden space 17408K, 0% used [0x00000000eab00000,0x00000000eab00000,0x00000000ebc00000)
  from space 2048K, 83% used [0x00000000ebe80000,0x00000000ec02c020,0x00000000ec080000)
  to   space 3072K, 0% used [0x00000000ec300000,0x00000000ec300000,0x00000000ec600000)
 ParOldGen       total 78336K, used 57428K [0x00000000c0000000, 0x00000000c4c80000, 0x00000000eab00000)
  object space 78336K, 73% used [0x00000000c0000000,0x00000000c38151d8,0x00000000c4c80000)
 Metaspace       used 64647K, committed 65664K, reserved 1114112K
  class space    used 6614K, committed 7040K, reserved 1048576K
}

Dll operation events (10 events):
Event: 0.026 Loaded shared library c:\Users\sujee\.vscode\extensions\redhat.java-1.13.0-win32-x64\jre\17.0.5-win32-x86_64\bin\java.dll
Event: 0.948 Loaded shared library c:\Users\sujee\.vscode\extensions\redhat.java-1.13.0-win32-x64\jre\17.0.5-win32-x86_64\bin\zip.dll
Event: 0.955 Loaded shared library C:\Users\sujee\.vscode\extensions\redhat.java-1.13.0-win32-x64\jre\17.0.5-win32-x86_64\bin\instrument.dll
Event: 1.024 Loaded shared library C:\Users\sujee\.vscode\extensions\redhat.java-1.13.0-win32-x64\jre\17.0.5-win32-x86_64\bin\net.dll
Event: 1.034 Loaded shared library C:\Users\sujee\.vscode\extensions\redhat.java-1.13.0-win32-x64\jre\17.0.5-win32-x86_64\bin\nio.dll
Event: 1.048 Loaded shared library C:\Users\sujee\.vscode\extensions\redhat.java-1.13.0-win32-x64\jre\17.0.5-win32-x86_64\bin\zip.dll
Event: 1.117 Loaded shared library C:\Users\sujee\.vscode\extensions\redhat.java-1.13.0-win32-x64\jre\17.0.5-win32-x86_64\bin\jimage.dll
Event: 1.377 Loaded shared library c:\Users\sujee\.vscode\extensions\redhat.java-1.13.0-win32-x64\jre\17.0.5-win32-x86_64\bin\verify.dll
Event: 4.446 Loaded shared library C:\Users\sujee\AppData\Roaming\Code\User\globalStorage\redhat.java\1.13.0\config_win\org.eclipse.equinox.launcher\org.eclipse.equinox.launcher.win32.win32.x86_64_1.2.600.v20220720-1916\eclipse_11700.dll
Event: 9.882 Loaded shared library C:\Users\sujee\AppData\Local\Temp\jna-109795560\jna7377761956237126443.dll

Deoptimization events (20 events):
Event: 43.806 Thread 0x000001fb25f3b050 DEOPT PACKING pc=0x000001fb1313b218 sp=0x000000366f9fde40
Event: 43.806 Thread 0x000001fb25f3b050 DEOPT UNPACKING pc=0x000001fb11b62843 sp=0x000000366f9fd2f0 mode 0
Event: 43.996 Thread 0x000001fb25f3c860 DEOPT PACKING pc=0x000001fb1313b298 sp=0x000000366f8fe1d0
Event: 43.996 Thread 0x000001fb25f3c860 DEOPT UNPACKING pc=0x000001fb11b62843 sp=0x000000366f8fd680 mode 0
Event: 44.006 Thread 0x000001fb25f3c860 DEOPT PACKING pc=0x000001fb1313b298 sp=0x000000366f8fe140
Event: 44.006 Thread 0x000001fb25f3c860 DEOPT UNPACKING pc=0x000001fb11b62843 sp=0x000000366f8fd5f0 mode 0
Event: 44.015 Thread 0x000001fb25f3c860 DEOPT PACKING pc=0x000001fb1313b218 sp=0x000000366f8fe1f0
Event: 44.015 Thread 0x000001fb25f3c860 DEOPT UNPACKING pc=0x000001fb11b62843 sp=0x000000366f8fd6a0 mode 0
Event: 44.016 Thread 0x000001fb25f3c860 DEOPT PACKING pc=0x000001fb1313b218 sp=0x000000366f8fe060
Event: 44.016 Thread 0x000001fb25f3c860 DEOPT UNPACKING pc=0x000001fb11b62843 sp=0x000000366f8fd510 mode 0
Event: 44.112 Thread 0x000001fb25f3b050 DEOPT PACKING pc=0x000001fb1313b218 sp=0x000000366f9fdf80
Event: 44.112 Thread 0x000001fb25f3b050 DEOPT UNPACKING pc=0x000001fb11b62843 sp=0x000000366f9fd430 mode 0
Event: 44.112 Thread 0x000001fb25f3b050 DEOPT PACKING pc=0x000001fb1313b218 sp=0x000000366f9fde40
Event: 44.112 Thread 0x000001fb25f3b050 DEOPT UNPACKING pc=0x000001fb11b62843 sp=0x000000366f9fd2f0 mode 0
Event: 44.127 Thread 0x000001fb25f3b050 DEOPT PACKING pc=0x000001fb1219e4ce sp=0x000000366f9fd230
Event: 44.127 Thread 0x000001fb25f3b050 DEOPT UNPACKING pc=0x000001fb11b62843 sp=0x000000366f9fc6c8 mode 0
Event: 44.437 Thread 0x000001fb25f3cd30 Uncommon trap: trap_request=0xffffffc6 fr.pc=0x000001fb199ffaa0 relative=0x00000000000013a0
Event: 44.437 Thread 0x000001fb25f3cd30 Uncommon trap: reason=bimorphic_or_optimized_type_check action=maybe_recompile pc=0x000001fb199ffaa0 method=org.eclipse.jdt.internal.compiler.util.HashtableOfObjectToInt.put(Ljava/lang/Object;I)I @ 23 c2
Event: 44.437 Thread 0x000001fb25f3cd30 DEOPT PACKING pc=0x000001fb199ffaa0 sp=0x000000366fcfe890
Event: 44.437 Thread 0x000001fb25f3cd30 DEOPT UNPACKING pc=0x000001fb11b620a3 sp=0x000000366fcfe838 mode 2

Classes unloaded (7 events):
Event: 6.149 Thread 0x000001fb0ef46980 Unloading class 0x0000000100216400 'java/lang/invoke/LambdaForm$MH+0x0000000100216400'
Event: 6.149 Thread 0x000001fb0ef46980 Unloading class 0x0000000100216000 'java/lang/invoke/LambdaForm$MH+0x0000000100216000'
Event: 6.149 Thread 0x000001fb0ef46980 Unloading class 0x0000000100215c00 'java/lang/invoke/LambdaForm$MH+0x0000000100215c00'
Event: 6.149 Thread 0x000001fb0ef46980 Unloading class 0x0000000100215800 'java/lang/invoke/LambdaForm$MH+0x0000000100215800'
Event: 6.149 Thread 0x000001fb0ef46980 Unloading class 0x0000000100215000 'java/lang/invoke/LambdaForm$BMH+0x0000000100215000'
Event: 6.149 Thread 0x000001fb0ef46980 Unloading class 0x0000000100214c00 'java/lang/invoke/LambdaForm$DMH+0x0000000100214c00'
Event: 6.149 Thread 0x000001fb0ef46980 Unloading class 0x0000000100212000 'java/lang/invoke/LambdaForm$DMH+0x0000000100212000'

Classes redefined (0 events):
No events

Internal exceptions (20 events):
Event: 32.194 Thread 0x000001fb25f3c390 Exception <a 'java/lang/ArrayIndexOutOfBoundsException'{0x00000000ead5f038}> (0x00000000ead5f038) 
thrown [s\src\hotspot\share\runtime\sharedRuntime.cpp, line 628]
Event: 32.194 Thread 0x000001fb25f3c390 Exception <a 'java/lang/ArrayIndexOutOfBoundsException'{0x00000000ead5f4c0}> (0x00000000ead5f4c0) 
thrown [s\src\hotspot\share\runtime\sharedRuntime.cpp, line 628]
Event: 32.194 Thread 0x000001fb25f3c390 Exception <a 'java/lang/ArrayIndexOutOfBoundsException'{0x00000000ead5f8d0}> (0x00000000ead5f8d0) 
thrown [s\src\hotspot\share\runtime\sharedRuntime.cpp, line 628]
Event: 32.906 Thread 0x000001fb2b18a090 Exception <a 'java/lang/ArrayIndexOutOfBoundsException'{0x00000000ebad96f8}> (0x00000000ebad96f8) 
thrown [s\src\hotspot\share\runtime\sharedRuntime.cpp, line 628]
Event: 32.906 Thread 0x000001fb2b18a090 Exception <a 'java/lang/ArrayIndexOutOfBoundsException'{0x00000000ebad9b80}> (0x00000000ebad9b80) 
thrown [s\src\hotspot\share\runtime\sharedRuntime.cpp, line 628]
Event: 32.906 Thread 0x000001fb2b18a090 Exception <a 'java/lang/ArrayIndexOutOfBoundsException'{0x00000000ebad9f90}> (0x00000000ebad9f90) 
thrown [s\src\hotspot\share\runtime\sharedRuntime.cpp, line 628]
Event: 33.030 Thread 0x000001fb2b18a090 Exception <a 'java/lang/ArrayIndexOutOfBoundsException'{0x00000000eaca64d8}> (0x00000000eaca64d8) 
thrown [s\src\hotspot\share\runtime\sharedRuntime.cpp, line 628]
Event: 33.030 Thread 0x000001fb2b18a090 Exception <a 'java/lang/ArrayIndexOutOfBoundsException'{0x00000000eaca6960}> (0x00000000eaca6960) 
thrown [s\src\hotspot\share\runtime\sharedRuntime.cpp, line 628]
Event: 33.030 Thread 0x000001fb2b18a090 Exception <a 'java/lang/ArrayIndexOutOfBoundsException'{0x00000000eaca6d70}> (0x00000000eaca6d70) 
thrown [s\src\hotspot\share\runtime\sharedRuntime.cpp, line 628]
Event: 40.014 Thread 0x000001fb25f3b050 Exception <a 'java/lang/ArrayIndexOutOfBoundsException'{0x00000000eb86ba58}> (0x00000000eb86ba58) 
thrown [s\src\hotspot\share\runtime\sharedRuntime.cpp, line 628]
Event: 40.014 Thread 0x000001fb25f3b050 Exception <a 'java/lang/ArrayIndexOutOfBoundsException'{0x00000000eb86bee0}> (0x00000000eb86bee0) 
thrown [s\src\hotspot\share\runtime\sharedRuntime.cpp, line 628]
Event: 40.014 Thread 0x000001fb25f3b050 Exception <a 'java/lang/ArrayIndexOutOfBoundsException'{0x00000000eb86c2f0}> (0x00000000eb86c2f0) 
thrown [s\src\hotspot\share\runtime\sharedRuntime.cpp, line 628]
Event: 40.140 Thread 0x000001fb25f3b050 Exception <a 'java/lang/ArrayIndexOutOfBoundsException'{0x00000000eaffd9b0}> (0x00000000eaffd9b0) 
thrown [s\src\hotspot\share\runtime\sharedRuntime.cpp, line 628]
Event: 40.140 Thread 0x000001fb25f3b050 Exception <a 'java/lang/ArrayIndexOutOfBoundsException'{0x00000000eaffde38}> (0x00000000eaffde38) 
thrown [s\src\hotspot\share\runtime\sharedRuntime.cpp, line 628]
Event: 40.141 Thread 0x000001fb25f3b050 Exception <a 'java/lang/ArrayIndexOutOfBoundsException'{0x00000000eaffe248}> (0x00000000eaffe248) 
thrown [s\src\hotspot\share\runtime\sharedRuntime.cpp, line 628]
Event: 40.429 Thread 0x000001fb25f3cd30 Exception <a 'sun/nio/fs/WindowsException'{0x00000000eab1cfa0}> (0x00000000eab1cfa0) 
thrown [s\src\hotspot\share\prims\jni.cpp, line 516]
Event: 40.610 Thread 0x000001fb25f39d10 Exception <a 'java/lang/reflect/InvocationTargetException'{0x00000000eb2948b0}> (0x00000000eb2948b0) 
thrown [s\src\hotspot\share\runtime\reflection.cpp, line 1121]
Event: 41.312 Thread 0x000001fb25f39d10 Exception <a 'java/lang/reflect/InvocationTargetException'{0x00000000ebbeeb20}> (0x00000000ebbeeb20) 
thrown [s\src\hotspot\share\runtime\reflection.cpp, line 1121]
Event: 42.224 Thread 0x000001fb25f39d10 Exception <a 'java/lang/reflect/InvocationTargetException'{0x00000000eaccf408}> (0x00000000eaccf408) 
thrown [s\src\hotspot\share\runtime\reflection.cpp, line 1121]
Event: 42.331 Thread 0x000001fb25f3cd30 Exception <a 'sun/nio/fs/WindowsException'{0x00000000ead38480}> (0x00000000ead38480) 
thrown [s\src\hotspot\share\prims\jni.cpp, line 516]

VM Operations (20 events):
Event: 33.010 Executing VM operation: ParallelGCFailedAllocation
Event: 33.013 Executing VM operation: ParallelGCFailedAllocation done
Event: 34.013 Executing VM operation: Cleanup
Event: 34.014 Executing VM operation: Cleanup done
Event: 40.038 Executing VM operation: ParallelGCFailedAllocation
Event: 40.046 Executing VM operation: ParallelGCFailedAllocation done
Event: 40.401 Executing VM operation: ParallelGCFailedAllocation
Event: 40.406 Executing VM operation: ParallelGCFailedAllocation done
Event: 41.315 Executing VM operation: ParallelGCFailedAllocation
Event: 41.629 Executing VM operation: ParallelGCFailedAllocation done
Event: 42.180 Executing VM operation: ParallelGCFailedAllocation
Event: 42.189 Executing VM operation: ParallelGCFailedAllocation done
Event: 43.190 Executing VM operation: Cleanup
Event: 43.190 Executing VM operation: Cleanup done
Event: 43.446 Executing VM operation: HandshakeAllThreads
Event: 43.446 Executing VM operation: HandshakeAllThreads done
Event: 43.452 Executing VM operation: HandshakeAllThreads
Event: 43.452 Executing VM operation: HandshakeAllThreads done
Event: 43.812 Executing VM operation: ParallelGCFailedAllocation
Event: 43.822 Executing VM operation: ParallelGCFailedAllocation done

Events (20 events):
Event: 33.270 Thread 0x000001fb2b18aa30 Thread added: 0x000001fb2b18aa30
Event: 33.286 Thread 0x000001fb2b18aa30 Thread exited: 0x000001fb2b18aa30
Event: 41.199 Thread 0x000001fb2b187a10 Thread added: 0x000001fb2b187a10
Event: 41.285 Thread 0x000001fb2b187a10 Thread exited: 0x000001fb2b187a10
Event: 42.650 Thread 0x000001fb2b18c710 Thread added: 0x000001fb2b18c710
Event: 42.663 Thread 0x000001fb2b18c710 Thread exited: 0x000001fb2b18c710
Event: 43.443 loading class java/util/Spliterators$IntArraySpliterator
Event: 43.443 loading class java/util/Spliterators$IntArraySpliterator done
Event: 43.448 loading class java/util/stream/Nodes$IntSpinedNodeBuilder
Event: 43.449 loading class java/util/stream/Node$Builder$OfInt
Event: 43.449 loading class java/util/stream/Node$Builder$OfInt done
Event: 43.449 loading class java/util/stream/SpinedBuffer$OfInt
Event: 43.449 loading class java/util/stream/SpinedBuffer$OfPrimitive
Event: 43.449 loading class java/util/stream/SpinedBuffer$OfPrimitive done
Event: 43.449 loading class java/util/stream/SpinedBuffer$OfInt done
Event: 43.452 loading class java/util/stream/Nodes$IntSpinedNodeBuilder done
Event: 44.348 loading class java/util/stream/ReduceOps$2
Event: 44.348 loading class java/util/stream/ReduceOps$2 done
Event: 44.348 loading class java/util/stream/ReduceOps$2ReducingSink
Event: 44.348 loading class java/util/stream/ReduceOps$2ReducingSink done


Dynamic libraries:
0x00007ff752eb0000 - 0x00007ff752ebe000 	c:\Users\sujee\.vscode\extensions\redhat.java-1.13.0-win32-x64\jre\17.0.5-win32-x86_64\bin\java.exe
0x00007ffdaa5d0000 - 0x00007ffdaa7e4000 	C:\WINDOWS\SYSTEM32\ntdll.dll
0x00007ffda8de0000 - 0x00007ffda8ea2000 	C:\WINDOWS\System32\KERNEL32.DLL
0x00007ffda7fb0000 - 0x00007ffda834d000 	C:\WINDOWS\System32\KERNELBASE.dll
0x00007ffda49d0000 - 0x00007ffda4a67000 	C:\WINDOWS\SYSTEM32\apphelp.dll
0x00007ffda7df0000 - 0x00007ffda7f01000 	C:\WINDOWS\System32\ucrtbase.dll
0x00007ffda1f00000 - 0x00007ffda1f17000 	c:\Users\sujee\.vscode\extensions\redhat.java-1.13.0-win32-x64\jre\17.0.5-win32-x86_64\bin\jli.dll
0x00007ffda85f0000 - 0x00007ffda879a000 	C:\WINDOWS\System32\USER32.dll
0x00007ffda7dc0000 - 0x00007ffda7de6000 	C:\WINDOWS\System32\win32u.dll
0x00007ffda9690000 - 0x00007ffda96b9000 	C:\WINDOWS\System32\GDI32.dll
0x00007ffda7be0000 - 0x00007ffda7cf2000 	C:\WINDOWS\System32\gdi32full.dll
0x00007ffda7f10000 - 0x00007ffda7faa000 	C:\WINDOWS\System32\msvcp_win.dll
0x00007ffd9c740000 - 0x00007ffd9c759000 	c:\Users\sujee\.vscode\extensions\redhat.java-1.13.0-win32-x64\jre\17.0.5-win32-x86_64\bin\VCRUNTIME140.dll
0x00007ffd8e3c0000 - 0x00007ffd8e64e000 	C:\WINDOWS\WinSxS\amd64_microsoft.windows.common-controls_6595b64144ccf1df_6.0.22621.608_none_a9444ca7c10bb01d\COMCTL32.dll
0x00007ffda9750000 - 0x00007ffda97f7000 	C:\WINDOWS\System32\msvcrt.dll
0x00007ffda9860000 - 0x00007ffda9892000 	C:\WINDOWS\System32\IMM32.DLL
0x00007ffda2820000 - 0x00007ffda282c000 	c:\Users\sujee\.vscode\extensions\redhat.java-1.13.0-win32-x64\jre\17.0.5-win32-x86_64\bin\vcruntime140_1.dll
0x00007ffd8edb0000 - 0x00007ffd8ee41000 	c:\Users\sujee\.vscode\extensions\redhat.java-1.13.0-win32-x64\jre\17.0.5-win32-x86_64\bin\msvcp140.dll
0x00007ffd6bba0000 - 0x00007ffd6c7e4000 	c:\Users\sujee\.vscode\extensions\redhat.java-1.13.0-win32-x64\jre\17.0.5-win32-x86_64\bin\server\jvm.dll
0x00007ffdaa3e0000 - 0x00007ffdaa48e000 	C:\WINDOWS\System32\ADVAPI32.dll
0x00007ffda84d0000 - 0x00007ffda8574000 	C:\WINDOWS\System32\sechost.dll
0x00007ffdaa2c0000 - 0x00007ffdaa3d5000 	C:\WINDOWS\System32\RPCRT4.dll
0x00007ffda0a00000 - 0x00007ffda0a09000 	C:\WINDOWS\SYSTEM32\WSOCK32.dll
0x00007ffda87a0000 - 0x00007ffda8811000 	C:\WINDOWS\System32\WS2_32.dll
0x00007ffda0a50000 - 0x00007ffda0a84000 	C:\WINDOWS\SYSTEM32\WINMM.dll
0x00007ffd9d0d0000 - 0x00007ffd9d0da000 	C:\WINDOWS\SYSTEM32\VERSION.dll
0x00007ffda6a30000 - 0x00007ffda6a48000 	C:\WINDOWS\SYSTEM32\kernel.appcore.dll
0x00007ffd9fee0000 - 0x00007ffd9feea000 	c:\Users\sujee\.vscode\extensions\redhat.java-1.13.0-win32-x64\jre\17.0.5-win32-x86_64\bin\jimage.dll
0x00007ffda5650000 - 0x00007ffda587e000 	C:\WINDOWS\SYSTEM32\DBGHELP.DLL
0x00007ffda8a50000 - 0x00007ffda8dda000 	C:\WINDOWS\System32\combase.dll
0x00007ffda83f0000 - 0x00007ffda84c7000 	C:\WINDOWS\System32\OLEAUT32.dll
0x00007ffd9d2c0000 - 0x00007ffd9d2f2000 	C:\WINDOWS\SYSTEM32\dbgcore.DLL
0x00007ffda8350000 - 0x00007ffda83cb000 	C:\WINDOWS\System32\bcryptPrimitives.dll
0x00007ffd9f780000 - 0x00007ffd9f78e000 	c:\Users\sujee\.vscode\extensions\redhat.java-1.13.0-win32-x64\jre\17.0.5-win32-x86_64\bin\instrument.dll
0x00007ffd9c1d0000 - 0x00007ffd9c1f5000 	c:\Users\sujee\.vscode\extensions\redhat.java-1.13.0-win32-x64\jre\17.0.5-win32-x86_64\bin\java.dll
0x00007ffd9c710000 - 0x00007ffd9c728000 	c:\Users\sujee\.vscode\extensions\redhat.java-1.13.0-win32-x64\jre\17.0.5-win32-x86_64\bin\zip.dll
0x00007ffda8eb0000 - 0x00007ffda9690000 	C:\WINDOWS\System32\SHELL32.dll
0x00007ffda5880000 - 0x00007ffda6145000 	C:\WINDOWS\SYSTEM32\windows.storage.dll
0x00007ffda5510000 - 0x00007ffda564e000 	C:\WINDOWS\SYSTEM32\wintypes.dll
0x00007ffdaa490000 - 0x00007ffdaa581000 	C:\WINDOWS\System32\SHCORE.dll
0x00007ffda89e0000 - 0x00007ffda8a3e000 	C:\WINDOWS\System32\shlwapi.dll
0x00007ffda7930000 - 0x00007ffda7951000 	C:\WINDOWS\SYSTEM32\profapi.dll
0x00007ffd9c590000 - 0x00007ffd9c5a9000 	C:\Users\sujee\.vscode\extensions\redhat.java-1.13.0-win32-x64\jre\17.0.5-win32-x86_64\bin\net.dll
0x00007ffda0e10000 - 0x00007ffda0f3f000 	C:\WINDOWS\SYSTEM32\WINHTTP.dll
0x00007ffda6e80000 - 0x00007ffda6ee9000 	C:\WINDOWS\system32\mswsock.dll
0x00007ffd9bf70000 - 0x00007ffd9bf85000 	C:\Users\sujee\.vscode\extensions\redhat.java-1.13.0-win32-x64\jre\17.0.5-win32-x86_64\bin\nio.dll
0x00007ffd9c1c0000 - 0x00007ffd9c1d0000 	c:\Users\sujee\.vscode\extensions\redhat.java-1.13.0-win32-x64\jre\17.0.5-win32-x86_64\bin\verify.dll
0x00007ffd9bd70000 - 0x00007ffd9bdae000 	C:\Users\sujee\AppData\Roaming\Code\User\globalStorage\redhat.java\1.13.0\config_win\org.eclipse.equinox.launcher\org.eclipse.equinox.launcher.win32.win32.x86_64_1.2.600.v20220720-1916\eclipse_11700.dll
0x00007ffda9ae0000 - 0x00007ffda9c7c000 	C:\WINDOWS\System32\ole32.dll
0x00007ffda7190000 - 0x00007ffda71ab000 	C:\WINDOWS\SYSTEM32\CRYPTSP.dll
0x00007ffda69a0000 - 0x00007ffda69d5000 	C:\WINDOWS\system32\rsaenh.dll
0x00007ffda6f20000 - 0x00007ffda6f48000 	C:\WINDOWS\SYSTEM32\USERENV.dll
0x00007ffda72c0000 - 0x00007ffda72e8000 	C:\WINDOWS\SYSTEM32\bcrypt.dll
0x00007ffda7070000 - 0x00007ffda707c000 	C:\WINDOWS\SYSTEM32\CRYPTBASE.dll
0x00007ffda6640000 - 0x00007ffda666d000 	C:\WINDOWS\SYSTEM32\IPHLPAPI.DLL
0x00007ffda96c0000 - 0x00007ffda96c9000 	C:\WINDOWS\System32\NSI.dll
0x00007ffda0080000 - 0x00007ffda0099000 	C:\WINDOWS\SYSTEM32\dhcpcsvc6.DLL
0x00007ffda0060000 - 0x00007ffda007f000 	C:\WINDOWS\SYSTEM32\dhcpcsvc.DLL
0x00007ffda6670000 - 0x00007ffda6762000 	C:\WINDOWS\SYSTEM32\DNSAPI.dll
0x00007ffd9ad10000 - 0x00007ffd9ad50000 	C:\Users\sujee\AppData\Local\Temp\jna-109795560\jna7377761956237126443.dll
0x00007ffda9a10000 - 0x00007ffda9a18000 	C:\WINDOWS\System32\PSAPI.DLL

dbghelp: loaded successfully - version: 4.0.5 - missing functions: none
symbol engine: initialized successfully - sym options: 0x614 - pdb path: .;c:\Users\sujee\.vscode\extensions\redhat.java-1.13.0-win32-x64\jre\17.0.5-win32-x86_64\bin;C:\WINDOWS\SYSTEM32;C:\WINDOWS\WinSxS\amd64_microsoft.windows.common-controls_6595b64144ccf1df_6.0.22621.608_none_a9444ca7c10bb01d;c:\Users\sujee\.vscode\extensions\redhat.java-1.13.0-win32-x64\jre\17.0.5-win32-x86_64\bin\server;C:\Users\sujee\AppData\Roaming\Code\User\globalStorage\redhat.java\1.13.0\config_win\org.eclipse.equinox.launcher\org.eclipse.equinox.launcher.win32.win32.x86_64_1.2.600.v20220720-1916;C:\Users\sujee\AppData\Local\Temp\jna-109795560

VM Arguments:
jvm_args: --add-modules=ALL-SYSTEM --add-opens=java.base/java.util=ALL-UNNAMED --add-opens=java.base/java.lang=ALL-UNNAMED --add-opens=java.base/sun.nio.fs=ALL-UNNAMED -Declipse.application=org.eclipse.jdt.ls.core.id1 -Dosgi.bundles.defaultStartLevel=4 -Declipse.product=org.eclipse.jdt.ls.core.product -Djava.import.generatesMetadataFilesAtProjectRoot=false -Dfile.encoding=utf8 -XX:+UseParallelGC -XX:GCTimeRatio=4 -XX:AdaptiveSizePolicyWeight=90 -Dsun.zip.disableMemoryMapping=true -Xmx1G -Xms100m -Xlog:disable -javaagent:c:\Users\sujee\.vscode\extensions\redhat.java-1.13.0-win32-x64\lombok\lombok-1.18.24.jar -XX:+HeapDumpOnOutOfMemoryError -XX:HeapDumpPath=c:\Users\sujee\AppData\Roaming\Code\User\workspaceStorage\f0ec783a8a23ab05bb918e3ad906a61b\redhat.java 
java_command: c:\Users\sujee\.vscode\extensions\redhat.java-1.13.0-win32-x64\server\plugins\org.eclipse.equinox.launcher_1.6.400.v20210924-0641.jar -configuration c:\Users\sujee\AppData\Roaming\Code\User\globalStorage\redhat.java\1.13.0\config_win -data c:\Users\sujee\AppData\Roaming\Code\User\workspaceStorage\f0ec783a8a23ab05bb918e3ad906a61b\redhat.java\jdt_ws
java_class_path (initial): c:\Users\sujee\.vscode\extensions\redhat.java-1.13.0-win32-x64\server\plugins\org.eclipse.equinox.launcher_1.6.400.v20210924-0641.jar
Launcher Type: SUN_STANDARD

[Global flags]
    uintx AdaptiveSizePolicyWeight                 = 90                                        {product} {command line}
     intx CICompilerCount                          = 3                                         {product} {ergonomic}
    uintx GCTimeRatio                              = 4                                         {product} {command line}
     bool HeapDumpOnOutOfMemoryError               = true                                   {manageable} {command line}
    ccstr HeapDumpPath                             = c:\Users\sujee\AppData\Roaming\Code\User\workspaceStorage\f0ec783a8a23ab05bb918e3ad906a61b\redhat.java         {manageable} {command line}
   size_t InitialHeapSize                          = 104857600                                 {product} {command line}
   size_t MaxHeapSize                              = 1073741824                                {product} {command line}
   size_t MaxNewSize                               = 357564416                                 {product} {ergonomic}
   size_t MinHeapDeltaBytes                        = 524288                                    {product} {ergonomic}
   size_t MinHeapSize                              = 104857600                                 {product} {command line}
   size_t NewSize                                  = 34603008                                  {product} {ergonomic}
    uintx NonNMethodCodeHeapSize                   = 5832780                                {pd product} {ergonomic}
    uintx NonProfiledCodeHeapSize                  = 122912730                              {pd product} {ergonomic}
   size_t OldSize                                  = 70254592                                  {product} {ergonomic}
    uintx ProfiledCodeHeapSize                     = 122912730                              {pd product} {ergonomic}
    uintx ReservedCodeCacheSize                    = 251658240                              {pd product} {ergonomic}
     bool SegmentedCodeCache                       = true                                      {product} {ergonomic}
   size_t SoftMaxHeapSize                          = 1073741824                             {manageable} {ergonomic}
     bool UseCompressedClassPointers               = true                           {product lp64_product} {ergonomic}
     bool UseCompressedOops                        = true                           {product lp64_product} {ergonomic}
     bool UseLargePagesIndividualAllocation        = false                                  {pd product} {ergonomic}
     bool UseParallelGC                            = true                                      {product} {command line}

Logging:
Log output configuration:
 #0: stdout all=off uptime,level,tags
 #1: stderr all=off uptime,level,tags

Environment Variables:
PATH=C:\Program Files\Common Files\Oracle\Java\javapath;C:\WINDOWS\system32;C:\WINDOWS;C:\WINDOWS\System32\Wbem;C:\WINDOWS\System32\WindowsPowerShell\v1.0\;C:\WINDOWS\System32\OpenSSH\;C:\Program Files\nodejs\;C:\Program Files\Git\cmd;C:\Users\sujee\AppData\Local\Microsoft\WindowsApps;;C:\Users\sujee\AppData\Local\Programs\Microsoft VS Code\bin;C:\Users\sujee\AppData\Roaming\npm
USERNAME=sujee
OS=Windows_NT
PROCESSOR_IDENTIFIER=AMD64 Family 23 Model 24 Stepping 1, AuthenticAMD
TMP=C:\Users\sujee\AppData\Local\Temp
TEMP=C:\Users\sujee\AppData\Local\Temp



---------------  S Y S T E M  ---------------

OS:
 Windows 11 , 64 bit Build 22621 (10.0.22621.755)
OS uptime: 3 days 0:19 hours
Hyper-V role detected

CPU: total 4 (initial active 4) (4 cores per cpu, 2 threads per core) family 23 model 24 stepping 1 microcode 0x0, cx8, cmov, fxsr, ht, mmx, 3dnowpref, sse, sse2, sse3, ssse3, sse4a, sse4.1, sse4.2, popcnt, lzcnt, tsc, tscinvbit, avx, avx2, aes, clmul, bmi1, bmi2, adx, sha, fma, vzeroupper, clflush, clflushopt, hv

Memory: 4k page, system-wide physical 3460M (306M free)
TotalPageFile size 7172M (AvailPageFile size 1639M)
current process WorkingSet (physical memory assigned to process): 273M, peak: 284M
current process commit charge ("private bytes"): 312M, peak: 325M

vm_info: OpenJDK 64-Bit Server VM (17.0.5+8) for windows-amd64 JRE (17.0.5+8), built on Oct 19 2022 04:48:13 by "temurin" with MS VC++ 16.7 (VS2019)

END.
