#
# A fatal error has been detected by the Java Runtime Environment:
#
#  EXCEPTION_ACCESS_VIOLATION (0xc0000005) at pc=0x00007ffd6bf07cd0, pid=7848, tid=8008
#
# JRE version: OpenJDK Runtime Environment Temurin-17.0.5+8 (17.0.5+8) (build 17.0.5+8)
# Java VM: OpenJDK 64-Bit Server VM Temurin-17.0.5+8 (17.0.5+8, mixed mode, tiered, compressed oops, compressed class ptrs, parallel gc, windows-amd64)
# Problematic frame:
# V  [jvm.dll+0x367cd0]
#
# No core dump will be written. Minidumps are not enabled by default on client versions of Windows
#
# If you would like to submit a bug report, please visit:
#   https://github.com/adoptium/adoptium-support/issues
#

---------------  S U M M A R Y ------------

Command Line: --add-modules=ALL-SYSTEM --add-opens=java.base/java.util=ALL-UNNAMED --add-opens=java.base/java.lang=ALL-UNNAMED --add-opens=java.base/sun.nio.fs=ALL-UNNAMED -Declipse.application=org.eclipse.jdt.ls.core.id1 -Dosgi.bundles.defaultStartLevel=4 -Declipse.product=org.eclipse.jdt.ls.core.product -Djava.import.generatesMetadataFilesAtProjectRoot=false -Dfile.encoding=utf8 -XX:+UseParallelGC -XX:GCTimeRatio=4 -XX:AdaptiveSizePolicyWeight=90 -Dsun.zip.disableMemoryMapping=true -Xmx1G -Xms100m -Xlog:disable -javaagent:c:\Users\sujee\.vscode\extensions\redhat.java-1.13.0-win32-x64\lombok\lombok-1.18.24.jar -XX:+HeapDumpOnOutOfMemoryError -XX:HeapDumpPath=c:\Users\sujee\AppData\Roaming\Code\User\workspaceStorage\f0ec783a8a23ab05bb918e3ad906a61b\redhat.java c:\Users\sujee\.vscode\extensions\redhat.java-1.13.0-win32-x64\server\plugins\org.eclipse.equinox.launcher_1.6.400.v20210924-0641.jar -configuration c:\Users\sujee\AppData\Roaming\Code\User\globalStorage\redhat.java\1.13.0\config_win -data c:\Users\sujee\AppData\Roaming\Code\User\workspaceStorage\f0ec783a8a23ab05bb918e3ad906a61b\redhat.java\jdt_ws

Host: AMD Ryzen 3 3200U with Radeon Vega Mobile Gfx  , 4 cores, 3G,  Windows 11 , 64 bit Build 22621 (10.0.22621.755)
Time: Sat Dec 10 15:49:02 2022 India Standard Time elapsed time: 86.849378 seconds (0d 0h 1m 26s)

---------------  T H R E A D  ---------------

Current thread (0x000001afd6cbe020):  JavaThread "C2 CompilerThread0" daemon [_thread_in_native, id=8008, stack(0x000000361e000000,0x000000361e100000)]


Current CompileTask:
C2:  86849 10057   !   4       org.eclipse.jdt.internal.core.NameLookup::findType (612 bytes)

Stack: [0x000000361e000000,0x000000361e100000],  sp=0x000000361e0fb890,  free space=1006k
Native frames: (J=compiled Java code, j=interpreted, Vv=VM code, C=native code)
V  [jvm.dll+0x367cd0]
V  [jvm.dll+0x361101]
V  [jvm.dll+0x1bb2ef]
V  [jvm.dll+0x217ca9]
V  [jvm.dll+0x216f71]
V  [jvm.dll+0x1a343d]
V  [jvm.dll+0x22698a]
V  [jvm.dll+0x224ac5]
V  [jvm.dll+0x7e727b]
V  [jvm.dll+0x7e17ea]
V  [jvm.dll+0x6759e5]
C  [ucrtbase.dll+0x29363]
C  [KERNEL32.DLL+0x1244d]
C  [ntdll.dll+0x5dfb8]


siginfo: EXCEPTION_ACCESS_VIOLATION (0xc0000005), reading address 0x00007ffd7c707db8


Register to memory mapping:

RIP=0x00007ffd6bf07cd0 jvm.dll
RAX=0x0 is NULL
RBX=0x000000361e0fb8e0 is pointing into the stack for thread: 0x000001afd6cbe020
RCX=0x0 is NULL
RDX=0x00007ffd7c707db8 is an unknown value
RSP=0x000000361e0fb890 is pointing into the stack for thread: 0x000001afd6cbe020
RBP=0x000000361e0fb9f0 is pointing into the stack for thread: 0x000001afd6cbe020
RSI=0x00007ffd6c707db8 jvm.dll
RDI=0x0000000000000005 is an unknown value
R8 =0x0000040000000000 is an unknown value
R9 =0x0000000000000004 is an unknown value
R10=0x0000000000000003 is an unknown value
R11=0x000001afdc887000 points into unknown readable memory: 0x0000000000000400 | 00 04 00 00 00 00 00 00
R12=0x0 is NULL
R13=0x000001afc0f9cd40 points into unknown readable memory: 0x0000000000000000 | 00 00 00 00 00 00 00 00
R14=0x000000000000002a is an unknown value
R15=0x00007ffd6c707db8 jvm.dll


Registers:
RAX=0x0000000000000000, RBX=0x000000361e0fb8e0, RCX=0x0000000000000000, RDX=0x00007ffd7c707db8
RSP=0x000000361e0fb890, RBP=0x000000361e0fb9f0, RSI=0x00007ffd6c707db8, RDI=0x0000000000000005
R8 =0x0000040000000000, R9 =0x0000000000000004, R10=0x0000000000000003, R11=0x000001afdc887000
R12=0x0000000000000000, R13=0x000001afc0f9cd40, R14=0x000000000000002a, R15=0x00007ffd6c707db8
RIP=0x00007ffd6bf07cd0, EFLAGS=0x0000000000010246

Top of Stack: (sp=0x000000361e0fb890)
0x000000361e0fb890:   000001afd6c99910 000001afdab54000
0x000000361e0fb8a0:   00000000002fc110 00007ffd6c4fe668
0x000000361e0fb8b0:   000001afdcbd1690 00007ffd6bf01101
0x000000361e0fb8c0:   0000000000002cea 0000000000002cea
0x000000361e0fb8d0:   000001afd6c99900 0000000000000000
0x000000361e0fb8e0:   0000000000000000 000000010000000a
0x000000361e0fb8f0:   0000002d00000001 00007ffd7c707db8
0x000000361e0fb900:   000001afdc98b620 000001afdcd92290
0x000000361e0fb910:   00000000000003d8 0000000000000000
0x000000361e0fb920:   000000361e0fba30 00007ffd6bd5b2ef
0x000000361e0fb930:   000000361e0fbd90 000000361e0fbe70
0x000000361e0fb940:   000001afd91d1e00 000001afd91d1df0
0x000000361e0fb950:   0000000000000000 000000361e0fba10
0x000000361e0fb960:   0000000000000006 000001afd91d1df0
0x000000361e0fb970:   000001afdda2cfb0 000001afdda2f600
0x000000361e0fb980:   000001afdda34f98 0000000000ed0830 

Instructions: (pc=0x00007ffd6bf07cd0)
0x00007ffd6bf07bd0:   48 8b a8 80 00 00 00 48 8b 8d d0 08 00 00 48 85
0x00007ffd6bf07be0:   c9 75 0c e8 e8 0b 00 00 48 8b 8d d0 08 00 00 48
0x00007ffd6bf07bf0:   8b 01 0f 57 c0 48 89 85 d0 08 00 00 0f 11 01 0f
0x00007ffd6bf07c00:   11 41 10 41 0f 10 06 0f 11 01 41 0f 10 4e 10 0f
0x00007ffd6bf07c10:   11 49 10 48 8b 43 08 48 89 0c 06 ff c7 ba 50 00
0x00007ffd6bf07c20:   00 00 3b bb 90 00 00 00 0f 82 62 ff ff ff 4c 8b
0x00007ffd6bf07c30:   74 24 60 4c 8b 6c 24 58 4c 8b 64 24 50 48 8b c3
0x00007ffd6bf07c40:   48 83 c4 20 41 5f 5f 5e 5d 5b c3 cc cc cc cc cc
0x00007ffd6bf07c50:   40 53 48 83 ec 20 8b 51 0c 48 8b d9 83 fa 04 73
0x00007ffd6bf07c60:   2a 4c 8b 59 18 66 66 66 0f 1f 84 00 00 00 00 00
0x00007ffd6bf07c70:   44 8b d2 44 8d 4a 01 4b 83 3c d3 00 0f 85 8f 00
0x00007ffd6bf07c80:   00 00 41 8b d1 41 83 f9 04 72 e5 48 89 74 24 30
0x00007ffd6bf07c90:   48 89 7c 24 38 8b 79 10 3b 79 14 73 62 48 8d 35
0x00007ffd6bf07ca0:   14 01 80 00 0f 1f 40 00 0f 1f 84 00 00 00 00 00
0x00007ffd6bf07cb0:   48 8b 43 20 8b cf 48 8b 14 c8 48 3b d6 74 39 33
0x00007ffd6bf07cc0:   c0 48 89 53 18 33 c9 66 0f 1f 84 00 00 00 00 00
0x00007ffd6bf07cd0:   48 83 3c 11 00 44 8d 48 01 75 6f 48 83 c1 08 41
0x00007ffd6bf07ce0:   8b c1 41 83 f9 04 72 e8 48 8b 4b 28 48 85 c9 74
0x00007ffd6bf07cf0:   07 8b d7 e8 58 01 00 00 ff c7 3b 7b 14 72 b1 48
0x00007ffd6bf07d00:   8b 74 24 30 33 c0 48 8b 7c 24 38 48 83 c4 20 5b
0x00007ffd6bf07d10:   c3 8b 41 10 44 8d 04 82 41 c1 e0 06 41 81 c0 00
0x00007ffd6bf07d20:   ff ff ff 44 89 41 08 4b 8b 14 d3 48 0f bc c2 44
0x00007ffd6bf07d30:   89 49 0c 8b c8 48 d3 ea 48 ff ca 41 03 c0 48 89
0x00007ffd6bf07d40:   13 89 43 08 48 83 c4 20 5b c3 48 8b 74 24 30 44
0x00007ffd6bf07d50:   8d 04 b8 8b c8 8d 47 01 48 8b 7c 24 38 41 c1 e0
0x00007ffd6bf07d60:   06 44 89 43 08 48 8b 14 ca 89 43 10 48 0f bc c2
0x00007ffd6bf07d70:   44 89 4b 0c 8b c8 48 d3 ea 48 ff ca 41 03 c0 48
0x00007ffd6bf07d80:   89 13 89 43 08 48 83 c4 20 5b c3 cc cc cc cc cc
0x00007ffd6bf07d90:   40 53 48 83 ec 20 65 48 8b 04 25 58 00 00 00 8b
0x00007ffd6bf07da0:   0d d3 e6 83 00 48 8b 1c c8 b8 50 00 00 00 80 3c
0x00007ffd6bf07db0:   18 00 75 05 e8 07 46 52 00 b8 20 00 00 00 48 8b
0x00007ffd6bf07dc0:   04 18 48 8b 88 d0 04 00 00 48 8b 99 80 00 00 00 


Stack slot to memory mapping:
stack at sp + 0 slots: 0x000001afd6c99910 points into unknown readable memory: 0x4200a21c00000006 | 06 00 00 00 1c a2 00 42
stack at sp + 1 slots: 0x000001afdab54000 points into unknown readable memory: 0x0000000000000000 | 00 00 00 00 00 00 00 00
stack at sp + 2 slots: 0x00000000002fc110 is an unknown value
stack at sp + 3 slots: 0x00007ffd6c4fe668 jvm.dll
stack at sp + 4 slots: 0x000001afdcbd1690 points into unknown readable memory: 0x0000002d00000afc | fc 0a 00 00 2d 00 00 00
stack at sp + 5 slots: 0x00007ffd6bf01101 jvm.dll
stack at sp + 6 slots: 0x0000000000002cea is an unknown value
stack at sp + 7 slots: 0x0000000000002cea is an unknown value


---------------  P R O C E S S  ---------------

Threads class SMR info:
_java_thread_list=0x000001afddae3c10, length=31, elements={
0x000001afc0f3af50, 0x000001afd6c81040, 0x000001afd6c81f20, 0x000001afd6c95cb0,
0x000001afd6c96570, 0x000001afd6c96e30, 0x000001afd6c976f0, 0x000001afd6cbe020,
0x000001afc0fedb20, 0x000001afc0fee7d0, 0x000001afd86dc3c0, 0x000001afd88296a0,
0x000001afd8989970, 0x000001afd90f0930, 0x000001afd9c009c0, 0x000001afd909baa0,
0x000001afd907f040, 0x000001afd8fcf2a0, 0x000001afd891b540, 0x000001afd891bee0,
0x000001afd891ba10, 0x000001afd891d6f0, 0x000001afd891c3b0, 0x000001afd891ea30,
0x000001afd891e090, 0x000001afd891b070, 0x000001afd891e560, 0x000001afd891d220,
0x000001afe7bc97b0, 0x000001afe7bc5450, 0x000001afe7bc5920
}

Java Threads: ( => current thread )
  0x000001afc0f3af50 JavaThread "main" [_thread_blocked, id=5984, stack(0x000000361d700000,0x000000361d800000)]
  0x000001afd6c81040 JavaThread "Reference Handler" daemon [_thread_blocked, id=12708, stack(0x000000361da00000,0x000000361db00000)]
  0x000001afd6c81f20 JavaThread "Finalizer" daemon [_thread_blocked, id=1532, stack(0x000000361db00000,0x000000361dc00000)]
  0x000001afd6c95cb0 JavaThread "Signal Dispatcher" daemon [_thread_blocked, id=2720, stack(0x000000361dc00000,0x000000361dd00000)]
  0x000001afd6c96570 JavaThread "Attach Listener" daemon [_thread_blocked, id=8240, stack(0x000000361dd00000,0x000000361de00000)]
  0x000001afd6c96e30 JavaThread "Service Thread" daemon [_thread_blocked, id=1900, stack(0x000000361de00000,0x000000361df00000)]
  0x000001afd6c976f0 JavaThread "Monitor Deflation Thread" daemon [_thread_blocked, id=1492, stack(0x000000361df00000,0x000000361e000000)]
=>0x000001afd6cbe020 JavaThread "C2 CompilerThread0" daemon [_thread_in_native, id=8008, stack(0x000000361e000000,0x000000361e100000)]
  0x000001afc0fedb20 JavaThread "C1 CompilerThread0" daemon [_thread_blocked, id=7096, stack(0x000000361e100000,0x000000361e200000)]
  0x000001afc0fee7d0 JavaThread "Sweeper thread" daemon [_thread_blocked, id=11544, stack(0x000000361e200000,0x000000361e300000)]
  0x000001afd86dc3c0 JavaThread "Common-Cleaner" daemon [_thread_blocked, id=6828, stack(0x000000361e300000,0x000000361e400000)]
  0x000001afd88296a0 JavaThread "Notification Thread" daemon [_thread_blocked, id=13200, stack(0x000000361e400000,0x000000361e500000)]
  0x000001afd8989970 JavaThread "Active Thread: Equinox Container: c7f0c562-e497-4943-9270-7cbce69eec6e" [_thread_blocked, id=9124, stack(0x000000361e900000,0x000000361ea00000)]
  0x000001afd90f0930 JavaThread "Framework Event Dispatcher: Equinox Container: c7f0c562-e497-4943-9270-7cbce69eec6e" daemon [_thread_blocked, id=6348, stack(0x000000361eb00000,0x000000361ec00000)]
  0x000001afd9c009c0 JavaThread "Start Level: Equinox Container: c7f0c562-e497-4943-9270-7cbce69eec6e" daemon [_thread_blocked, id=576, stack(0x000000361ec00000,0x000000361ed00000)]
  0x000001afd909baa0 JavaThread "SCR Component Actor" daemon [_thread_blocked, id=4056, stack(0x000000361ea00000,0x000000361eb00000)]
  0x000001afd907f040 JavaThread "Worker-JM" [_thread_blocked, id=9188, stack(0x000000361ee00000,0x000000361ef00000)]
  0x000001afd8fcf2a0 JavaThread "Worker-0" [_thread_blocked, id=13376, stack(0x000000361ef00000,0x000000361f000000)]
  0x000001afd891b540 JavaThread "Worker-1" [_thread_blocked, id=476, stack(0x000000361f000000,0x000000361f100000)]
  0x000001afd891bee0 JavaThread "Worker-2" [_thread_blocked, id=7964, stack(0x000000361f200000,0x000000361f300000)]
  0x000001afd891ba10 JavaThread "Worker-3" [_thread_blocked, id=8176, stack(0x000000361f100000,0x000000361f200000)]
  0x000001afd891d6f0 JavaThread "Java indexing" daemon [_thread_blocked, id=4376, stack(0x000000361f300000,0x000000361f400000)]
  0x000001afd891c3b0 JavaThread "JNA Cleaner" daemon [_thread_blocked, id=1476, stack(0x000000361ed00000,0x000000361ee00000)]
  0x000001afd891ea30 JavaThread "pool-2-thread-1" [_thread_blocked, id=7968, stack(0x000000361f400000,0x000000361f500000)]
  0x000001afd891e090 JavaThread "pool-1-thread-1" [_thread_in_native, id=11908, stack(0x000000361f500000,0x000000361f600000)]
  0x000001afd891b070 JavaThread "ForkJoinPool.commonPool-worker-1" daemon [_thread_blocked, id=12720, stack(0x000000361f600000,0x000000361f700000)]
  0x000001afd891e560 JavaThread "Worker-4" [_thread_blocked, id=12984, stack(0x000000361f700000,0x000000361f800000)]
  0x000001afd891d220 JavaThread "ForkJoinPool.commonPool-worker-2" daemon [_thread_blocked, id=7636, stack(0x000000361f800000,0x000000361f900000)]
  0x000001afe7bc97b0 JavaThread "ForkJoinPool.commonPool-worker-3" daemon [_thread_blocked, id=11020, stack(0x000000361fb00000,0x000000361fc00000)]
  0x000001afe7bc5450 JavaThread "Worker-5" [_thread_blocked, id=13308, stack(0x000000361fc00000,0x000000361fd00000)]
  0x000001afe7bc5920 JavaThread "Bundle File Closer" daemon [_thread_blocked, id=12564, stack(0x000000361d500000,0x000000361d600000)]

Other Threads:
  0x000001afd6c67cb0 VMThread "VM Thread" [stack: 0x000000361d900000,0x000000361da00000] [id=14184]
  0x000001afd8829b70 WatcherThread [stack: 0x000000361e500000,0x000000361e600000] [id=7172]
  0x000001afc0f4f920 GCTaskThread "GC Thread#0" [stack: 0x000000361d800000,0x000000361d900000] [id=5464]
  0x000001afd91ea380 GCTaskThread "GC Thread#1" [stack: 0x000000361e600000,0x000000361e700000] [id=12252]
  0x000001afd8e74020 GCTaskThread "GC Thread#2" [stack: 0x000000361e700000,0x000000361e800000] [id=11628]
  0x000001afd8e742d0 GCTaskThread "GC Thread#3" [stack: 0x000000361e800000,0x000000361e900000] [id=2260]

Threads with active compile tasks:
C2 CompilerThread0    86946 10057   !   4       org.eclipse.jdt.internal.core.NameLookup::findType (612 bytes)

VM state: not at safepoint (normal execution)

VM Mutex/Monitor currently owned by a thread: None

Heap address: 0x00000000c0000000, size: 1024 MB, Compressed Oops mode: 32-bit

CDS archive(s) not mapped
Compressed class space mapped at: 0x0000000100000000-0x0000000140000000, reserved size: 1073741824
Narrow klass base: 0x0000000000000000, Narrow klass shift: 3, Narrow klass range: 0x140000000

GC Precious Log:
 CPUs: 4 total, 4 available
 Memory: 3460M
 Large Page Support: Disabled
 NUMA Support: Disabled
 Compressed Oops: Enabled (32-bit)
 Alignments: Space 512K, Generation 512K, Heap 2M
 Heap Min Capacity: 100M
 Heap Initial Capacity: 100M
 Heap Max Capacity: 1G
 Pre-touch: Disabled
 Parallel Workers: 4

Heap:
 PSYoungGen      total 2048K, used 1014K [0x00000000eab00000, 0x00000000eae00000, 0x0000000100000000)
  eden space 1536K, 57% used [0x00000000eab00000,0x00000000eabddb58,0x00000000eac80000)
  from space 512K, 25% used [0x00000000ead00000,0x00000000ead20000,0x00000000ead80000)
  to   space 512K, 0% used [0x00000000ead80000,0x00000000ead80000,0x00000000eae00000)
 ParOldGen       total 107008K, used 89570K [0x00000000c0000000, 0x00000000c6880000, 0x00000000eab00000)
  object space 107008K, 83% used [0x00000000c0000000,0x00000000c5778b80,0x00000000c6880000)
 Metaspace       used 66014K, committed 67072K, reserved 1114112K
  class space    used 6753K, committed 7232K, reserved 1048576K

Card table byte_map: [0x000001afd4560000,0x000001afd4770000] _byte_map_base: 0x000001afd3f60000

Marking Bits: (ParMarkBitMap*) 0x00007ffd6c720dd0
 Begin Bits: [0x000001afd48d0000, 0x000001afd58d0000)
 End Bits:   [0x000001afd58d0000, 0x000001afd68d0000)

Polling page: 0x000001afc0dc0000

Metaspace:

Usage:
  Non-class:     57.87 MB used.
      Class:      6.60 MB used.
       Both:     64.47 MB used.

Virtual space:
  Non-class space:       64.00 MB reserved,      58.44 MB ( 91%) committed,  8 nodes.
      Class space:        1.00 GB reserved,       7.06 MB ( <1%) committed,  1 nodes.
             Both:        1.06 GB reserved,      65.50 MB (  6%) committed. 

Chunk freelists:
   Non-Class:  928.00 KB
       Class:  962.00 KB
        Both:  1.85 MB

MaxMetaspaceSize: unlimited
CompressedClassSpaceSize: 1.00 GB
Initial GC threshold: 21.00 MB
Current GC threshold: 108.44 MB
CDS: off
MetaspaceReclaimPolicy: balanced
 - commit_granule_bytes: 65536.
 - commit_granule_words: 8192.
 - virtual_space_node_default_size: 1048576.
 - enlarge_chunks_in_place: 1.
 - new_chunks_are_fully_committed: 0.
 - uncommit_free_chunks: 1.
 - use_allocation_guard: 0.
 - handle_deallocations: 1.


Internal statistics:

num_allocs_failed_limit: 9.
num_arena_births: 500.
num_arena_deaths: 14.
num_vsnodes_births: 9.
num_vsnodes_deaths: 0.
num_space_committed: 1048.
num_space_uncommitted: 0.
num_chunks_returned_to_freelist: 23.
num_chunks_taken_from_freelist: 3107.
num_chunk_merges: 13.
num_chunk_splits: 1947.
num_chunks_enlarged: 1185.
num_purges: 2.
num_inconsistent_stats: 0.

CodeHeap 'non-profiled nmethods': size=120000Kb used=5796Kb max_used=5796Kb free=114204Kb
 bounds [0x000001afcce50000, 0x000001afcd400000, 0x000001afd4380000]
CodeHeap 'profiled nmethods': size=120000Kb used=19836Kb max_used=19836Kb free=100163Kb
 bounds [0x000001afc5920000, 0x000001afc6c90000, 0x000001afcce50000]
CodeHeap 'non-nmethods': size=5760Kb used=1350Kb max_used=1418Kb free=4409Kb
 bounds [0x000001afc5380000, 0x000001afc55f0000, 0x000001afc5920000]
 total_blobs=9426 nmethods=8737 adapters=601
 compilation: enabled
              stopped_count=0, restarted_count=0
 full_count=0

Compilation events (20 events):
Event: 86.577 Thread 0x000001afc0fedb20 10093       3       org.eclipse.jdt.internal.compiler.lookup.SourceTypeBinding::getImplicitMethod (84 bytes)
Event: 86.578 Thread 0x000001afc0fedb20 nmethod 10093 0x000001afc6c78710 code [0x000001afc6c78900, 0x000001afc6c78f88]
Event: 86.578 Thread 0x000001afc0fedb20 10094       3       org.eclipse.jdt.core.dom.ASTVisitor::endVisit (1 bytes)
Event: 86.579 Thread 0x000001afc0fedb20 nmethod 10094 0x000001afc6c79210 code [0x000001afc6c793a0, 0x000001afc6c794b8]
Event: 86.579 Thread 0x000001afc0fedb20 10095       3       org.eclipse.jdt.core.dom.ASTVisitor::endVisit (1 bytes)
Event: 86.579 Thread 0x000001afc0fedb20 nmethod 10095 0x000001afc6c79590 code [0x000001afc6c79720, 0x000001afc6c79838]
Event: 86.579 Thread 0x000001afc0fedb20 10096       3       org.eclipse.jdt.core.dom.ASTVisitor::endVisit (1 bytes)
Event: 86.580 Thread 0x000001afc0fedb20 nmethod 10096 0x000001afc6c79910 code [0x000001afc6c79aa0, 0x000001afc6c79bb8]
Event: 86.671 Thread 0x000001afc0fedb20 10097       3       org.eclipse.core.internal.resources.ProjectContentTypes$ProjectContentTypeSelectionPolicy::getName (10 bytes)
Event: 86.672 Thread 0x000001afc0fedb20 nmethod 10097 0x000001afc6c79c90 code [0x000001afc6c79e60, 0x000001afc6c7a318]
Event: 86.672 Thread 0x000001afc0fedb20 10098       3       org.eclipse.core.internal.resources.ProjectContentTypes$ProjectContentTypeSelectionPolicy::getLocation (10 bytes)
Event: 86.673 Thread 0x000001afc0fedb20 nmethod 10098 0x000001afc6c7a510 code [0x000001afc6c7a6e0, 0x000001afc6c7ab98]
Event: 86.690 Thread 0x000001afc0fedb20 10099       3       java.util.Arrays::binarySearch0 (83 bytes)
Event: 86.691 Thread 0x000001afc0fedb20 nmethod 10099 0x000001afc6c7ad90 code [0x000001afc6c7af60, 0x000001afc6c7b3e8]
Event: 86.713 Thread 0x000001afc0fedb20 10101       3       java.lang.ThreadLocal$ThreadLocalMap::setThreshold (10 bytes)
Event: 86.713 Thread 0x000001afc0fedb20 nmethod 10101 0x000001afc6c7b590 code [0x000001afc6c7b720, 0x000001afc6c7b858]
Event: 86.713 Thread 0x000001afc0fedb20 10102       3       org.eclipse.jface.text.AbstractDocument::getChar (31 bytes)
Event: 86.714 Thread 0x000001afc0fedb20 nmethod 10102 0x000001afc6c7b910 code [0x000001afc6c7bb20, 0x000001afc6c7c2c8]
Event: 86.714 Thread 0x000001afc0fedb20 10103       3       org.eclipse.jface.text.CopyOnWriteTextStore::get (11 bytes)
Event: 86.714 Thread 0x000001afc0fedb20 nmethod 10103 0x000001afc6c7c590 code [0x000001afc6c7c740, 0x000001afc6c7c908]

GC Heap History (20 events):
Event: 84.861 GC heap before
{Heap before GC invocations=146 (full 7):
 PSYoungGen      total 3072K, used 2914K [0x00000000eab00000, 0x00000000eaf00000, 0x0000000100000000)
  eden space 2048K, 98% used [0x00000000eab00000,0x00000000eacf8be8,0x00000000ead00000)
  from space 1024K, 87% used [0x00000000eae00000,0x00000000eaee0000,0x00000000eaf00000)
  to   space 1024K, 0% used [0x00000000ead00000,0x00000000ead00000,0x00000000eae00000)
 ParOldGen       total 107008K, used 87830K [0x00000000c0000000, 0x00000000c6880000, 0x00000000eab00000)
  object space 107008K, 82% used [0x00000000c0000000,0x00000000c55c5900,0x00000000c6880000)
 Metaspace       used 65927K, committed 67008K, reserved 1114112K
  class space    used 6753K, committed 7232K, reserved 1048576K
}
Event: 84.863 GC heap after
{Heap after GC invocations=146 (full 7):
 PSYoungGen      total 3072K, used 592K [0x00000000eab00000, 0x00000000eaf00000, 0x0000000100000000)
  eden space 2048K, 0% used [0x00000000eab00000,0x00000000eab00000,0x00000000ead00000)
  from space 1024K, 57% used [0x00000000ead00000,0x00000000ead94010,0x00000000eae00000)
  to   space 1024K, 0% used [0x00000000eae00000,0x00000000eae00000,0x00000000eaf00000)
 ParOldGen       total 107008K, used 87830K [0x00000000c0000000, 0x00000000c6880000, 0x00000000eab00000)
  object space 107008K, 82% used [0x00000000c0000000,0x00000000c55c5900,0x00000000c6880000)
 Metaspace       used 65927K, committed 67008K, reserved 1114112K
  class space    used 6753K, committed 7232K, reserved 1048576K
}
Event: 85.027 GC heap before
{Heap before GC invocations=147 (full 7):
 PSYoungGen      total 3072K, used 2640K [0x00000000eab00000, 0x00000000eaf00000, 0x0000000100000000)
  eden space 2048K, 99% used [0x00000000eab00000,0x00000000eacffff8,0x00000000ead00000)
  from space 1024K, 57% used [0x00000000ead00000,0x00000000ead94010,0x00000000eae00000)
  to   space 1024K, 0% used [0x00000000eae00000,0x00000000eae00000,0x00000000eaf00000)
 ParOldGen       total 107008K, used 87830K [0x00000000c0000000, 0x00000000c6880000, 0x00000000eab00000)
  object space 107008K, 82% used [0x00000000c0000000,0x00000000c55c5900,0x00000000c6880000)
 Metaspace       used 65931K, committed 67008K, reserved 1114112K
  class space    used 6753K, committed 7232K, reserved 1048576K
}
Event: 85.029 GC heap after
{Heap after GC invocations=147 (full 7):
 PSYoungGen      total 3072K, used 896K [0x00000000eab00000, 0x00000000eaf00000, 0x0000000100000000)
  eden space 2048K, 0% used [0x00000000eab00000,0x00000000eab00000,0x00000000ead00000)
  from space 1024K, 87% used [0x00000000eae00000,0x00000000eaee0000,0x00000000eaf00000)
  to   space 1024K, 0% used [0x00000000ead00000,0x00000000ead00000,0x00000000eae00000)
 ParOldGen       total 107008K, used 87830K [0x00000000c0000000, 0x00000000c6880000, 0x00000000eab00000)
  object space 107008K, 82% used [0x00000000c0000000,0x00000000c55c5900,0x00000000c6880000)
 Metaspace       used 65931K, committed 67008K, reserved 1114112K
  class space    used 6753K, committed 7232K, reserved 1048576K
}
Event: 85.450 GC heap before
{Heap before GC invocations=148 (full 7):
 PSYoungGen      total 3072K, used 2944K [0x00000000eab00000, 0x00000000eaf00000, 0x0000000100000000)
  eden space 2048K, 100% used [0x00000000eab00000,0x00000000ead00000,0x00000000ead00000)
  from space 1024K, 87% used [0x00000000eae00000,0x00000000eaee0000,0x00000000eaf00000)
  to   space 1024K, 0% used [0x00000000ead00000,0x00000000ead00000,0x00000000eae00000)
 ParOldGen       total 107008K, used 87830K [0x00000000c0000000, 0x00000000c6880000, 0x00000000eab00000)
  object space 107008K, 82% used [0x00000000c0000000,0x00000000c55c5900,0x00000000c6880000)
 Metaspace       used 65949K, committed 67008K, reserved 1114112K
  class space    used 6753K, committed 7232K, reserved 1048576K
}
Event: 85.452 GC heap after
{Heap after GC invocations=148 (full 7):
 PSYoungGen      total 3072K, used 288K [0x00000000eab00000, 0x00000000eae80000, 0x0000000100000000)
  eden space 2048K, 0% used [0x00000000eab00000,0x00000000eab00000,0x00000000ead00000)
  from space 1024K, 28% used [0x00000000ead00000,0x00000000ead48000,0x00000000eae00000)
  to   space 512K, 0% used [0x00000000eae00000,0x00000000eae00000,0x00000000eae80000)
 ParOldGen       total 107008K, used 87838K [0x00000000c0000000, 0x00000000c6880000, 0x00000000eab00000)
  object space 107008K, 82% used [0x00000000c0000000,0x00000000c55c7900,0x00000000c6880000)
 Metaspace       used 65949K, committed 67008K, reserved 1114112K
  class space    used 6753K, committed 7232K, reserved 1048576K
}
Event: 85.798 GC heap before
{Heap before GC invocations=149 (full 7):
 PSYoungGen      total 3072K, used 2327K [0x00000000eab00000, 0x00000000eae80000, 0x0000000100000000)
  eden space 2048K, 99% used [0x00000000eab00000,0x00000000eacfdf00,0x00000000ead00000)
  from space 1024K, 28% used [0x00000000ead00000,0x00000000ead48000,0x00000000eae00000)
  to   space 512K, 0% used [0x00000000eae00000,0x00000000eae00000,0x00000000eae80000)
 ParOldGen       total 107008K, used 87838K [0x00000000c0000000, 0x00000000c6880000, 0x00000000eab00000)
  object space 107008K, 82% used [0x00000000c0000000,0x00000000c55c7900,0x00000000c6880000)
 Metaspace       used 65949K, committed 67008K, reserved 1114112K
  class space    used 6753K, committed 7232K, reserved 1048576K
}
Event: 85.800 GC heap after
{Heap after GC invocations=149 (full 7):
 PSYoungGen      total 2560K, used 512K [0x00000000eab00000, 0x00000000eaf00000, 0x0000000100000000)
  eden space 2048K, 0% used [0x00000000eab00000,0x00000000eab00000,0x00000000ead00000)
  from space 512K, 100% used [0x00000000eae00000,0x00000000eae80000,0x00000000eae80000)
  to   space 1024K, 0% used [0x00000000ead00000,0x00000000ead00000,0x00000000eae00000)
 ParOldGen       total 107008K, used 88006K [0x00000000c0000000, 0x00000000c6880000, 0x00000000eab00000)
  object space 107008K, 82% used [0x00000000c0000000,0x00000000c55f1920,0x00000000c6880000)
 Metaspace       used 65949K, committed 67008K, reserved 1114112K
  class space    used 6753K, committed 7232K, reserved 1048576K
}
Event: 85.823 GC heap before
{Heap before GC invocations=150 (full 7):
 PSYoungGen      total 2560K, used 2553K [0x00000000eab00000, 0x00000000eaf00000, 0x0000000100000000)
  eden space 2048K, 99% used [0x00000000eab00000,0x00000000eacfe408,0x00000000ead00000)
  from space 512K, 100% used [0x00000000eae00000,0x00000000eae80000,0x00000000eae80000)
  to   space 1024K, 0% used [0x00000000ead00000,0x00000000ead00000,0x00000000eae00000)
 ParOldGen       total 107008K, used 88006K [0x00000000c0000000, 0x00000000c6880000, 0x00000000eab00000)
  object space 107008K, 82% used [0x00000000c0000000,0x00000000c55f1920,0x00000000c6880000)
 Metaspace       used 65954K, committed 67008K, reserved 1114112K
  class space    used 6753K, committed 7232K, reserved 1048576K
}
Event: 85.827 GC heap after
{Heap after GC invocations=150 (full 7):
 PSYoungGen      total 3072K, used 688K [0x00000000eab00000, 0x00000000eaf00000, 0x0000000100000000)
  eden space 2048K, 0% used [0x00000000eab00000,0x00000000eab00000,0x00000000ead00000)
  from space 1024K, 67% used [0x00000000ead00000,0x00000000eadac010,0x00000000eae00000)
  to   space 1024K, 0% used [0x00000000eae00000,0x00000000eae00000,0x00000000eaf00000)
 ParOldGen       total 107008K, used 88227K [0x00000000c0000000, 0x00000000c6880000, 0x00000000eab00000)
  object space 107008K, 82% used [0x00000000c0000000,0x00000000c5628da0,0x00000000c6880000)
 Metaspace       used 65954K, committed 67008K, reserved 1114112K
  class space    used 6753K, committed 7232K, reserved 1048576K
}
Event: 85.862 GC heap before
{Heap before GC invocations=151 (full 7):
 PSYoungGen      total 3072K, used 2736K [0x00000000eab00000, 0x00000000eaf00000, 0x0000000100000000)
  eden space 2048K, 100% used [0x00000000eab00000,0x00000000ead00000,0x00000000ead00000)
  from space 1024K, 67% used [0x00000000ead00000,0x00000000eadac010,0x00000000eae00000)
  to   space 1024K, 0% used [0x00000000eae00000,0x00000000eae00000,0x00000000eaf00000)
 ParOldGen       total 107008K, used 88227K [0x00000000c0000000, 0x00000000c6880000, 0x00000000eab00000)
  object space 107008K, 82% used [0x00000000c0000000,0x00000000c5628da0,0x00000000c6880000)
 Metaspace       used 65983K, committed 67072K, reserved 1114112K
  class space    used 6753K, committed 7232K, reserved 1048576K
}
Event: 85.865 GC heap after
{Heap after GC invocations=151 (full 7):
 PSYoungGen      total 2560K, used 992K [0x00000000eab00000, 0x00000000eb000000, 0x0000000100000000)
  eden space 1536K, 0% used [0x00000000eab00000,0x00000000eab00000,0x00000000eac80000)
  from space 1024K, 96% used [0x00000000eae00000,0x00000000eaef8020,0x00000000eaf00000)
  to   space 1536K, 0% used [0x00000000eac80000,0x00000000eac80000,0x00000000eae00000)
 ParOldGen       total 107008K, used 88363K [0x00000000c0000000, 0x00000000c6880000, 0x00000000eab00000)
  object space 107008K, 82% used [0x00000000c0000000,0x00000000c564ada0,0x00000000c6880000)
 Metaspace       used 65983K, committed 67072K, reserved 1114112K
  class space    used 6753K, committed 7232K, reserved 1048576K
}
Event: 85.888 GC heap before
{Heap before GC invocations=152 (full 7):
 PSYoungGen      total 2560K, used 2528K [0x00000000eab00000, 0x00000000eb000000, 0x0000000100000000)
  eden space 1536K, 100% used [0x00000000eab00000,0x00000000eac80000,0x00000000eac80000)
  from space 1024K, 96% used [0x00000000eae00000,0x00000000eaef8020,0x00000000eaf00000)
  to   space 1536K, 0% used [0x00000000eac80000,0x00000000eac80000,0x00000000eae00000)
 ParOldGen       total 107008K, used 88363K [0x00000000c0000000, 0x00000000c6880000, 0x00000000eab00000)
  object space 107008K, 82% used [0x00000000c0000000,0x00000000c564ada0,0x00000000c6880000)
 Metaspace       used 66004K, committed 67072K, reserved 1114112K
  class space    used 6753K, committed 7232K, reserved 1048576K
}
Event: 85.892 GC heap after
{Heap after GC invocations=152 (full 7):
 PSYoungGen      total 2560K, used 944K [0x00000000eab00000, 0x00000000eae80000, 0x0000000100000000)
  eden space 1536K, 0% used [0x00000000eab00000,0x00000000eab00000,0x00000000eac80000)
  from space 1024K, 92% used [0x00000000eac80000,0x00000000ead6c010,0x00000000ead80000)
  to   space 1024K, 0% used [0x00000000ead80000,0x00000000ead80000,0x00000000eae80000)
 ParOldGen       total 107008K, used 88387K [0x00000000c0000000, 0x00000000c6880000, 0x00000000eab00000)
  object space 107008K, 82% used [0x00000000c0000000,0x00000000c5650da0,0x00000000c6880000)
 Metaspace       used 66004K, committed 67072K, reserved 1114112K
  class space    used 6753K, committed 7232K, reserved 1048576K
}
Event: 86.082 GC heap before
{Heap before GC invocations=153 (full 7):
 PSYoungGen      total 2560K, used 2480K [0x00000000eab00000, 0x00000000eae80000, 0x0000000100000000)
  eden space 1536K, 100% used [0x00000000eab00000,0x00000000eac80000,0x00000000eac80000)
  from space 1024K, 92% used [0x00000000eac80000,0x00000000ead6c010,0x00000000ead80000)
  to   space 1024K, 0% used [0x00000000ead80000,0x00000000ead80000,0x00000000eae80000)
 ParOldGen       total 107008K, used 88387K [0x00000000c0000000, 0x00000000c6880000, 0x00000000eab00000)
  object space 107008K, 82% used [0x00000000c0000000,0x00000000c5650da0,0x00000000c6880000)
 Metaspace       used 66004K, committed 67072K, reserved 1114112K
  class space    used 6753K, committed 7232K, reserved 1048576K
}
Event: 86.084 GC heap after
{Heap after GC invocations=153 (full 7):
 PSYoungGen      total 2560K, used 896K [0x00000000eab00000, 0x00000000eae80000, 0x0000000100000000)
  eden space 1536K, 0% used [0x00000000eab00000,0x00000000eab00000,0x00000000eac80000)
  from space 1024K, 87% used [0x00000000ead80000,0x00000000eae60020,0x00000000eae80000)
  to   space 1024K, 0% used [0x00000000eac80000,0x00000000eac80000,0x00000000ead80000)
 ParOldGen       total 107008K, used 88656K [0x00000000c0000000, 0x00000000c6880000, 0x00000000eab00000)
  object space 107008K, 82% used [0x00000000c0000000,0x00000000c5694220,0x00000000c6880000)
 Metaspace       used 66004K, committed 67072K, reserved 1114112K
  class space    used 6753K, committed 7232K, reserved 1048576K
}
Event: 86.570 GC heap before
{Heap before GC invocations=154 (full 7):
 PSYoungGen      total 2560K, used 2432K [0x00000000eab00000, 0x00000000eae80000, 0x0000000100000000)
  eden space 1536K, 100% used [0x00000000eab00000,0x00000000eac80000,0x00000000eac80000)
  from space 1024K, 87% used [0x00000000ead80000,0x00000000eae60020,0x00000000eae80000)
  to   space 1024K, 0% used [0x00000000eac80000,0x00000000eac80000,0x00000000ead80000)
 ParOldGen       total 107008K, used 88656K [0x00000000c0000000, 0x00000000c6880000, 0x00000000eab00000)
  object space 107008K, 82% used [0x00000000c0000000,0x00000000c5694220,0x00000000c6880000)
 Metaspace       used 66007K, committed 67072K, reserved 1114112K
  class space    used 6753K, committed 7232K, reserved 1048576K
}
Event: 86.572 GC heap after
{Heap after GC invocations=154 (full 7):
 PSYoungGen      total 2560K, used 192K [0x00000000eab00000, 0x00000000eae00000, 0x0000000100000000)
  eden space 1536K, 0% used [0x00000000eab00000,0x00000000eab00000,0x00000000eac80000)
  from space 1024K, 18% used [0x00000000eac80000,0x00000000eacb0000,0x00000000ead80000)
  to   space 512K, 0% used [0x00000000ead80000,0x00000000ead80000,0x00000000eae00000)
 ParOldGen       total 107008K, used 89173K [0x00000000c0000000, 0x00000000c6880000, 0x00000000eab00000)
  object space 107008K, 83% used [0x00000000c0000000,0x00000000c57156e0,0x00000000c6880000)
 Metaspace       used 66007K, committed 67072K, reserved 1114112K
  class space    used 6753K, committed 7232K, reserved 1048576K
}
Event: 86.701 GC heap before
{Heap before GC invocations=155 (full 7):
 PSYoungGen      total 2560K, used 1728K [0x00000000eab00000, 0x00000000eae00000, 0x0000000100000000)
  eden space 1536K, 100% used [0x00000000eab00000,0x00000000eac80000,0x00000000eac80000)
  from space 1024K, 18% used [0x00000000eac80000,0x00000000eacb0000,0x00000000ead80000)
  to   space 512K, 0% used [0x00000000ead80000,0x00000000ead80000,0x00000000eae00000)
 ParOldGen       total 107008K, used 89173K [0x00000000c0000000, 0x00000000c6880000, 0x00000000eab00000)
  object space 107008K, 83% used [0x00000000c0000000,0x00000000c57156e0,0x00000000c6880000)
 Metaspace       used 66010K, committed 67072K, reserved 1114112K
  class space    used 6753K, committed 7232K, reserved 1048576K
}
Event: 86.703 GC heap after
{Heap after GC invocations=155 (full 7):
 PSYoungGen      total 2048K, used 432K [0x00000000eab00000, 0x00000000eae00000, 0x0000000100000000)
  eden space 1536K, 0% used [0x00000000eab00000,0x00000000eab00000,0x00000000eac80000)
  from space 512K, 84% used [0x00000000ead80000,0x00000000eadec010,0x00000000eae00000)
  to   space 512K, 0% used [0x00000000ead00000,0x00000000ead00000,0x00000000ead80000)
 ParOldGen       total 107008K, used 89237K [0x00000000c0000000, 0x00000000c6880000, 0x00000000eab00000)
  object space 107008K, 83% used [0x00000000c0000000,0x00000000c57256e0,0x00000000c6880000)
 Metaspace       used 66010K, committed 67072K, reserved 1114112K
  class space    used 6753K, committed 7232K, reserved 1048576K
}

Dll operation events (11 events):
Event: 0.030 Loaded shared library c:\Users\sujee\.vscode\extensions\redhat.java-1.13.0-win32-x64\jre\17.0.5-win32-x86_64\bin\java.dll
Event: 1.115 Loaded shared library c:\Users\sujee\.vscode\extensions\redhat.java-1.13.0-win32-x64\jre\17.0.5-win32-x86_64\bin\zip.dll
Event: 1.171 Loaded shared library C:\Users\sujee\.vscode\extensions\redhat.java-1.13.0-win32-x64\jre\17.0.5-win32-x86_64\bin\instrument.dll
Event: 1.974 Loaded shared library C:\Users\sujee\.vscode\extensions\redhat.java-1.13.0-win32-x64\jre\17.0.5-win32-x86_64\bin\net.dll
Event: 2.027 Loaded shared library C:\Users\sujee\.vscode\extensions\redhat.java-1.13.0-win32-x64\jre\17.0.5-win32-x86_64\bin\nio.dll
Event: 2.317 Loaded shared library C:\Users\sujee\.vscode\extensions\redhat.java-1.13.0-win32-x64\jre\17.0.5-win32-x86_64\bin\zip.dll
Event: 2.596 Loaded shared library C:\Users\sujee\.vscode\extensions\redhat.java-1.13.0-win32-x64\jre\17.0.5-win32-x86_64\bin\jimage.dll
Event: 3.087 Loaded shared library c:\Users\sujee\.vscode\extensions\redhat.java-1.13.0-win32-x64\jre\17.0.5-win32-x86_64\bin\verify.dll
Event: 12.999 Loaded shared library C:\Users\sujee\AppData\Roaming\Code\User\globalStorage\redhat.java\1.13.0\config_win\org.eclipse.equinox.launcher\org.eclipse.equinox.launcher.win32.win32.x86_64_1.2.600.v20220720-1916\eclipse_11700.dll
Event: 27.974 Loaded shared library C:\Users\sujee\AppData\Local\Temp\jna-109795560\jna2085350718957810041.dll
Event: 61.616 Loaded shared library C:\Users\sujee\.vscode\extensions\redhat.java-1.13.0-win32-x64\jre\17.0.5-win32-x86_64\bin\sunmscapi.dll

Deoptimization events (20 events):
Event: 84.838 Thread 0x000001afd891bee0 DEOPT PACKING pc=0x000001afc682c471 sp=0x000000361f2fef90
Event: 84.838 Thread 0x000001afd891bee0 DEOPT UNPACKING pc=0x000001afc53d2843 sp=0x000000361f2fe3f0 mode 0
Event: 84.988 Thread 0x000001afd8fcf2a0 Uncommon trap: trap_request=0xffffffbe fr.pc=0x000001afcd3ea61c relative=0x000000000000029c
Event: 84.988 Thread 0x000001afd8fcf2a0 Uncommon trap: reason=profile_predicate action=maybe_recompile pc=0x000001afcd3ea61c method=sun.security.provider.HashDrbg.addBytes([BI[[B)V @ 36 c2
Event: 84.988 Thread 0x000001afd8fcf2a0 DEOPT PACKING pc=0x000001afcd3ea61c sp=0x000000361effedf0
Event: 84.988 Thread 0x000001afd8fcf2a0 DEOPT UNPACKING pc=0x000001afc53d20a3 sp=0x000000361effed40 mode 2
Event: 85.018 Thread 0x000001afd891b540 Uncommon trap: trap_request=0xffffffbe fr.pc=0x000001afcd3ea61c relative=0x000000000000029c
Event: 85.018 Thread 0x000001afd891b540 Uncommon trap: reason=profile_predicate action=maybe_recompile pc=0x000001afcd3ea61c method=sun.security.provider.HashDrbg.addBytes([BI[[B)V @ 36 c2
Event: 85.018 Thread 0x000001afd891b540 DEOPT PACKING pc=0x000001afcd3ea61c sp=0x000000361f0fee40
Event: 85.018 Thread 0x000001afd891b540 DEOPT UNPACKING pc=0x000001afc53d20a3 sp=0x000000361f0fed90 mode 2
Event: 85.031 Thread 0x000001afd891b540 Uncommon trap: trap_request=0xffffffbe fr.pc=0x000001afcd3ea61c relative=0x000000000000029c
Event: 85.031 Thread 0x000001afd891b540 Uncommon trap: reason=profile_predicate action=maybe_recompile pc=0x000001afcd3ea61c method=sun.security.provider.HashDrbg.addBytes([BI[[B)V @ 36 c2
Event: 85.031 Thread 0x000001afd891b540 DEOPT PACKING pc=0x000001afcd3ea61c sp=0x000000361f0fdee0
Event: 85.032 Thread 0x000001afd891b540 DEOPT UNPACKING pc=0x000001afc53d20a3 sp=0x000000361f0fde30 mode 2
Event: 85.032 Thread 0x000001afd891b540 Uncommon trap: trap_request=0xffffffbe fr.pc=0x000001afcd3ea61c relative=0x000000000000029c
Event: 85.032 Thread 0x000001afd891b540 Uncommon trap: reason=profile_predicate action=maybe_recompile pc=0x000001afcd3ea61c method=sun.security.provider.HashDrbg.addBytes([BI[[B)V @ 36 c2
Event: 85.032 Thread 0x000001afd891b540 DEOPT PACKING pc=0x000001afcd3ea61c sp=0x000000361f0fdee0
Event: 85.032 Thread 0x000001afd891b540 DEOPT UNPACKING pc=0x000001afc53d20a3 sp=0x000000361f0fde30 mode 2
Event: 85.879 Thread 0x000001afd891b540 DEOPT PACKING pc=0x000001afc686bbe9 sp=0x000000361f0fea20
Event: 85.879 Thread 0x000001afd891b540 DEOPT UNPACKING pc=0x000001afc53d2843 sp=0x000000361f0fdf58 mode 0

Classes unloaded (7 events):
Event: 18.400 Thread 0x000001afd6c67cb0 Unloading class 0x000000010021c400 'java/lang/invoke/LambdaForm$MH+0x000000010021c400'
Event: 18.400 Thread 0x000001afd6c67cb0 Unloading class 0x000000010021c000 'java/lang/invoke/LambdaForm$MH+0x000000010021c000'
Event: 18.400 Thread 0x000001afd6c67cb0 Unloading class 0x000000010021bc00 'java/lang/invoke/LambdaForm$MH+0x000000010021bc00'
Event: 18.400 Thread 0x000001afd6c67cb0 Unloading class 0x000000010021b400 'java/lang/invoke/LambdaForm$MH+0x000000010021b400'
Event: 18.400 Thread 0x000001afd6c67cb0 Unloading class 0x000000010021b000 'java/lang/invoke/LambdaForm$BMH+0x000000010021b000'
Event: 18.400 Thread 0x000001afd6c67cb0 Unloading class 0x000000010021ac00 'java/lang/invoke/LambdaForm$DMH+0x000000010021ac00'
Event: 18.400 Thread 0x000001afd6c67cb0 Unloading class 0x0000000100218000 'java/lang/invoke/LambdaForm$DMH+0x0000000100218000'

Classes redefined (0 events):
No events

Internal exceptions (20 events):
Event: 58.543 Thread 0x000001afd891b070 Exception <a 'java/lang/ArrayIndexOutOfBoundsException'{0x00000000eb929de8}: Index 102 out of bounds for length 102> (0x00000000eb929de8) 
thrown [s\src\hotspot\share\interpreter\interpreterRuntime.cpp, line 428]
Event: 58.545 Thread 0x000001afd891b070 Exception <a 'java/lang/ArrayIndexOutOfBoundsException'{0x00000000eb930948}: Index 102 out of bounds for length 102> (0x00000000eb930948) 
thrown [s\src\hotspot\share\interpreter\interpreterRuntime.cpp, line 428]
Event: 58.583 Thread 0x000001afd891b070 Implicit null exception at 0x000001afcd18c27a to 0x000001afcd190408
Event: 60.055 Thread 0x000001afd891ba10 Exception <a 'java/io/FileNotFoundException'{0x00000000eb7fb928}> (0x00000000eb7fb928) 
thrown [s\src\hotspot\share\prims\jni.cpp, line 516]
Event: 60.531 Thread 0x000001afe7bc5920 Implicit null exception at 0x000001afcd039892 to 0x000001afcd039b6c
Event: 60.680 Thread 0x000001afd891d220 Exception <a 'java/lang/ArrayIndexOutOfBoundsException'{0x00000000ebd66ac0}: Index 99 out of bounds for length 99> (0x00000000ebd66ac0) 
thrown [s\src\hotspot\share\interpreter\interpreterRuntime.cpp, line 428]
Event: 60.730 Thread 0x000001afd891d220 Exception <a 'java/lang/ArrayIndexOutOfBoundsException'{0x00000000eab5aab8}: Index 99 out of bounds for length 99> (0x00000000eab5aab8) 
thrown [s\src\hotspot\share\interpreter\interpreterRuntime.cpp, line 428]
Event: 60.730 Thread 0x000001afd891d220 Exception <a 'java/lang/ArrayIndexOutOfBoundsException'{0x00000000eab5aec8}: Index 100 out of bounds for length 99> (0x00000000eab5aec8) 
thrown [s\src\hotspot\share\interpreter\interpreterRuntime.cpp, line 428]
Event: 60.730 Thread 0x000001afd891d220 Exception <a 'java/lang/ArrayIndexOutOfBoundsException'{0x00000000eab5c398}: Index 99 out of bounds for length 99> (0x00000000eab5c398) 
thrown [s\src\hotspot\share\interpreter\interpreterRuntime.cpp, line 428]
Event: 60.730 Thread 0x000001afd891d220 Exception <a 'java/lang/ArrayIndexOutOfBoundsException'{0x00000000eab5c7a8}: Index 100 out of bounds for length 99> (0x00000000eab5c7a8) 
thrown [s\src\hotspot\share\interpreter\interpreterRuntime.cpp, line 428]
Event: 61.737 Thread 0x000001afe7bcaaf0 Exception <a 'sun/nio/fs/WindowsException'{0x00000000eb7b94e0}> (0x00000000eb7b94e0) 
thrown [s\src\hotspot\share\prims\jni.cpp, line 516]
Event: 62.996 Thread 0x000001afe7bc97b0 Exception <a 'java/lang/NoSuchMethodError'{0x00000000eaca1998}: 'java.lang.Object java.lang.invoke.DirectMethodHandle$Holder.invokeStatic(java.lang.Object, int, java.lang.Object, java.lang.Object, java.lang.Object, java.lang.Object)'> (0x00000000eaca1998) 
thrown [s\src\hotspot\share\interpreter\linkResolver.cpp, line 759]
Event: 63.278 Thread 0x000001afd891b070 Exception <a 'java/lang/NoSuchMethodError'{0x00000000ead20d48}: 'int java.lang.invoke.DirectMethodHandle$Holder.invokeSpecialIFC(java.lang.Object, java.lang.Object, java.lang.Object, java.lang.Object)'> (0x00000000ead20d48) 
thrown [s\src\hotspot\share\interpreter\linkResolver.cpp, line 759]
Event: 63.912 Thread 0x000001afd891b070 Exception <a 'java/lang/NoSuchMethodError'{0x00000000eaff1588}: 'java.lang.Object java.lang.invoke.DirectMethodHandle$Holder.invokeStatic(java.lang.Object, int, java.lang.Object)'> (0x00000000eaff1588) 
thrown [s\src\hotspot\share\interpreter\linkResolver.cpp, line 759]
Event: 65.919 Thread 0x000001afd891d6f0 Exception <a 'sun/nio/fs/WindowsException'{0x00000000eab47cc8}> (0x00000000eab47cc8) 
thrown [s\src\hotspot\share\prims\jni.cpp, line 516]
Event: 66.755 Thread 0x000001afd891d6f0 Implicit null exception at 0x000001afcceec2b4 to 0x000001afcceec6a0
Event: 72.251 Thread 0x000001afd891d6f0 Exception <a 'sun/nio/fs/WindowsException'{0x00000000eac7d9b0}> (0x00000000eac7d9b0) 
thrown [s\src\hotspot\share\prims\jni.cpp, line 516]
Event: 73.703 Thread 0x000001afd891d6f0 Exception <a 'sun/nio/fs/WindowsException'{0x00000000eab91920}> (0x00000000eab91920) 
thrown [s\src\hotspot\share\prims\jni.cpp, line 516]
Event: 80.835 Thread 0x000001afd891d6f0 Exception <a 'sun/nio/fs/WindowsException'{0x00000000eabcb430}> (0x00000000eabcb430) 
thrown [s\src\hotspot\share\prims\jni.cpp, line 516]
Event: 81.455 Thread 0x000001afd891d6f0 Exception <a 'sun/nio/fs/WindowsException'{0x00000000eac6a148}> (0x00000000eac6a148) 
thrown [s\src\hotspot\share\prims\jni.cpp, line 516]

VM Operations (20 events):
Event: 84.861 Executing VM operation: ParallelGCFailedAllocation
Event: 84.863 Executing VM operation: ParallelGCFailedAllocation done
Event: 85.027 Executing VM operation: ParallelGCFailedAllocation
Event: 85.029 Executing VM operation: ParallelGCFailedAllocation done
Event: 85.450 Executing VM operation: ParallelGCFailedAllocation
Event: 85.452 Executing VM operation: ParallelGCFailedAllocation done
Event: 85.798 Executing VM operation: ParallelGCFailedAllocation
Event: 85.801 Executing VM operation: ParallelGCFailedAllocation done
Event: 85.822 Executing VM operation: ParallelGCFailedAllocation
Event: 85.827 Executing VM operation: ParallelGCFailedAllocation done
Event: 85.848 Executing VM operation: ParallelGCFailedAllocation
Event: 85.865 Executing VM operation: ParallelGCFailedAllocation done
Event: 85.888 Executing VM operation: ParallelGCFailedAllocation
Event: 85.893 Executing VM operation: ParallelGCFailedAllocation done
Event: 86.081 Executing VM operation: ParallelGCFailedAllocation
Event: 86.084 Executing VM operation: ParallelGCFailedAllocation done
Event: 86.569 Executing VM operation: ParallelGCFailedAllocation
Event: 86.572 Executing VM operation: ParallelGCFailedAllocation done
Event: 86.701 Executing VM operation: ParallelGCFailedAllocation
Event: 86.703 Executing VM operation: ParallelGCFailedAllocation done

Events (20 events):
Event: 77.803 Thread 0x000001afe7bc7fa0 Thread added: 0x000001afe7bc7fa0
Event: 77.871 Thread 0x000001afe7bc7fa0 Thread exited: 0x000001afe7bc7fa0
Event: 78.928 Thread 0x000001afe7bcafc0 Thread added: 0x000001afe7bcafc0
Event: 78.947 Thread 0x000001afe7bcafc0 Thread exited: 0x000001afe7bcafc0
Event: 80.062 Thread 0x000001afe7bc7ad0 Thread added: 0x000001afe7bc7ad0
Event: 80.113 Thread 0x000001afe7bc7ad0 Thread exited: 0x000001afe7bc7ad0
Event: 81.376 Thread 0x000001afe7bc4f80 Thread added: 0x000001afe7bc4f80
Event: 81.388 Thread 0x000001afe7bc4f80 Thread exited: 0x000001afe7bc4f80
Event: 82.521 Thread 0x000001afe7bc4f80 Thread added: 0x000001afe7bc4f80
Event: 82.601 Thread 0x000001afe7bc4f80 Thread exited: 0x000001afe7bc4f80
Event: 83.807 Thread 0x000001afe7bc6c60 Thread added: 0x000001afe7bc6c60
Event: 83.916 Thread 0x000001afe7bc6c60 Thread exited: 0x000001afe7bc6c60
Event: 84.165 Thread 0x000001afe7bc8470 Thread added: 0x000001afe7bc8470
Event: 84.221 Thread 0x000001afe7bc8470 Thread exited: 0x000001afe7bc8470
Event: 84.760 Thread 0x000001afe7bcb960 Thread added: 0x000001afe7bcb960
Event: 84.793 Thread 0x000001afe7bcb960 Thread exited: 0x000001afe7bcb960
Event: 85.025 Thread 0x000001afe7bc9c80 Thread added: 0x000001afe7bc9c80
Event: 85.031 Thread 0x000001afe7bc9c80 Thread exited: 0x000001afe7bc9c80
Event: 86.056 Thread 0x000001afe7bc7ad0 Thread added: 0x000001afe7bc7ad0
Event: 86.086 Thread 0x000001afe7bc7ad0 Thread exited: 0x000001afe7bc7ad0


Dynamic libraries:
0x00007ff752eb0000 - 0x00007ff752ebe000 	c:\Users\sujee\.vscode\extensions\redhat.java-1.13.0-win32-x64\jre\17.0.5-win32-x86_64\bin\java.exe
0x00007ffdaa5d0000 - 0x00007ffdaa7e4000 	C:\WINDOWS\SYSTEM32\ntdll.dll
0x00007ffda8de0000 - 0x00007ffda8ea2000 	C:\WINDOWS\System32\KERNEL32.DLL
0x00007ffda7fb0000 - 0x00007ffda834d000 	C:\WINDOWS\System32\KERNELBASE.dll
0x00007ffda49d0000 - 0x00007ffda4a67000 	C:\WINDOWS\SYSTEM32\apphelp.dll
0x00007ffda7df0000 - 0x00007ffda7f01000 	C:\WINDOWS\System32\ucrtbase.dll
0x00007ffd9c740000 - 0x00007ffd9c757000 	c:\Users\sujee\.vscode\extensions\redhat.java-1.13.0-win32-x64\jre\17.0.5-win32-x86_64\bin\jli.dll
0x00007ffda85f0000 - 0x00007ffda879a000 	C:\WINDOWS\System32\USER32.dll
0x00007ffda7dc0000 - 0x00007ffda7de6000 	C:\WINDOWS\System32\win32u.dll
0x00007ffda9690000 - 0x00007ffda96b9000 	C:\WINDOWS\System32\GDI32.dll
0x00007ffda7be0000 - 0x00007ffda7cf2000 	C:\WINDOWS\System32\gdi32full.dll
0x00007ffda7f10000 - 0x00007ffda7faa000 	C:\WINDOWS\System32\msvcp_win.dll
0x00007ffd9c710000 - 0x00007ffd9c729000 	c:\Users\sujee\.vscode\extensions\redhat.java-1.13.0-win32-x64\jre\17.0.5-win32-x86_64\bin\VCRUNTIME140.dll
0x00007ffd8e3c0000 - 0x00007ffd8e64e000 	C:\WINDOWS\WinSxS\amd64_microsoft.windows.common-controls_6595b64144ccf1df_6.0.22621.608_none_a9444ca7c10bb01d\COMCTL32.dll
0x00007ffda9750000 - 0x00007ffda97f7000 	C:\WINDOWS\System32\msvcrt.dll
0x00007ffda9860000 - 0x00007ffda9892000 	C:\WINDOWS\System32\IMM32.DLL
0x00007ffda0a00000 - 0x00007ffda0a0c000 	c:\Users\sujee\.vscode\extensions\redhat.java-1.13.0-win32-x64\jre\17.0.5-win32-x86_64\bin\vcruntime140_1.dll
0x00007ffd803a0000 - 0x00007ffd80431000 	c:\Users\sujee\.vscode\extensions\redhat.java-1.13.0-win32-x64\jre\17.0.5-win32-x86_64\bin\msvcp140.dll
0x00007ffd6bba0000 - 0x00007ffd6c7e4000 	c:\Users\sujee\.vscode\extensions\redhat.java-1.13.0-win32-x64\jre\17.0.5-win32-x86_64\bin\server\jvm.dll
0x00007ffdaa3e0000 - 0x00007ffdaa48e000 	C:\WINDOWS\System32\ADVAPI32.dll
0x00007ffda84d0000 - 0x00007ffda8574000 	C:\WINDOWS\System32\sechost.dll
0x00007ffdaa2c0000 - 0x00007ffdaa3d5000 	C:\WINDOWS\System32\RPCRT4.dll
0x00007ffd9fee0000 - 0x00007ffd9fee9000 	C:\WINDOWS\SYSTEM32\WSOCK32.dll
0x00007ffda87a0000 - 0x00007ffda8811000 	C:\WINDOWS\System32\WS2_32.dll
0x00007ffda0a50000 - 0x00007ffda0a84000 	C:\WINDOWS\SYSTEM32\WINMM.dll
0x00007ffd9d0d0000 - 0x00007ffd9d0da000 	C:\WINDOWS\SYSTEM32\VERSION.dll
0x00007ffda6a30000 - 0x00007ffda6a48000 	C:\WINDOWS\SYSTEM32\kernel.appcore.dll
0x00007ffd9f780000 - 0x00007ffd9f78a000 	c:\Users\sujee\.vscode\extensions\redhat.java-1.13.0-win32-x64\jre\17.0.5-win32-x86_64\bin\jimage.dll
0x00007ffda5650000 - 0x00007ffda587e000 	C:\WINDOWS\SYSTEM32\DBGHELP.DLL
0x00007ffda8a50000 - 0x00007ffda8dda000 	C:\WINDOWS\System32\combase.dll
0x00007ffda83f0000 - 0x00007ffda84c7000 	C:\WINDOWS\System32\OLEAUT32.dll
0x00007ffd9d2c0000 - 0x00007ffd9d2f2000 	C:\WINDOWS\SYSTEM32\dbgcore.DLL
0x00007ffda8350000 - 0x00007ffda83cb000 	C:\WINDOWS\System32\bcryptPrimitives.dll
0x00007ffd9c5a0000 - 0x00007ffd9c5ae000 	c:\Users\sujee\.vscode\extensions\redhat.java-1.13.0-win32-x64\jre\17.0.5-win32-x86_64\bin\instrument.dll
0x00007ffd9c1d0000 - 0x00007ffd9c1f5000 	c:\Users\sujee\.vscode\extensions\redhat.java-1.13.0-win32-x64\jre\17.0.5-win32-x86_64\bin\java.dll
0x00007ffd9bf70000 - 0x00007ffd9bf88000 	c:\Users\sujee\.vscode\extensions\redhat.java-1.13.0-win32-x64\jre\17.0.5-win32-x86_64\bin\zip.dll
0x00007ffda8eb0000 - 0x00007ffda9690000 	C:\WINDOWS\System32\SHELL32.dll
0x00007ffda5880000 - 0x00007ffda6145000 	C:\WINDOWS\SYSTEM32\windows.storage.dll
0x00007ffda5510000 - 0x00007ffda564e000 	C:\WINDOWS\SYSTEM32\wintypes.dll
0x00007ffdaa490000 - 0x00007ffdaa581000 	C:\WINDOWS\System32\SHCORE.dll
0x00007ffda89e0000 - 0x00007ffda8a3e000 	C:\WINDOWS\System32\shlwapi.dll
0x00007ffda7930000 - 0x00007ffda7951000 	C:\WINDOWS\SYSTEM32\profapi.dll
0x00007ffd9a110000 - 0x00007ffd9a129000 	C:\Users\sujee\.vscode\extensions\redhat.java-1.13.0-win32-x64\jre\17.0.5-win32-x86_64\bin\net.dll
0x00007ffda0e10000 - 0x00007ffda0f3f000 	C:\WINDOWS\SYSTEM32\WINHTTP.dll
0x00007ffda6e80000 - 0x00007ffda6ee9000 	C:\WINDOWS\system32\mswsock.dll
0x00007ffd9a0f0000 - 0x00007ffd9a105000 	C:\Users\sujee\.vscode\extensions\redhat.java-1.13.0-win32-x64\jre\17.0.5-win32-x86_64\bin\nio.dll
0x00007ffd9c590000 - 0x00007ffd9c5a0000 	c:\Users\sujee\.vscode\extensions\redhat.java-1.13.0-win32-x64\jre\17.0.5-win32-x86_64\bin\verify.dll
0x00007ffd9bd70000 - 0x00007ffd9bdae000 	C:\Users\sujee\AppData\Roaming\Code\User\globalStorage\redhat.java\1.13.0\config_win\org.eclipse.equinox.launcher\org.eclipse.equinox.launcher.win32.win32.x86_64_1.2.600.v20220720-1916\eclipse_11700.dll
0x00007ffda9ae0000 - 0x00007ffda9c7c000 	C:\WINDOWS\System32\ole32.dll
0x00007ffda7190000 - 0x00007ffda71ab000 	C:\WINDOWS\SYSTEM32\CRYPTSP.dll
0x00007ffda69a0000 - 0x00007ffda69d5000 	C:\WINDOWS\system32\rsaenh.dll
0x00007ffda6f20000 - 0x00007ffda6f48000 	C:\WINDOWS\SYSTEM32\USERENV.dll
0x00007ffda72c0000 - 0x00007ffda72e8000 	C:\WINDOWS\SYSTEM32\bcrypt.dll
0x00007ffda7070000 - 0x00007ffda707c000 	C:\WINDOWS\SYSTEM32\CRYPTBASE.dll
0x00007ffda6640000 - 0x00007ffda666d000 	C:\WINDOWS\SYSTEM32\IPHLPAPI.DLL
0x00007ffda96c0000 - 0x00007ffda96c9000 	C:\WINDOWS\System32\NSI.dll
0x00007ffda0080000 - 0x00007ffda0099000 	C:\WINDOWS\SYSTEM32\dhcpcsvc6.DLL
0x00007ffda0060000 - 0x00007ffda007f000 	C:\WINDOWS\SYSTEM32\dhcpcsvc.DLL
0x00007ffda6670000 - 0x00007ffda6762000 	C:\WINDOWS\SYSTEM32\DNSAPI.dll
0x00007ffd96d20000 - 0x00007ffd96d60000 	C:\Users\sujee\AppData\Local\Temp\jna-109795560\jna2085350718957810041.dll
0x00007ffda9a10000 - 0x00007ffda9a18000 	C:\WINDOWS\System32\PSAPI.DLL
0x00007ffd9c1c0000 - 0x00007ffd9c1ce000 	C:\Users\sujee\.vscode\extensions\redhat.java-1.13.0-win32-x64\jre\17.0.5-win32-x86_64\bin\sunmscapi.dll
0x00007ffda7a00000 - 0x00007ffda7b66000 	C:\WINDOWS\System32\CRYPT32.dll
0x00007ffda7280000 - 0x00007ffda72ad000 	C:\WINDOWS\SYSTEM32\ncrypt.dll
0x00007ffda7240000 - 0x00007ffda7277000 	C:\WINDOWS\SYSTEM32\NTASN1.dll

dbghelp: loaded successfully - version: 4.0.5 - missing functions: none
symbol engine: initialized successfully - sym options: 0x614 - pdb path: .;c:\Users\sujee\.vscode\extensions\redhat.java-1.13.0-win32-x64\jre\17.0.5-win32-x86_64\bin;C:\WINDOWS\SYSTEM32;C:\WINDOWS\WinSxS\amd64_microsoft.windows.common-controls_6595b64144ccf1df_6.0.22621.608_none_a9444ca7c10bb01d;c:\Users\sujee\.vscode\extensions\redhat.java-1.13.0-win32-x64\jre\17.0.5-win32-x86_64\bin\server;C:\Users\sujee\AppData\Roaming\Code\User\globalStorage\redhat.java\1.13.0\config_win\org.eclipse.equinox.launcher\org.eclipse.equinox.launcher.win32.win32.x86_64_1.2.600.v20220720-1916;C:\Users\sujee\AppData\Local\Temp\jna-109795560

VM Arguments:
jvm_args: --add-modules=ALL-SYSTEM --add-opens=java.base/java.util=ALL-UNNAMED --add-opens=java.base/java.lang=ALL-UNNAMED --add-opens=java.base/sun.nio.fs=ALL-UNNAMED -Declipse.application=org.eclipse.jdt.ls.core.id1 -Dosgi.bundles.defaultStartLevel=4 -Declipse.product=org.eclipse.jdt.ls.core.product -Djava.import.generatesMetadataFilesAtProjectRoot=false -Dfile.encoding=utf8 -XX:+UseParallelGC -XX:GCTimeRatio=4 -XX:AdaptiveSizePolicyWeight=90 -Dsun.zip.disableMemoryMapping=true -Xmx1G -Xms100m -Xlog:disable -javaagent:c:\Users\sujee\.vscode\extensions\redhat.java-1.13.0-win32-x64\lombok\lombok-1.18.24.jar -XX:+HeapDumpOnOutOfMemoryError -XX:HeapDumpPath=c:\Users\sujee\AppData\Roaming\Code\User\workspaceStorage\f0ec783a8a23ab05bb918e3ad906a61b\redhat.java 
java_command: c:\Users\sujee\.vscode\extensions\redhat.java-1.13.0-win32-x64\server\plugins\org.eclipse.equinox.launcher_1.6.400.v20210924-0641.jar -configuration c:\Users\sujee\AppData\Roaming\Code\User\globalStorage\redhat.java\1.13.0\config_win -data c:\Users\sujee\AppData\Roaming\Code\User\workspaceStorage\f0ec783a8a23ab05bb918e3ad906a61b\redhat.java\jdt_ws
java_class_path (initial): c:\Users\sujee\.vscode\extensions\redhat.java-1.13.0-win32-x64\server\plugins\org.eclipse.equinox.launcher_1.6.400.v20210924-0641.jar
Launcher Type: SUN_STANDARD

[Global flags]
    uintx AdaptiveSizePolicyWeight                 = 90                                        {product} {command line}
     intx CICompilerCount                          = 3                                         {product} {ergonomic}
    uintx GCTimeRatio                              = 4                                         {product} {command line}
     bool HeapDumpOnOutOfMemoryError               = true                                   {manageable} {command line}
    ccstr HeapDumpPath                             = c:\Users\sujee\AppData\Roaming\Code\User\workspaceStorage\f0ec783a8a23ab05bb918e3ad906a61b\redhat.java         {manageable} {command line}
   size_t InitialHeapSize                          = 104857600                                 {product} {command line}
   size_t MaxHeapSize                              = 1073741824                                {product} {command line}
   size_t MaxNewSize                               = 357564416                                 {product} {ergonomic}
   size_t MinHeapDeltaBytes                        = 524288                                    {product} {ergonomic}
   size_t MinHeapSize                              = 104857600                                 {product} {command line}
   size_t NewSize                                  = 34603008                                  {product} {ergonomic}
    uintx NonNMethodCodeHeapSize                   = 5832780                                {pd product} {ergonomic}
    uintx NonProfiledCodeHeapSize                  = 122912730                              {pd product} {ergonomic}
   size_t OldSize                                  = 70254592                                  {product} {ergonomic}
    uintx ProfiledCodeHeapSize                     = 122912730                              {pd product} {ergonomic}
    uintx ReservedCodeCacheSize                    = 251658240                              {pd product} {ergonomic}
     bool SegmentedCodeCache                       = true                                      {product} {ergonomic}
   size_t SoftMaxHeapSize                          = 1073741824                             {manageable} {ergonomic}
     bool UseCompressedClassPointers               = true                           {product lp64_product} {ergonomic}
     bool UseCompressedOops                        = true                           {product lp64_product} {ergonomic}
     bool UseLargePagesIndividualAllocation        = false                                  {pd product} {ergonomic}
     bool UseParallelGC                            = true                                      {product} {command line}

Logging:
Log output configuration:
 #0: stdout all=off uptime,level,tags
 #1: stderr all=off uptime,level,tags

Environment Variables:
PATH=C:\Program Files\Common Files\Oracle\Java\javapath;C:\WINDOWS\system32;C:\WINDOWS;C:\WINDOWS\System32\Wbem;C:\WINDOWS\System32\WindowsPowerShell\v1.0\;C:\WINDOWS\System32\OpenSSH\;C:\Program Files\nodejs\;C:\Program Files\Git\cmd;C:\Users\sujee\AppData\Local\Microsoft\WindowsApps;;C:\Users\sujee\AppData\Local\Programs\Microsoft VS Code\bin;C:\Users\sujee\AppData\Roaming\npm
USERNAME=sujee
OS=Windows_NT
PROCESSOR_IDENTIFIER=AMD64 Family 23 Model 24 Stepping 1, AuthenticAMD
TMP=C:\Users\sujee\AppData\Local\Temp
TEMP=C:\Users\sujee\AppData\Local\Temp



---------------  S Y S T E M  ---------------

OS:
 Windows 11 , 64 bit Build 22621 (10.0.22621.755)
OS uptime: 3 days 0:18 hours
Hyper-V role detected

CPU: total 4 (initial active 4) (4 cores per cpu, 2 threads per core) family 23 model 24 stepping 1 microcode 0x0, cx8, cmov, fxsr, ht, mmx, 3dnowpref, sse, sse2, sse3, ssse3, sse4a, sse4.1, sse4.2, popcnt, lzcnt, tsc, tscinvbit, avx, avx2, aes, clmul, bmi1, bmi2, adx, sha, fma, vzeroupper, clflush, clflushopt, hv

Memory: 4k page, system-wide physical 3460M (287M free)
TotalPageFile size 7172M (AvailPageFile size 1656M)
current process WorkingSet (physical memory assigned to process): 299M, peak: 302M
current process commit charge ("private bytes"): 325M, peak: 366M

vm_info: OpenJDK 64-Bit Server VM (17.0.5+8) for windows-amd64 JRE (17.0.5+8), built on Oct 19 2022 04:48:13 by "temurin" with MS VC++ 16.7 (VS2019)

END.
