#
# A fatal error has been detected by the Java Runtime Environment:
#
#  EXCEPTION_ACCESS_VIOLATION (0xc0000005) at pc=0x00007ffd6bf07cd0, pid=1064, tid=5960
#
# JRE version: OpenJDK Runtime Environment Temurin-17.0.5+8 (17.0.5+8) (build 17.0.5+8)
# Java VM: OpenJDK 64-Bit Server VM Temurin-17.0.5+8 (17.0.5+8, mixed mode, tiered, compressed oops, compressed class ptrs, parallel gc, windows-amd64)
# Problematic frame:
# V  [jvm.dll+0x367cd0]
#
# No core dump will be written. Minidumps are not enabled by default on client versions of Windows
#
# If you would like to submit a bug report, please visit:
#   https://github.com/adoptium/adoptium-support/issues
#

---------------  S U M M A R Y ------------

Command Line: --add-modules=ALL-SYSTEM --add-opens=java.base/java.util=ALL-UNNAMED --add-opens=java.base/java.lang=ALL-UNNAMED --add-opens=java.base/sun.nio.fs=ALL-UNNAMED -Declipse.application=org.eclipse.jdt.ls.core.id1 -Dosgi.bundles.defaultStartLevel=4 -Declipse.product=org.eclipse.jdt.ls.core.product -Djava.import.generatesMetadataFilesAtProjectRoot=false -Dfile.encoding=utf8 -XX:+UseParallelGC -XX:GCTimeRatio=4 -XX:AdaptiveSizePolicyWeight=90 -Dsun.zip.disableMemoryMapping=true -Xmx1G -Xms100m -Xlog:disable -javaagent:c:\Users\sujee\.vscode\extensions\redhat.java-1.13.0-win32-x64\lombok\lombok-1.18.24.jar -XX:+HeapDumpOnOutOfMemoryError -XX:HeapDumpPath=c:\Users\sujee\AppData\Roaming\Code\User\workspaceStorage\f0ec783a8a23ab05bb918e3ad906a61b\redhat.java c:\Users\sujee\.vscode\extensions\redhat.java-1.13.0-win32-x64\server\plugins\org.eclipse.equinox.launcher_1.6.400.v20210924-0641.jar -configuration c:\Users\sujee\AppData\Roaming\Code\User\globalStorage\redhat.java\1.13.0\config_win -data c:\Users\sujee\AppData\Roaming\Code\User\workspaceStorage\f0ec783a8a23ab05bb918e3ad906a61b\redhat.java\jdt_ws

Host: AMD Ryzen 3 3200U with Radeon Vega Mobile Gfx  , 4 cores, 3G,  Windows 11 , 64 bit Build 22621 (10.0.22621.755)
Time: Sat Dec 10 11:51:06 2022 India Standard Time elapsed time: 1294.745502 seconds (0d 0h 21m 34s)

---------------  T H R E A D  ---------------

Current thread (0x000001b9c6f668c0):  JavaThread "C2 CompilerThread1" daemon [_thread_in_native, id=5960, stack(0x0000001059800000,0x0000001059900000)]


Current CompileTask:
C2:1294745 17525       4       org.eclipse.jdt.internal.core.search.BasicSearchEngine$5::acceptIndexMatch (286 bytes)

Stack: [0x0000001059800000,0x0000001059900000],  sp=0x00000010598fbcd0,  free space=1007k
Native frames: (J=compiled Java code, j=interpreted, Vv=VM code, C=native code)
V  [jvm.dll+0x367cd0]
V  [jvm.dll+0x361101]
V  [jvm.dll+0x1bb4d5]
V  [jvm.dll+0x217ca9]
V  [jvm.dll+0x216f71]
V  [jvm.dll+0x1a343d]
V  [jvm.dll+0x22698a]
V  [jvm.dll+0x224ac5]
V  [jvm.dll+0x7e727b]
V  [jvm.dll+0x7e17ea]
V  [jvm.dll+0x6759e5]
C  [ucrtbase.dll+0x29363]
C  [KERNEL32.DLL+0x1244d]
C  [ntdll.dll+0x5dfb8]


siginfo: EXCEPTION_ACCESS_VIOLATION (0xc0000005), reading address 0x00007ffd68707db8


Register to memory mapping:

RIP=0x00007ffd6bf07cd0 jvm.dll
RAX=0x0 is NULL
RBX=0x00000010598fbd20 is pointing into the stack for thread: 0x000001b9c6f668c0
RCX=0x0 is NULL
RDX=0x00007ffd68707db8 is an unknown value
RSP=0x00000010598fbcd0 is pointing into the stack for thread: 0x000001b9c6f668c0
RBP=0x00000010598fbe30 is pointing into the stack for thread: 0x000001b9c6f668c0
RSI=0x00007ffd6c707db8 jvm.dll
RDI=0x000000000000000c is an unknown value
R8 =0x0000000000000080 is an unknown value
R9 =0x000001b9bb2b1a00 points into unknown readable memory: 0x0000000000000000 | 00 00 00 00 00 00 00 00
R10=0x0000000000000003 is an unknown value
R11=0x000001b9c5d2eea0 points into unknown readable memory: 0x0000000500000000 | 00 00 00 00 05 00 00 00
R12=0x0 is NULL
R13=0x000001b99dc5eca0 points into unknown readable memory: 0x0000000000000000 | 00 00 00 00 00 00 00 00
R14=0x0000000000000007 is an unknown value
R15=0x00007ffd6c707db8 jvm.dll


Registers:
RAX=0x0000000000000000, RBX=0x00000010598fbd20, RCX=0x0000000000000000, RDX=0x00007ffd68707db8
RSP=0x00000010598fbcd0, RBP=0x00000010598fbe30, RSI=0x00007ffd6c707db8, RDI=0x000000000000000c
R8 =0x0000000000000080, R9 =0x000001b9bb2b1a00, R10=0x0000000000000003, R11=0x000001b9c5d2eea0
R12=0x0000000000000000, R13=0x000001b99dc5eca0, R14=0x0000000000000007, R15=0x00007ffd6c707db8
RIP=0x00007ffd6bf07cd0, EFLAGS=0x0000000000010246

Top of Stack: (sp=0x00000010598fbcd0)
0x00000010598fbcd0:   000001b9b80ea480 000001b9b74de000
0x00000010598fbce0:   0000000000263eb0 00007ffd6c4fe668
0x00000010598fbcf0:   000001b9ba217a70 00007ffd6bf01101
0x00000010598fbd00:   00000000000018c7 00000000000018c7
0x00000010598fbd10:   000001b9b80ea400 0000000000000000
0x00000010598fbd20:   0000000000000000 0000000400000add
0x00000010598fbd30:   000000190000000b 00007ffd68707db8
0x00000010598fbd40:   000001b9c6075da0 000001b9ba2a2cb0
0x00000010598fbd50:   00000000000003d8 0000000000000000
0x00000010598fbd60:   00000010598fbe70 00007ffd6bd5b4d5
0x00000010598fbd70:   00000010598fc1d0 00000010598fc2b0
0x00000010598fbd80:   000001b9b572bd80 000001b9b572bd70
0x00000010598fbd90:   0000000000000000 00000010598fbe50
0x00000010598fbda0:   0000000000000006 000001b9b572bd70
0x00000010598fbdb0:   000001b9bb2aba80 000001b9bb2b1a30
0x00000010598fbdc0:   000001b9bb2b3a68 0000000000be2338 

Instructions: (pc=0x00007ffd6bf07cd0)
0x00007ffd6bf07bd0:   48 8b a8 80 00 00 00 48 8b 8d d0 08 00 00 48 85
0x00007ffd6bf07be0:   c9 75 0c e8 e8 0b 00 00 48 8b 8d d0 08 00 00 48
0x00007ffd6bf07bf0:   8b 01 0f 57 c0 48 89 85 d0 08 00 00 0f 11 01 0f
0x00007ffd6bf07c00:   11 41 10 41 0f 10 06 0f 11 01 41 0f 10 4e 10 0f
0x00007ffd6bf07c10:   11 49 10 48 8b 43 08 48 89 0c 06 ff c7 ba 50 00
0x00007ffd6bf07c20:   00 00 3b bb 90 00 00 00 0f 82 62 ff ff ff 4c 8b
0x00007ffd6bf07c30:   74 24 60 4c 8b 6c 24 58 4c 8b 64 24 50 48 8b c3
0x00007ffd6bf07c40:   48 83 c4 20 41 5f 5f 5e 5d 5b c3 cc cc cc cc cc
0x00007ffd6bf07c50:   40 53 48 83 ec 20 8b 51 0c 48 8b d9 83 fa 04 73
0x00007ffd6bf07c60:   2a 4c 8b 59 18 66 66 66 0f 1f 84 00 00 00 00 00
0x00007ffd6bf07c70:   44 8b d2 44 8d 4a 01 4b 83 3c d3 00 0f 85 8f 00
0x00007ffd6bf07c80:   00 00 41 8b d1 41 83 f9 04 72 e5 48 89 74 24 30
0x00007ffd6bf07c90:   48 89 7c 24 38 8b 79 10 3b 79 14 73 62 48 8d 35
0x00007ffd6bf07ca0:   14 01 80 00 0f 1f 40 00 0f 1f 84 00 00 00 00 00
0x00007ffd6bf07cb0:   48 8b 43 20 8b cf 48 8b 14 c8 48 3b d6 74 39 33
0x00007ffd6bf07cc0:   c0 48 89 53 18 33 c9 66 0f 1f 84 00 00 00 00 00
0x00007ffd6bf07cd0:   48 83 3c 11 00 44 8d 48 01 75 6f 48 83 c1 08 41
0x00007ffd6bf07ce0:   8b c1 41 83 f9 04 72 e8 48 8b 4b 28 48 85 c9 74
0x00007ffd6bf07cf0:   07 8b d7 e8 58 01 00 00 ff c7 3b 7b 14 72 b1 48
0x00007ffd6bf07d00:   8b 74 24 30 33 c0 48 8b 7c 24 38 48 83 c4 20 5b
0x00007ffd6bf07d10:   c3 8b 41 10 44 8d 04 82 41 c1 e0 06 41 81 c0 00
0x00007ffd6bf07d20:   ff ff ff 44 89 41 08 4b 8b 14 d3 48 0f bc c2 44
0x00007ffd6bf07d30:   89 49 0c 8b c8 48 d3 ea 48 ff ca 41 03 c0 48 89
0x00007ffd6bf07d40:   13 89 43 08 48 83 c4 20 5b c3 48 8b 74 24 30 44
0x00007ffd6bf07d50:   8d 04 b8 8b c8 8d 47 01 48 8b 7c 24 38 41 c1 e0
0x00007ffd6bf07d60:   06 44 89 43 08 48 8b 14 ca 89 43 10 48 0f bc c2
0x00007ffd6bf07d70:   44 89 4b 0c 8b c8 48 d3 ea 48 ff ca 41 03 c0 48
0x00007ffd6bf07d80:   89 13 89 43 08 48 83 c4 20 5b c3 cc cc cc cc cc
0x00007ffd6bf07d90:   40 53 48 83 ec 20 65 48 8b 04 25 58 00 00 00 8b
0x00007ffd6bf07da0:   0d d3 e6 83 00 48 8b 1c c8 b8 50 00 00 00 80 3c
0x00007ffd6bf07db0:   18 00 75 05 e8 07 46 52 00 b8 20 00 00 00 48 8b
0x00007ffd6bf07dc0:   04 18 48 8b 88 d0 04 00 00 48 8b 99 80 00 00 00 


Stack slot to memory mapping:
stack at sp + 0 slots: 0x000001b9b80ea480 points into unknown readable memory: 0x006b007200000006 | 06 00 00 00 72 00 6b 00
stack at sp + 1 slots: 0x000001b9b74de000 points into unknown readable memory: 0x00007ffd6c707db8 | b8 7d 70 6c fd 7f 00 00
stack at sp + 2 slots: 0x0000000000263eb0 is an unknown value
stack at sp + 3 slots: 0x00007ffd6c4fe668 jvm.dll
stack at sp + 4 slots: 0x000001b9ba217a70 points into unknown readable memory: 0x000000190000001a | 1a 00 00 00 19 00 00 00
stack at sp + 5 slots: 0x00007ffd6bf01101 jvm.dll
stack at sp + 6 slots: 0x00000000000018c7 is an unknown value
stack at sp + 7 slots: 0x00000000000018c7 is an unknown value


---------------  P R O C E S S  ---------------

Threads class SMR info:
_java_thread_list=0x000001b9b8214560, length=35, elements={
0x000001b99dbfda80, 0x000001b99dcba470, 0x000001b99dcbe700, 0x000001b9b399cb40,
0x000001b9b399f410, 0x000001b9b39a0470, 0x000001b9b39a0d30, 0x000001b9b39a5670,
0x000001b9b39a7f10, 0x000001b9b39b2400, 0x000001b9b39ce8e0, 0x000001b9b55e9b50,
0x000001b9b5b19f90, 0x000001b9b5e801d0, 0x000001b9b5e806a0, 0x000001b9b5cf58e0,
0x000001b9b5779030, 0x000001b9b5db3cd0, 0x000001b9b5db3800, 0x000001b9b8fb0c10,
0x000001b9b8fb6c50, 0x000001b9b8fb15b0, 0x000001b9b8fb1a80, 0x000001b9c5adf730,
0x000001b9c5ade3f0, 0x000001b9c5ae0a70, 0x000001b9c5add0b0, 0x000001b9b8fb0740,
0x000001b9c5ae2280, 0x000001b9c5adda50, 0x000001b9c5adfc00, 0x000001b9b8faf8d0,
0x000001b9b8fafda0, 0x000001b9c6f668c0, 0x000001b9b8fb1f50
}

Java Threads: ( => current thread )
  0x000001b99dbfda80 JavaThread "main" [_thread_blocked, id=12372, stack(0x0000001057400000,0x0000001057500000)]
  0x000001b99dcba470 JavaThread "Reference Handler" daemon [_thread_blocked, id=7092, stack(0x0000001057700000,0x0000001057800000)]
  0x000001b99dcbe700 JavaThread "Finalizer" daemon [_thread_blocked, id=14148, stack(0x0000001057800000,0x0000001057900000)]
  0x000001b9b399cb40 JavaThread "Signal Dispatcher" daemon [_thread_blocked, id=11340, stack(0x0000001057900000,0x0000001057a00000)]
  0x000001b9b399f410 JavaThread "Attach Listener" daemon [_thread_blocked, id=1480, stack(0x0000001057a00000,0x0000001057b00000)]
  0x000001b9b39a0470 JavaThread "Service Thread" daemon [_thread_blocked, id=900, stack(0x0000001057b00000,0x0000001057c00000)]
  0x000001b9b39a0d30 JavaThread "Monitor Deflation Thread" daemon [_thread_blocked, id=4456, stack(0x0000001057c00000,0x0000001057d00000)]
  0x000001b9b39a5670 JavaThread "C2 CompilerThread0" daemon [_thread_in_native, id=8292, stack(0x0000001057d00000,0x0000001057e00000)]
  0x000001b9b39a7f10 JavaThread "C1 CompilerThread0" daemon [_thread_blocked, id=12652, stack(0x0000001057e00000,0x0000001057f00000)]
  0x000001b9b39b2400 JavaThread "Sweeper thread" daemon [_thread_blocked, id=10968, stack(0x0000001057f00000,0x0000001058000000)]
  0x000001b9b39ce8e0 JavaThread "Common-Cleaner" daemon [_thread_blocked, id=7704, stack(0x0000001058000000,0x0000001058100000)]
  0x000001b9b55e9b50 JavaThread "Notification Thread" daemon [_thread_blocked, id=13004, stack(0x0000001058100000,0x0000001058200000)]
  0x000001b9b5b19f90 JavaThread "Active Thread: Equinox Container: 59bce62a-893b-4eb0-ba47-946cc3ef828a" [_thread_blocked, id=3476, stack(0x0000001058600000,0x0000001058700000)]
  0x000001b9b5e801d0 JavaThread "Framework Event Dispatcher: Equinox Container: 59bce62a-893b-4eb0-ba47-946cc3ef828a" daemon [_thread_blocked, id=6868, stack(0x0000001058700000,0x0000001058800000)]
  0x000001b9b5e806a0 JavaThread "Start Level: Equinox Container: 59bce62a-893b-4eb0-ba47-946cc3ef828a" daemon [_thread_blocked, id=12196, stack(0x0000001058800000,0x0000001058900000)]
  0x000001b9b5cf58e0 JavaThread "SCR Component Actor" daemon [_thread_blocked, id=716, stack(0x0000001058900000,0x0000001058a00000)]
  0x000001b9b5779030 JavaThread "Worker-JM" [_thread_blocked, id=8696, stack(0x0000001058b00000,0x0000001058c00000)]
  0x000001b9b5db3cd0 JavaThread "Java indexing" daemon [_thread_blocked, id=5492, stack(0x0000001058e00000,0x0000001058f00000)]
  0x000001b9b5db3800 JavaThread "JNA Cleaner" daemon [_thread_blocked, id=1532, stack(0x0000001059100000,0x0000001059200000)]
  0x000001b9b8fb0c10 JavaThread "pool-2-thread-1" [_thread_blocked, id=12992, stack(0x0000001059200000,0x0000001059300000)]
  0x000001b9b8fb6c50 JavaThread "pool-1-thread-1" [_thread_in_native, id=6656, stack(0x0000001059300000,0x0000001059400000)]
  0x000001b9b8fb15b0 JavaThread "Bundle File Closer" daemon [_thread_blocked, id=9796, stack(0x0000001059700000,0x0000001059800000)]
  0x000001b9b8fb1a80 JavaThread "ForkJoinPool.commonPool-worker-6" daemon [_thread_in_Java, id=11544, stack(0x0000001058d00000,0x0000001058e00000)]
  0x000001b9c5adf730 JavaThread "Worker-8" [_thread_blocked, id=8760, stack(0x0000001057100000,0x0000001057200000)]
  0x000001b9c5ade3f0 JavaThread "Java Debug Server" daemon [_thread_in_native, id=11316, stack(0x0000001058c00000,0x0000001058d00000)]
  0x000001b9c5ae0a70 JavaThread "RxSchedulerPurge-1" daemon [_thread_blocked, id=2068, stack(0x0000001059500000,0x0000001059600000)]
  0x000001b9c5add0b0 JavaThread "RxCachedWorkerPoolEvictor-1" daemon [_thread_blocked, id=720, stack(0x0000001059600000,0x0000001059700000)]
  0x000001b9b8fb0740 JavaThread "Worker-9" [_thread_blocked, id=1440, stack(0x0000001058f00000,0x0000001059000000)]
  0x000001b9c5ae2280 JavaThread "ForkJoinPool.commonPool-worker-7" daemon [_thread_blocked, id=11052, stack(0x0000001057200000,0x0000001057300000)]
  0x000001b9c5adda50 JavaThread "ForkJoinPool.commonPool-worker-8" daemon [_thread_blocked, id=12924, stack(0x0000001057300000,0x0000001057400000)]
  0x000001b9c5adfc00 JavaThread "Worker-11" [_thread_blocked, id=8884, stack(0x0000001058a00000,0x0000001058b00000)]
  0x000001b9b8faf8d0 JavaThread "Worker-12" [_thread_blocked, id=3452, stack(0x0000001059000000,0x0000001059100000)]
  0x000001b9b8fafda0 JavaThread "pool-1-thread-9" [_thread_blocked, id=7180, stack(0x0000001059400000,0x0000001059500000)]
=>0x000001b9c6f668c0 JavaThread "C2 CompilerThread1" daemon [_thread_in_native, id=5960, stack(0x0000001059800000,0x0000001059900000)]
  0x000001b9b8fb1f50 JavaThread "ForkJoinPool.commonPool-worker-9" daemon [_thread_blocked, id=9976, stack(0x0000001059900000,0x0000001059a00000)]

Other Threads:
  0x000001b99dc85f90 VMThread "VM Thread" [stack: 0x0000001057600000,0x0000001057700000] [id=3012]
  0x000001b9b55d1ea0 WatcherThread [stack: 0x0000001058200000,0x0000001058300000] [id=3676]
  0x000001b99dc12680 GCTaskThread "GC Thread#0" [stack: 0x0000001057500000,0x0000001057600000] [id=9388]
  0x000001b9b59f7920 GCTaskThread "GC Thread#1" [stack: 0x0000001058300000,0x0000001058400000] [id=7740]
  0x000001b9b5858290 GCTaskThread "GC Thread#2" [stack: 0x0000001058400000,0x0000001058500000] [id=9604]
  0x000001b9b59f7bd0 GCTaskThread "GC Thread#3" [stack: 0x0000001058500000,0x0000001058600000] [id=1248]

Threads with active compile tasks:
C2 CompilerThread0  1294800 17581  s!   4       org.eclipse.jdt.core.JavaConventions::scannedIdentifier (144 bytes)
C2 CompilerThread1  1294801 17525       4       org.eclipse.jdt.internal.core.search.BasicSearchEngine$5::acceptIndexMatch (286 bytes)

VM state: not at safepoint (normal execution)

VM Mutex/Monitor currently owned by a thread:  ([mutex/lock_event])
[0x000001b99dbfafe0] VMOperation_lock - owner thread: 0x0000000000000000

Heap address: 0x00000000c0000000, size: 1024 MB, Compressed Oops mode: 32-bit

CDS archive(s) not mapped
Compressed class space mapped at: 0x0000000100000000-0x0000000140000000, reserved size: 1073741824
Narrow klass base: 0x0000000000000000, Narrow klass shift: 3, Narrow klass range: 0x140000000

GC Precious Log:
 CPUs: 4 total, 4 available
 Memory: 3460M
 Large Page Support: Disabled
 NUMA Support: Disabled
 Compressed Oops: Enabled (32-bit)
 Alignments: Space 512K, Generation 512K, Heap 2M
 Heap Min Capacity: 100M
 Heap Initial Capacity: 100M
 Heap Max Capacity: 1G
 Pre-touch: Disabled
 Parallel Workers: 4

Heap:
 PSYoungGen      total 2048K, used 917K [0x00000000eab00000, 0x00000000eae00000, 0x0000000100000000)
  eden space 1536K, 27% used [0x00000000eab00000,0x00000000eab69f90,0x00000000eac80000)
  from space 512K, 96% used [0x00000000ead80000,0x00000000eadfb780,0x00000000eae00000)
  to   space 512K, 0% used [0x00000000ead00000,0x00000000ead00000,0x00000000ead80000)
 ParOldGen       total 100352K, used 85521K [0x00000000c0000000, 0x00000000c6200000, 0x00000000eab00000)
  object space 100352K, 85% used [0x00000000c0000000,0x00000000c53844e8,0x00000000c6200000)
 Metaspace       used 82166K, committed 83200K, reserved 1130496K
  class space    used 8313K, committed 8768K, reserved 1048576K

Card table byte_map: [0x000001b9b1260000,0x000001b9b1470000] _byte_map_base: 0x000001b9b0c60000

Marking Bits: (ParMarkBitMap*) 0x00007ffd6c720dd0
 Begin Bits: [0x000001b9b15d0000, 0x000001b9b25d0000)
 End Bits:   [0x000001b9b25d0000, 0x000001b9b35d0000)

Polling page: 0x000001b99da80000

Metaspace:

Usage:
  Non-class:     72.12 MB used.
      Class:      8.12 MB used.
       Both:     80.24 MB used.

Virtual space:
  Non-class space:       80.00 MB reserved,      72.69 MB ( 91%) committed,  10 nodes.
      Class space:        1.00 GB reserved,       8.56 MB ( <1%) committed,  1 nodes.
             Both:        1.08 GB reserved,      81.25 MB (  7%) committed. 

Chunk freelists:
   Non-Class:  2.41 MB
       Class:  3.41 MB
        Both:  5.82 MB

MaxMetaspaceSize: unlimited
CompressedClassSpaceSize: 1.00 GB
Initial GC threshold: 21.00 MB
Current GC threshold: 135.44 MB
CDS: off
MetaspaceReclaimPolicy: balanced
 - commit_granule_bytes: 65536.
 - commit_granule_words: 8192.
 - virtual_space_node_default_size: 1048576.
 - enlarge_chunks_in_place: 1.
 - new_chunks_are_fully_committed: 0.
 - uncommit_free_chunks: 1.
 - use_allocation_guard: 0.
 - handle_deallocations: 1.


Internal statistics:

num_allocs_failed_limit: 9.
num_arena_births: 650.
num_arena_deaths: 74.
num_vsnodes_births: 11.
num_vsnodes_deaths: 0.
num_space_committed: 1300.
num_space_uncommitted: 0.
num_chunks_returned_to_freelist: 96.
num_chunks_taken_from_freelist: 3862.
num_chunk_merges: 30.
num_chunk_splits: 2435.
num_chunks_enlarged: 1538.
num_purges: 8.
num_inconsistent_stats: 0.

CodeHeap 'non-profiled nmethods': size=120000Kb used=12867Kb max_used=13315Kb free=107132Kb
 bounds [0x000001b9a9b50000, 0x000001b9aa860000, 0x000001b9b1080000]
CodeHeap 'profiled nmethods': size=120000Kb used=29454Kb max_used=29645Kb free=90545Kb
 bounds [0x000001b9a2620000, 0x000001b9a4360000, 0x000001b9a9b50000]
CodeHeap 'non-nmethods': size=5760Kb used=1428Kb max_used=1506Kb free=4331Kb
 bounds [0x000001b9a2080000, 0x000001b9a22f0000, 0x000001b9a2620000]
 total_blobs=13858 nmethods=13074 adapters=695
 compilation: enabled
              stopped_count=0, restarted_count=0
 full_count=0

Compilation events (20 events):
Event: 1294.156 Thread 0x000001b9b39a7f10 nmethod 17572 0x000001b9a3c09a90 code [0x000001b9a3c09cc0, 0x000001b9a3c0a3c8]
Event: 1294.326 Thread 0x000001b9b39a5670 nmethod 17521 0x000001b9aa5f2e10 code [0x000001b9aa5f32e0, 0x000001b9aa5fca90]
Event: 1294.326 Thread 0x000001b9b39a5670 17552       4       org.eclipse.jdt.internal.compiler.util.Util::scanClassTypeSignature (109 bytes)
Event: 1294.332 Thread 0x000001b9b39a5670 nmethod 17552 0x000001b9aa5a2310 code [0x000001b9aa5a24e0, 0x000001b9aa5a2a28]
Event: 1294.332 Thread 0x000001b9b39a5670 17566       4       org.eclipse.jdt.internal.compiler.util.Util::scanTypeSignature (206 bytes)
Event: 1294.354 Thread 0x000001b9b39a5670 nmethod 17566 0x000001b9a9ddb510 code [0x000001b9a9ddb800, 0x000001b9a9ddca30]
Event: 1294.355 Thread 0x000001b9b39a5670 17554       4       org.eclipse.jdt.internal.compiler.classfmt.MethodInfo::decodeCodeAttribute (147 bytes)
Event: 1294.374 Thread 0x000001b9b39a5670 nmethod 17554 0x000001b9aa154590 code [0x000001b9aa154780, 0x000001b9aa155c38]
Event: 1294.374 Thread 0x000001b9b39a5670 17556       4       org.eclipse.jdt.internal.core.ClassFileInfo::generateAnnotationsInfos (52 bytes)
Event: 1294.395 Thread 0x000001b9b39a5670 nmethod 17556 0x000001b9aa2e8110 code [0x000001b9aa2e83e0, 0x000001b9aa2e9f28]
Event: 1294.395 Thread 0x000001b9b39a5670 17573       4       org.eclipse.jdt.internal.core.ClassFileInfo::generateTypeParameterInfos (186 bytes)
Event: 1294.508 Thread 0x000001b9b39a5670 nmethod 17573 0x000001b9a9f1d490 code [0x000001b9a9f1d860, 0x000001b9a9f21558]
Event: 1294.509 Thread 0x000001b9b39a5670 17574   !   4       org.eclipse.jdt.core.Signature::getTypeParameters (309 bytes)
Event: 1294.534 Thread 0x000001b9b39a5670 nmethod 17574 0x000001b9aa325410 code [0x000001b9aa325640, 0x000001b9aa326e88]
Event: 1294.534 Thread 0x000001b9b39a5670 17575   !   4       org.eclipse.jdt.core.Signature::getParameterCount (84 bytes)
Event: 1294.537 Thread 0x000001b9b39a5670 nmethod 17575 0x000001b9aa5a1c10 code [0x000001b9aa5a1da0, 0x000001b9aa5a2008]
Event: 1294.537 Thread 0x000001b9b39a5670 17555       4       org.eclipse.jdt.internal.core.ClassFileInfo::generateAnnotationsInfos (11 bytes)
Event: 1294.538 Thread 0x000001b9b39a5670 nmethod 17555 0x000001b9aa2e7e10 code [0x000001b9aa2e7fa0, 0x000001b9aa2e8048]
Event: 1294.558 Thread 0x000001b9b39a5670 17576  s    4       org.eclipse.jdt.internal.compiler.classfmt.MethodInfo::readCodeAttribute (117 bytes)
Event: 1294.567 Thread 0x000001b9b39a5670 nmethod 17576 0x000001b9a9dda310 code [0x000001b9a9dda4c0, 0x000001b9a9ddafe8]

GC Heap History (20 events):
Event: 1293.668 GC heap before
{Heap before GC invocations=1260 (full 46):
 PSYoungGen      total 2048K, used 1929K [0x00000000eab00000, 0x00000000eae00000, 0x0000000100000000)
  eden space 1536K, 99% used [0x00000000eab00000,0x00000000eac7fff0,0x00000000eac80000)
  from space 512K, 76% used [0x00000000ead80000,0x00000000eade2508,0x00000000eae00000)
  to   space 512K, 0% used [0x00000000ead00000,0x00000000ead00000,0x00000000ead80000)
 ParOldGen       total 100352K, used 80581K [0x00000000c0000000, 0x00000000c6200000, 0x00000000eab00000)
  object space 100352K, 80% used [0x00000000c0000000,0x00000000c4eb1598,0x00000000c6200000)
 Metaspace       used 82152K, committed 83200K, reserved 1130496K
  class space    used 8313K, committed 8768K, reserved 1048576K
}
Event: 1293.670 GC heap after
{Heap after GC invocations=1260 (full 46):
 PSYoungGen      total 2048K, used 508K [0x00000000eab00000, 0x00000000eae80000, 0x0000000100000000)
  eden space 1536K, 0% used [0x00000000eab00000,0x00000000eab00000,0x00000000eac80000)
  from space 512K, 99% used [0x00000000ead00000,0x00000000ead7f0b0,0x00000000ead80000)
  to   space 1024K, 0% used [0x00000000ead80000,0x00000000ead80000,0x00000000eae80000)
 ParOldGen       total 100352K, used 80993K [0x00000000c0000000, 0x00000000c6200000, 0x00000000eab00000)
  object space 100352K, 80% used [0x00000000c0000000,0x00000000c4f186b0,0x00000000c6200000)
 Metaspace       used 82152K, committed 83200K, reserved 1130496K
  class space    used 8313K, committed 8768K, reserved 1048576K
}
Event: 1293.839 GC heap before
{Heap before GC invocations=1261 (full 46):
 PSYoungGen      total 2048K, used 2044K [0x00000000eab00000, 0x00000000eae80000, 0x0000000100000000)
  eden space 1536K, 99% used [0x00000000eab00000,0x00000000eac7ffe8,0x00000000eac80000)
  from space 512K, 99% used [0x00000000ead00000,0x00000000ead7f0b0,0x00000000ead80000)
  to   space 1024K, 0% used [0x00000000ead80000,0x00000000ead80000,0x00000000eae80000)
 ParOldGen       total 100352K, used 80993K [0x00000000c0000000, 0x00000000c6200000, 0x00000000eab00000)
  object space 100352K, 80% used [0x00000000c0000000,0x00000000c4f186b0,0x00000000c6200000)
 Metaspace       used 82164K, committed 83200K, reserved 1130496K
  class space    used 8313K, committed 8768K, reserved 1048576K
}
Event: 1293.840 GC heap after
{Heap after GC invocations=1261 (full 46):
 PSYoungGen      total 2560K, used 288K [0x00000000eab00000, 0x00000000eae80000, 0x0000000100000000)
  eden space 1536K, 0% used [0x00000000eab00000,0x00000000eab00000,0x00000000eac80000)
  from space 1024K, 28% used [0x00000000ead80000,0x00000000eadc8000,0x00000000eae80000)
  to   space 1024K, 0% used [0x00000000eac80000,0x00000000eac80000,0x00000000ead80000)
 ParOldGen       total 100352K, used 81487K [0x00000000c0000000, 0x00000000c6200000, 0x00000000eab00000)
  object space 100352K, 81% used [0x00000000c0000000,0x00000000c4f93d40,0x00000000c6200000)
 Metaspace       used 82164K, committed 83200K, reserved 1130496K
  class space    used 8313K, committed 8768K, reserved 1048576K
}
Event: 1293.866 GC heap before
{Heap before GC invocations=1262 (full 46):
 PSYoungGen      total 2560K, used 1823K [0x00000000eab00000, 0x00000000eae80000, 0x0000000100000000)
  eden space 1536K, 99% used [0x00000000eab00000,0x00000000eac7ffd8,0x00000000eac80000)
  from space 1024K, 28% used [0x00000000ead80000,0x00000000eadc8000,0x00000000eae80000)
  to   space 1024K, 0% used [0x00000000eac80000,0x00000000eac80000,0x00000000ead80000)
 ParOldGen       total 100352K, used 81487K [0x00000000c0000000, 0x00000000c6200000, 0x00000000eab00000)
  object space 100352K, 81% used [0x00000000c0000000,0x00000000c4f93d40,0x00000000c6200000)
 Metaspace       used 82164K, committed 83200K, reserved 1130496K
  class space    used 8313K, committed 8768K, reserved 1048576K
}
Event: 1293.869 GC heap after
{Heap after GC invocations=1262 (full 46):
 PSYoungGen      total 2560K, used 688K [0x00000000eab00000, 0x00000000eae80000, 0x0000000100000000)
  eden space 1536K, 0% used [0x00000000eab00000,0x00000000eab00000,0x00000000eac80000)
  from space 1024K, 67% used [0x00000000eac80000,0x00000000ead2c010,0x00000000ead80000)
  to   space 1024K, 0% used [0x00000000ead80000,0x00000000ead80000,0x00000000eae80000)
 ParOldGen       total 100352K, used 81740K [0x00000000c0000000, 0x00000000c6200000, 0x00000000eab00000)
  object space 100352K, 81% used [0x00000000c0000000,0x00000000c4fd3100,0x00000000c6200000)
 Metaspace       used 82164K, committed 83200K, reserved 1130496K
  class space    used 8313K, committed 8768K, reserved 1048576K
}
Event: 1293.914 GC heap before
{Heap before GC invocations=1263 (full 46):
 PSYoungGen      total 2560K, used 2208K [0x00000000eab00000, 0x00000000eae80000, 0x0000000100000000)
  eden space 1536K, 98% used [0x00000000eab00000,0x00000000eac7c188,0x00000000eac80000)
  from space 1024K, 67% used [0x00000000eac80000,0x00000000ead2c010,0x00000000ead80000)
  to   space 1024K, 0% used [0x00000000ead80000,0x00000000ead80000,0x00000000eae80000)
 ParOldGen       total 100352K, used 81740K [0x00000000c0000000, 0x00000000c6200000, 0x00000000eab00000)
  object space 100352K, 81% used [0x00000000c0000000,0x00000000c4fd3100,0x00000000c6200000)
 Metaspace       used 82164K, committed 83200K, reserved 1130496K
  class space    used 8313K, committed 8768K, reserved 1048576K
}
Event: 1293.916 GC heap after
{Heap after GC invocations=1263 (full 46):
 PSYoungGen      total 2048K, used 256K [0x00000000eab00000, 0x00000000eae00000, 0x0000000100000000)
  eden space 1536K, 0% used [0x00000000eab00000,0x00000000eab00000,0x00000000eac80000)
  from space 512K, 50% used [0x00000000ead80000,0x00000000eadc0000,0x00000000eae00000)
  to   space 512K, 0% used [0x00000000ead00000,0x00000000ead00000,0x00000000ead80000)
 ParOldGen       total 100352K, used 82318K [0x00000000c0000000, 0x00000000c6200000, 0x00000000eab00000)
  object space 100352K, 82% used [0x00000000c0000000,0x00000000c5063a40,0x00000000c6200000)
 Metaspace       used 82164K, committed 83200K, reserved 1130496K
  class space    used 8313K, committed 8768K, reserved 1048576K
}
Event: 1293.949 GC heap before
{Heap before GC invocations=1264 (full 46):
 PSYoungGen      total 2048K, used 1792K [0x00000000eab00000, 0x00000000eae00000, 0x0000000100000000)
  eden space 1536K, 100% used [0x00000000eab00000,0x00000000eac80000,0x00000000eac80000)
  from space 512K, 50% used [0x00000000ead80000,0x00000000eadc0000,0x00000000eae00000)
  to   space 512K, 0% used [0x00000000ead00000,0x00000000ead00000,0x00000000ead80000)
 ParOldGen       total 100352K, used 82318K [0x00000000c0000000, 0x00000000c6200000, 0x00000000eab00000)
  object space 100352K, 82% used [0x00000000c0000000,0x00000000c5063a40,0x00000000c6200000)
 Metaspace       used 82166K, committed 83200K, reserved 1130496K
  class space    used 8313K, committed 8768K, reserved 1048576K
}
Event: 1293.951 GC heap after
{Heap after GC invocations=1264 (full 46):
 PSYoungGen      total 2048K, used 439K [0x00000000eab00000, 0x00000000eae00000, 0x0000000100000000)
  eden space 1536K, 0% used [0x00000000eab00000,0x00000000eab00000,0x00000000eac80000)
  from space 512K, 85% used [0x00000000ead00000,0x00000000ead6df30,0x00000000ead80000)
  to   space 512K, 0% used [0x00000000ead80000,0x00000000ead80000,0x00000000eae00000)
 ParOldGen       total 100352K, used 82544K [0x00000000c0000000, 0x00000000c6200000, 0x00000000eab00000)
  object space 100352K, 82% used [0x00000000c0000000,0x00000000c509c2a8,0x00000000c6200000)
 Metaspace       used 82166K, committed 83200K, reserved 1130496K
  class space    used 8313K, committed 8768K, reserved 1048576K
}
Event: 1294.083 GC heap before
{Heap before GC invocations=1265 (full 46):
 PSYoungGen      total 2048K, used 1975K [0x00000000eab00000, 0x00000000eae00000, 0x0000000100000000)
  eden space 1536K, 100% used [0x00000000eab00000,0x00000000eac80000,0x00000000eac80000)
  from space 512K, 85% used [0x00000000ead00000,0x00000000ead6df30,0x00000000ead80000)
  to   space 512K, 0% used [0x00000000ead80000,0x00000000ead80000,0x00000000eae00000)
 ParOldGen       total 100352K, used 82544K [0x00000000c0000000, 0x00000000c6200000, 0x00000000eab00000)
  object space 100352K, 82% used [0x00000000c0000000,0x00000000c509c2a8,0x00000000c6200000)
 Metaspace       used 82166K, committed 83200K, reserved 1130496K
  class space    used 8313K, committed 8768K, reserved 1048576K
}
Event: 1294.085 GC heap after
{Heap after GC invocations=1265 (full 46):
 PSYoungGen      total 2048K, used 498K [0x00000000eab00000, 0x00000000eae80000, 0x0000000100000000)
  eden space 1536K, 0% used [0x00000000eab00000,0x00000000eab00000,0x00000000eac80000)
  from space 512K, 97% used [0x00000000ead80000,0x00000000eadfca48,0x00000000eae00000)
  to   space 1024K, 0% used [0x00000000eac80000,0x00000000eac80000,0x00000000ead80000)
 ParOldGen       total 100352K, used 82970K [0x00000000c0000000, 0x00000000c6200000, 0x00000000eab00000)
  object space 100352K, 82% used [0x00000000c0000000,0x00000000c5106b00,0x00000000c6200000)
 Metaspace       used 82166K, committed 83200K, reserved 1130496K
  class space    used 8313K, committed 8768K, reserved 1048576K
}
Event: 1294.131 GC heap before
{Heap before GC invocations=1266 (full 46):
 PSYoungGen      total 2048K, used 2034K [0x00000000eab00000, 0x00000000eae80000, 0x0000000100000000)
  eden space 1536K, 100% used [0x00000000eab00000,0x00000000eac80000,0x00000000eac80000)
  from space 512K, 97% used [0x00000000ead80000,0x00000000eadfca48,0x00000000eae00000)
  to   space 1024K, 0% used [0x00000000eac80000,0x00000000eac80000,0x00000000ead80000)
 ParOldGen       total 100352K, used 82970K [0x00000000c0000000, 0x00000000c6200000, 0x00000000eab00000)
  object space 100352K, 82% used [0x00000000c0000000,0x00000000c5106b00,0x00000000c6200000)
 Metaspace       used 82166K, committed 83200K, reserved 1130496K
  class space    used 8313K, committed 8768K, reserved 1048576K
}
Event: 1294.133 GC heap after
{Heap after GC invocations=1266 (full 46):
 PSYoungGen      total 2560K, used 453K [0x00000000eab00000, 0x00000000eae80000, 0x0000000100000000)
  eden space 1536K, 0% used [0x00000000eab00000,0x00000000eab00000,0x00000000eac80000)
  from space 1024K, 44% used [0x00000000eac80000,0x00000000eacf1738,0x00000000ead80000)
  to   space 1024K, 0% used [0x00000000ead80000,0x00000000ead80000,0x00000000eae80000)
 ParOldGen       total 100352K, used 83434K [0x00000000c0000000, 0x00000000c6200000, 0x00000000eab00000)
  object space 100352K, 83% used [0x00000000c0000000,0x00000000c517ab38,0x00000000c6200000)
 Metaspace       used 82166K, committed 83200K, reserved 1130496K
  class space    used 8313K, committed 8768K, reserved 1048576K
}
Event: 1294.175 GC heap before
{Heap before GC invocations=1267 (full 46):
 PSYoungGen      total 2560K, used 1987K [0x00000000eab00000, 0x00000000eae80000, 0x0000000100000000)
  eden space 1536K, 99% used [0x00000000eab00000,0x00000000eac7f528,0x00000000eac80000)
  from space 1024K, 44% used [0x00000000eac80000,0x00000000eacf1738,0x00000000ead80000)
  to   space 1024K, 0% used [0x00000000ead80000,0x00000000ead80000,0x00000000eae80000)
 ParOldGen       total 100352K, used 83434K [0x00000000c0000000, 0x00000000c6200000, 0x00000000eab00000)
  object space 100352K, 83% used [0x00000000c0000000,0x00000000c517ab38,0x00000000c6200000)
 Metaspace       used 82166K, committed 83200K, reserved 1130496K
  class space    used 8313K, committed 8768K, reserved 1048576K
}
Event: 1294.177 GC heap after
{Heap after GC invocations=1267 (full 46):
 PSYoungGen      total 2048K, used 470K [0x00000000eab00000, 0x00000000eae00000, 0x0000000100000000)
  eden space 1536K, 0% used [0x00000000eab00000,0x00000000eab00000,0x00000000eac80000)
  from space 512K, 91% used [0x00000000ead80000,0x00000000eadf5ad8,0x00000000eae00000)
  to   space 512K, 0% used [0x00000000ead00000,0x00000000ead00000,0x00000000ead80000)
 ParOldGen       total 100352K, used 83854K [0x00000000c0000000, 0x00000000c6200000, 0x00000000eab00000)
  object space 100352K, 83% used [0x00000000c0000000,0x00000000c51e3808,0x00000000c6200000)
 Metaspace       used 82166K, committed 83200K, reserved 1130496K
  class space    used 8313K, committed 8768K, reserved 1048576K
}
Event: 1294.188 GC heap before
{Heap before GC invocations=1268 (full 46):
 PSYoungGen      total 2048K, used 2006K [0x00000000eab00000, 0x00000000eae00000, 0x0000000100000000)
  eden space 1536K, 100% used [0x00000000eab00000,0x00000000eac80000,0x00000000eac80000)
  from space 512K, 91% used [0x00000000ead80000,0x00000000eadf5ad8,0x00000000eae00000)
  to   space 512K, 0% used [0x00000000ead00000,0x00000000ead00000,0x00000000ead80000)
 ParOldGen       total 100352K, used 83854K [0x00000000c0000000, 0x00000000c6200000, 0x00000000eab00000)
  object space 100352K, 83% used [0x00000000c0000000,0x00000000c51e3808,0x00000000c6200000)
 Metaspace       used 82166K, committed 83200K, reserved 1130496K
  class space    used 8313K, committed 8768K, reserved 1048576K
}
Event: 1294.190 GC heap after
{Heap after GC invocations=1268 (full 46):
 PSYoungGen      total 2048K, used 504K [0x00000000eab00000, 0x00000000eae00000, 0x0000000100000000)
  eden space 1536K, 0% used [0x00000000eab00000,0x00000000eab00000,0x00000000eac80000)
  from space 512K, 98% used [0x00000000ead00000,0x00000000ead7e100,0x00000000ead80000)
  to   space 512K, 0% used [0x00000000ead80000,0x00000000ead80000,0x00000000eae00000)
 ParOldGen       total 100352K, used 84263K [0x00000000c0000000, 0x00000000c6200000, 0x00000000eab00000)
  object space 100352K, 83% used [0x00000000c0000000,0x00000000c5249d80,0x00000000c6200000)
 Metaspace       used 82166K, committed 83200K, reserved 1130496K
  class space    used 8313K, committed 8768K, reserved 1048576K
}
Event: 1294.502 GC heap before
{Heap before GC invocations=1269 (full 46):
 PSYoungGen      total 2048K, used 2040K [0x00000000eab00000, 0x00000000eae00000, 0x0000000100000000)
  eden space 1536K, 100% used [0x00000000eab00000,0x00000000eac80000,0x00000000eac80000)
  from space 512K, 98% used [0x00000000ead00000,0x00000000ead7e100,0x00000000ead80000)
  to   space 512K, 0% used [0x00000000ead80000,0x00000000ead80000,0x00000000eae00000)
 ParOldGen       total 100352K, used 84263K [0x00000000c0000000, 0x00000000c6200000, 0x00000000eab00000)
  object space 100352K, 83% used [0x00000000c0000000,0x00000000c5249d80,0x00000000c6200000)
 Metaspace       used 82166K, committed 83200K, reserved 1130496K
  class space    used 8313K, committed 8768K, reserved 1048576K
}
Event: 1294.503 GC heap after
{Heap after GC invocations=1269 (full 46):
 PSYoungGen      total 2048K, used 407K [0x00000000eab00000, 0x00000000eae00000, 0x0000000100000000)
  eden space 1536K, 0% used [0x00000000eab00000,0x00000000eab00000,0x00000000eac80000)
  from space 512K, 79% used [0x00000000ead80000,0x00000000eade5cc0,0x00000000eae00000)
  to   space 512K, 0% used [0x00000000ead00000,0x00000000ead00000,0x00000000ead80000)
 ParOldGen       total 100352K, used 84706K [0x00000000c0000000, 0x00000000c6200000, 0x00000000eab00000)
  object space 100352K, 84% used [0x00000000c0000000,0x00000000c52b8b68,0x00000000c6200000)
 Metaspace       used 82166K, committed 83200K, reserved 1130496K
  class space    used 8313K, committed 8768K, reserved 1048576K
}

Dll operation events (11 events):
Event: 0.128 Loaded shared library c:\Users\sujee\.vscode\extensions\redhat.java-1.13.0-win32-x64\jre\17.0.5-win32-x86_64\bin\java.dll
Event: 0.356 Loaded shared library c:\Users\sujee\.vscode\extensions\redhat.java-1.13.0-win32-x64\jre\17.0.5-win32-x86_64\bin\zip.dll
Event: 0.360 Loaded shared library C:\Users\sujee\.vscode\extensions\redhat.java-1.13.0-win32-x64\jre\17.0.5-win32-x86_64\bin\instrument.dll
Event: 0.389 Loaded shared library C:\Users\sujee\.vscode\extensions\redhat.java-1.13.0-win32-x64\jre\17.0.5-win32-x86_64\bin\net.dll
Event: 0.393 Loaded shared library C:\Users\sujee\.vscode\extensions\redhat.java-1.13.0-win32-x64\jre\17.0.5-win32-x86_64\bin\nio.dll
Event: 0.402 Loaded shared library C:\Users\sujee\.vscode\extensions\redhat.java-1.13.0-win32-x64\jre\17.0.5-win32-x86_64\bin\zip.dll
Event: 0.424 Loaded shared library C:\Users\sujee\.vscode\extensions\redhat.java-1.13.0-win32-x64\jre\17.0.5-win32-x86_64\bin\jimage.dll
Event: 0.511 Loaded shared library c:\Users\sujee\.vscode\extensions\redhat.java-1.13.0-win32-x64\jre\17.0.5-win32-x86_64\bin\verify.dll
Event: 15.392 Loaded shared library C:\Users\sujee\AppData\Roaming\Code\User\globalStorage\redhat.java\1.13.0\config_win\org.eclipse.equinox.launcher\org.eclipse.equinox.launcher.win32.win32.x86_64_1.2.600.v20220720-1916\eclipse_11700.dll
Event: 30.016 Loaded shared library C:\Users\sujee\AppData\Local\Temp\jna-109795560\jna10870497249455514449.dll
Event: 37.008 Loaded shared library C:\Users\sujee\.vscode\extensions\redhat.java-1.13.0-win32-x64\jre\17.0.5-win32-x86_64\bin\sunmscapi.dll

Deoptimization events (20 events):
Event: 1126.078 Thread 0x000001b9b8faf8d0 DEOPT PACKING pc=0x000001b9aa02cb00 sp=0x00000010572fe170
Event: 1126.078 Thread 0x000001b9b8faf8d0 DEOPT UNPACKING pc=0x000001b9a20d20a3 sp=0x00000010572fe110 mode 2
Event: 1289.306 Thread 0x000001b9b8fb1a80 Uncommon trap: trap_request=0x00000039 fr.pc=0x000001b9aa80a018 relative=0x00000000000002b8
Event: 1289.306 Thread 0x000001b9b8fb1a80 Uncommon trap: reason=unloaded action=reinterpret pc=0x000001b9aa80a018 method=org.eclipse.jface.text.ListLineTracker.getLineOffset(I)I @ 71 c2
Event: 1289.306 Thread 0x000001b9b8fb1a80 DEOPT PACKING pc=0x000001b9aa80a018 sp=0x0000001058dfefb0
Event: 1289.306 Thread 0x000001b9b8fb1a80 DEOPT UNPACKING pc=0x000001b9a20d20a3 sp=0x0000001058dfee78 mode 2
Event: 1289.308 Thread 0x000001b9b8fb1a80 Uncommon trap: trap_request=0x00000039 fr.pc=0x000001b9aa514dd0 relative=0x0000000000000290
Event: 1289.308 Thread 0x000001b9b8fb1a80 Uncommon trap: reason=unloaded action=reinterpret pc=0x000001b9aa514dd0 method=org.eclipse.jface.text.ListLineTracker.getLineOffset(I)I @ 71 c2
Event: 1289.308 Thread 0x000001b9b8fb1a80 DEOPT PACKING pc=0x000001b9aa514dd0 sp=0x0000001058dfef20
Event: 1289.308 Thread 0x000001b9b8fb1a80 DEOPT UNPACKING pc=0x000001b9a20d20a3 sp=0x0000001058dfee60 mode 2
Event: 1292.436 Thread 0x000001b9b8fb1a80 DEOPT PACKING pc=0x000001b9a2a45cd5 sp=0x0000001058dfd910
Event: 1292.436 Thread 0x000001b9b8fb1a80 DEOPT UNPACKING pc=0x000001b9a20d2843 sp=0x0000001058dfce98 mode 0
Event: 1292.549 Thread 0x000001b9b8fb1a80 Uncommon trap: trap_request=0xffffff45 fr.pc=0x000001b9aa63034c relative=0x000000000000322c
Event: 1292.549 Thread 0x000001b9b8fb1a80 Uncommon trap: reason=unstable_if action=reinterpret pc=0x000001b9aa63034c method=org.eclipse.jdt.core.dom.TypeBinding.isLocal()Z @ 4 c2
Event: 1292.549 Thread 0x000001b9b8fb1a80 DEOPT PACKING pc=0x000001b9aa63034c sp=0x0000001058dfdeb0
Event: 1292.549 Thread 0x000001b9b8fb1a80 DEOPT UNPACKING pc=0x000001b9a20d20a3 sp=0x0000001058dfddf8 mode 2
Event: 1294.110 Thread 0x000001b9b8fb1a80 Uncommon trap: trap_request=0xffffff45 fr.pc=0x000001b9a9f49250 relative=0x0000000000003b10
Event: 1294.110 Thread 0x000001b9b8fb1a80 Uncommon trap: reason=unstable_if action=reinterpret pc=0x000001b9a9f49250 method=org.eclipse.jdt.core.Signature.appendTypeSignature([CIZLjava/lang/StringBuffer;Z)I @ 197 c2
Event: 1294.110 Thread 0x000001b9b8fb1a80 DEOPT PACKING pc=0x000001b9a9f49250 sp=0x0000001058dfd720
Event: 1294.110 Thread 0x000001b9b8fb1a80 DEOPT UNPACKING pc=0x000001b9a20d20a3 sp=0x0000001058dfd6e8 mode 2

Classes unloaded (20 events):
Event: 983.118 Thread 0x000001b99dc85f90 Unloading class 0x0000000100510000 'jdk/internal/reflect/GeneratedConstructorAccessor26'
Event: 983.118 Thread 0x000001b99dc85f90 Unloading class 0x0000000100503400 'jdk/internal/reflect/GeneratedConstructorAccessor25'
Event: 983.118 Thread 0x000001b99dc85f90 Unloading class 0x000000010039f800 'java/lang/invoke/LambdaForm$DMH+0x000000010039f800'
Event: 983.118 Thread 0x000001b99dc85f90 Unloading class 0x0000000100329000 'java/lang/invoke/LambdaForm$MH+0x0000000100329000'
Event: 983.118 Thread 0x000001b99dc85f90 Unloading class 0x0000000100328c00 'java/lang/invoke/LambdaForm$MH+0x0000000100328c00'
Event: 983.118 Thread 0x000001b99dc85f90 Unloading class 0x0000000100328800 'java/lang/invoke/LambdaForm$MH+0x0000000100328800'
Event: 983.118 Thread 0x000001b99dc85f90 Unloading class 0x0000000100328000 'jdk/internal/reflect/GeneratedConstructorAccessor5'
Event: 983.118 Thread 0x000001b99dc85f90 Unloading class 0x0000000100314000 'java/lang/invoke/LambdaForm$DMH+0x0000000100314000'
Event: 983.118 Thread 0x000001b99dc85f90 Unloading class 0x0000000100301000 'java/lang/invoke/LambdaForm$DMH+0x0000000100301000'
Event: 983.118 Thread 0x000001b99dc85f90 Unloading class 0x00000001001a2800 'java/lang/invoke/LambdaForm$MH+0x00000001001a2800'
Event: 983.118 Thread 0x000001b99dc85f90 Unloading class 0x00000001001a2000 'java/lang/invoke/LambdaForm$MH+0x00000001001a2000'
Event: 983.118 Thread 0x000001b99dc85f90 Unloading class 0x00000001001a1c00 'java/lang/invoke/LambdaForm$MH+0x00000001001a1c00'
Event: 983.118 Thread 0x000001b99dc85f90 Unloading class 0x00000001001a1800 'java/lang/invoke/LambdaForm$MH+0x00000001001a1800'
Event: 983.118 Thread 0x000001b99dc85f90 Unloading class 0x00000001001a1000 'java/lang/invoke/LambdaForm$MH+0x00000001001a1000'
Event: 983.118 Thread 0x000001b99dc85f90 Unloading class 0x00000001001a0c00 'java/lang/invoke/LambdaForm$MH+0x00000001001a0c00'
Event: 1013.720 Thread 0x000001b99dc85f90 Unloading class 0x00000001002e9400 'java/lang/invoke/LambdaForm$MH+0x00000001002e9400'
Event: 1013.720 Thread 0x000001b99dc85f90 Unloading class 0x00000001002e9000 'java/lang/invoke/LambdaForm$MH+0x00000001002e9000'
Event: 1013.720 Thread 0x000001b99dc85f90 Unloading class 0x00000001002e8c00 'java/lang/invoke/LambdaForm$MH+0x00000001002e8c00'
Event: 1013.720 Thread 0x000001b99dc85f90 Unloading class 0x00000001002e8800 'java/lang/invoke/LambdaForm$MH+0x00000001002e8800'
Event: 1013.720 Thread 0x000001b99dc85f90 Unloading class 0x00000001002e8400 'java/lang/invoke/LambdaForm$MH+0x00000001002e8400'

Classes redefined (0 events):
No events

Internal exceptions (20 events):
Event: 1125.361 Thread 0x000001b9b8fb1f50 Exception <a 'java/lang/ArrayIndexOutOfBoundsException'{0x00000000ead44240}> (0x00000000ead44240) 
thrown [s\src\hotspot\share\runtime\sharedRuntime.cpp, line 628]
Event: 1125.361 Thread 0x000001b9b8fb1f50 Exception <a 'java/lang/ArrayIndexOutOfBoundsException'{0x00000000ead448a8}> (0x00000000ead448a8) 
thrown [s\src\hotspot\share\runtime\sharedRuntime.cpp, line 628]
Event: 1125.361 Thread 0x000001b9b8fb1f50 Exception <a 'java/lang/ArrayIndexOutOfBoundsException'{0x00000000ead48810}> (0x00000000ead48810) 
thrown [s\src\hotspot\share\runtime\sharedRuntime.cpp, line 628]
Event: 1125.361 Thread 0x000001b9b8fb1f50 Exception <a 'java/lang/ArrayIndexOutOfBoundsException'{0x00000000ead48e78}> (0x00000000ead48e78) 
thrown [s\src\hotspot\share\runtime\sharedRuntime.cpp, line 628]
Event: 1126.075 Thread 0x000001b9b8fb1f50 Exception <a 'java/lang/ArrayIndexOutOfBoundsException'{0x00000000eabaf808}> (0x00000000eabaf808) 
thrown [s\src\hotspot\share\runtime\sharedRuntime.cpp, line 628]
Event: 1126.077 Thread 0x000001b9b8fb1f50 Exception <a 'java/lang/ArrayIndexOutOfBoundsException'{0x00000000eac8b3a8}> (0x00000000eac8b3a8) 
thrown [s\src\hotspot\share\runtime\sharedRuntime.cpp, line 628]
Event: 1126.077 Thread 0x000001b9b8fb1f50 Exception <a 'java/lang/ArrayIndexOutOfBoundsException'{0x00000000eac8ba10}> (0x00000000eac8ba10) 
thrown [s\src\hotspot\share\runtime\sharedRuntime.cpp, line 628]
Event: 1130.538 Thread 0x000001b9b5db3cd0 Exception <a 'sun/nio/fs/WindowsException'{0x00000000eab6fad0}> (0x00000000eab6fad0) 
thrown [s\src\hotspot\share\prims\jni.cpp, line 516]
Event: 1130.805 Thread 0x000001b9b5db3cd0 Exception <a 'sun/nio/fs/WindowsException'{0x00000000eab5c230}> (0x00000000eab5c230) 
thrown [s\src\hotspot\share\prims\jni.cpp, line 516]
Event: 1288.683 Thread 0x000001b9b5db3cd0 Exception <a 'sun/nio/fs/WindowsException'{0x00000000ead93948}> (0x00000000ead93948) 
thrown [s\src\hotspot\share\prims\jni.cpp, line 516]
Event: 1289.000 Thread 0x000001b9b5db3cd0 Exception <a 'sun/nio/fs/WindowsException'{0x00000000eabf3410}> (0x00000000eabf3410) 
thrown [s\src\hotspot\share\prims\jni.cpp, line 516]
Event: 1289.310 Thread 0x000001b9b8fb1a80 Implicit null exception at 0x000001b9a40feed1 to 0x000001b9a40ff08d
Event: 1289.310 Thread 0x000001b9b8fb1a80 Exception <a 'java/lang/NullPointerException'{0x00000000eabb2300}> (0x00000000eabb2300) 
thrown [s\src\hotspot\share\runtime\sharedRuntime.cpp, line 628]
Event: 1289.582 Thread 0x000001b9b8fb1a80 Implicit null exception at 0x000001b9a40feed1 to 0x000001b9a40ff08d
Event: 1289.582 Thread 0x000001b9b8fb1a80 Exception <a 'java/lang/NullPointerException'{0x00000000eacf82e0}> (0x00000000eacf82e0) 
thrown [s\src\hotspot\share\runtime\sharedRuntime.cpp, line 628]
Event: 1292.068 Thread 0x000001b9b8fb1a80 Exception <a 'java/lang/ArrayIndexOutOfBoundsException'{0x00000000eab87aa8}> (0x00000000eab87aa8) 
thrown [s\src\hotspot\share\runtime\sharedRuntime.cpp, line 628]
Event: 1292.412 Thread 0x000001b9b8fb1a80 Exception <a 'java/lang/ArrayIndexOutOfBoundsException'{0x00000000eab6b120}> (0x00000000eab6b120) 
thrown [s\src\hotspot\share\runtime\sharedRuntime.cpp, line 628]
Event: 1292.455 Thread 0x000001b9b5db3cd0 Exception <a 'sun/nio/fs/WindowsException'{0x00000000eacb55d8}> (0x00000000eacb55d8) 
thrown [s\src\hotspot\share\prims\jni.cpp, line 516]
Event: 1292.904 Thread 0x000001b9b8fb1a80 Exception <a 'java/lang/ArrayIndexOutOfBoundsException'{0x00000000eac87108}> (0x00000000eac87108) 
thrown [s\src\hotspot\share\runtime\sharedRuntime.cpp, line 628]
Event: 1293.174 Thread 0x000001b9b5db3cd0 Exception <a 'sun/nio/fs/WindowsException'{0x00000000eab4e838}> (0x00000000eab4e838) 
thrown [s\src\hotspot\share\prims\jni.cpp, line 516]

VM Operations (20 events):
Event: 1293.653 Executing VM operation: ParallelGCFailedAllocation
Event: 1293.671 Executing VM operation: ParallelGCFailedAllocation done
Event: 1293.759 Executing VM operation: ParallelGCFailedAllocation
Event: 1293.842 Executing VM operation: ParallelGCFailedAllocation done
Event: 1293.852 Executing VM operation: ParallelGCFailedAllocation
Event: 1293.872 Executing VM operation: ParallelGCFailedAllocation done
Event: 1293.885 Executing VM operation: ParallelGCFailedAllocation
Event: 1293.917 Executing VM operation: ParallelGCFailedAllocation done
Event: 1293.949 Executing VM operation: ParallelGCFailedAllocation
Event: 1293.951 Executing VM operation: ParallelGCFailedAllocation done
Event: 1294.083 Executing VM operation: ParallelGCFailedAllocation
Event: 1294.085 Executing VM operation: ParallelGCFailedAllocation done
Event: 1294.131 Executing VM operation: ParallelGCFailedAllocation
Event: 1294.133 Executing VM operation: ParallelGCFailedAllocation done
Event: 1294.174 Executing VM operation: ParallelGCFailedAllocation
Event: 1294.177 Executing VM operation: ParallelGCFailedAllocation done
Event: 1294.187 Executing VM operation: ParallelGCFailedAllocation
Event: 1294.190 Executing VM operation: ParallelGCFailedAllocation done
Event: 1294.501 Executing VM operation: ParallelGCFailedAllocation
Event: 1294.503 Executing VM operation: ParallelGCFailedAllocation done

Events (20 events):
Event: 1131.146 Thread 0x000001b9c5adfc00 Thread exited: 0x000001b9c5adfc00
Event: 1180.502 Thread 0x000001b9c5adda50 Thread exited: 0x000001b9c5adda50
Event: 1191.168 Thread 0x000001b9b8fb10e0 Thread exited: 0x000001b9b8fb10e0
Event: 1191.186 Thread 0x000001b9b8fafda0 Thread exited: 0x000001b9b8fafda0
Event: 1191.288 Thread 0x000001b9b8faf8d0 Thread exited: 0x000001b9b8faf8d0
Event: 1191.320 Thread 0x000001b9c5ae2280 Thread exited: 0x000001b9c5ae2280
Event: 1251.303 Thread 0x000001b9b8fb1f50 Thread exited: 0x000001b9b8fb1f50
Event: 1267.394 Thread 0x000001b9c5ae2280 Thread added: 0x000001b9c5ae2280
Event: 1267.801 Thread 0x000001b9c5adda50 Thread added: 0x000001b9c5adda50
Event: 1289.298 Thread 0x000001b9c5adfc00 Thread added: 0x000001b9c5adfc00
Event: 1289.304 Thread 0x000001b9c5adfc00 Thread exited: 0x000001b9c5adfc00
Event: 1289.506 Thread 0x000001b9c5adfc00 Thread added: 0x000001b9c5adfc00
Event: 1289.510 Thread 0x000001b9b8faf8d0 Thread added: 0x000001b9b8faf8d0
Event: 1290.371 Thread 0x000001b9b8fafda0 Thread added: 0x000001b9b8fafda0
Event: 1290.375 Thread 0x000001b9b8fafda0 Thread exited: 0x000001b9b8fafda0
Event: 1292.111 Thread 0x000001b9b8fafda0 Thread added: 0x000001b9b8fafda0
Event: 1292.477 Thread 0x000001b9c6f668c0 Thread added: 0x000001b9c6f668c0
Event: 1293.263 Thread 0x000001b9b8fb1f50 Thread added: 0x000001b9b8fb1f50
Event: 1293.491 Thread 0x000001b9b5db2e60 Thread added: 0x000001b9b5db2e60
Event: 1293.624 Thread 0x000001b9b5db2e60 Thread exited: 0x000001b9b5db2e60


Dynamic libraries:
0x00007ff752eb0000 - 0x00007ff752ebe000 	c:\Users\sujee\.vscode\extensions\redhat.java-1.13.0-win32-x64\jre\17.0.5-win32-x86_64\bin\java.exe
0x00007ffdaa5d0000 - 0x00007ffdaa7e4000 	C:\WINDOWS\SYSTEM32\ntdll.dll
0x00007ffda8de0000 - 0x00007ffda8ea2000 	C:\WINDOWS\System32\KERNEL32.DLL
0x00007ffda7fb0000 - 0x00007ffda834d000 	C:\WINDOWS\System32\KERNELBASE.dll
0x00007ffda7df0000 - 0x00007ffda7f01000 	C:\WINDOWS\System32\ucrtbase.dll
0x00007ffd9c6a0000 - 0x00007ffd9c6b9000 	c:\Users\sujee\.vscode\extensions\redhat.java-1.13.0-win32-x64\jre\17.0.5-win32-x86_64\bin\VCRUNTIME140.dll
0x00007ffd9f710000 - 0x00007ffd9f727000 	c:\Users\sujee\.vscode\extensions\redhat.java-1.13.0-win32-x64\jre\17.0.5-win32-x86_64\bin\jli.dll
0x00007ffda85f0000 - 0x00007ffda879a000 	C:\WINDOWS\System32\USER32.dll
0x00007ffda7dc0000 - 0x00007ffda7de6000 	C:\WINDOWS\System32\win32u.dll
0x00007ffda9690000 - 0x00007ffda96b9000 	C:\WINDOWS\System32\GDI32.dll
0x00007ffda7be0000 - 0x00007ffda7cf2000 	C:\WINDOWS\System32\gdi32full.dll
0x00007ffda7f10000 - 0x00007ffda7faa000 	C:\WINDOWS\System32\msvcp_win.dll
0x00007ffd8e3c0000 - 0x00007ffd8e64e000 	C:\WINDOWS\WinSxS\amd64_microsoft.windows.common-controls_6595b64144ccf1df_6.0.22621.608_none_a9444ca7c10bb01d\COMCTL32.dll
0x00007ffda9750000 - 0x00007ffda97f7000 	C:\WINDOWS\System32\msvcrt.dll
0x00007ffda9860000 - 0x00007ffda9892000 	C:\WINDOWS\System32\IMM32.DLL
0x00007ffda1f00000 - 0x00007ffda1f0c000 	c:\Users\sujee\.vscode\extensions\redhat.java-1.13.0-win32-x64\jre\17.0.5-win32-x86_64\bin\vcruntime140_1.dll
0x00007ffd7ead0000 - 0x00007ffd7eb61000 	c:\Users\sujee\.vscode\extensions\redhat.java-1.13.0-win32-x64\jre\17.0.5-win32-x86_64\bin\msvcp140.dll
0x00007ffd6bba0000 - 0x00007ffd6c7e4000 	c:\Users\sujee\.vscode\extensions\redhat.java-1.13.0-win32-x64\jre\17.0.5-win32-x86_64\bin\server\jvm.dll
0x00007ffdaa3e0000 - 0x00007ffdaa48e000 	C:\WINDOWS\System32\ADVAPI32.dll
0x00007ffda84d0000 - 0x00007ffda8574000 	C:\WINDOWS\System32\sechost.dll
0x00007ffdaa2c0000 - 0x00007ffdaa3d5000 	C:\WINDOWS\System32\RPCRT4.dll
0x00007ffda0a00000 - 0x00007ffda0a09000 	C:\WINDOWS\SYSTEM32\WSOCK32.dll
0x00007ffda0a50000 - 0x00007ffda0a84000 	C:\WINDOWS\SYSTEM32\WINMM.dll
0x00007ffda87a0000 - 0x00007ffda8811000 	C:\WINDOWS\System32\WS2_32.dll
0x00007ffd9d0d0000 - 0x00007ffd9d0da000 	C:\WINDOWS\SYSTEM32\VERSION.dll
0x00007ffda6a30000 - 0x00007ffda6a48000 	C:\WINDOWS\SYSTEM32\kernel.appcore.dll
0x00007ffd9f890000 - 0x00007ffd9f89a000 	c:\Users\sujee\.vscode\extensions\redhat.java-1.13.0-win32-x64\jre\17.0.5-win32-x86_64\bin\jimage.dll
0x00007ffda5650000 - 0x00007ffda587e000 	C:\WINDOWS\SYSTEM32\DBGHELP.DLL
0x00007ffda8a50000 - 0x00007ffda8dda000 	C:\WINDOWS\System32\combase.dll
0x00007ffda83f0000 - 0x00007ffda84c7000 	C:\WINDOWS\System32\OLEAUT32.dll
0x00007ffd9d2c0000 - 0x00007ffd9d2f2000 	C:\WINDOWS\SYSTEM32\dbgcore.DLL
0x00007ffda8350000 - 0x00007ffda83cb000 	C:\WINDOWS\System32\bcryptPrimitives.dll
0x00007ffd9f780000 - 0x00007ffd9f78e000 	c:\Users\sujee\.vscode\extensions\redhat.java-1.13.0-win32-x64\jre\17.0.5-win32-x86_64\bin\instrument.dll
0x00007ffd9bd80000 - 0x00007ffd9bda5000 	c:\Users\sujee\.vscode\extensions\redhat.java-1.13.0-win32-x64\jre\17.0.5-win32-x86_64\bin\java.dll
0x00007ffd9c1a0000 - 0x00007ffd9c1b8000 	c:\Users\sujee\.vscode\extensions\redhat.java-1.13.0-win32-x64\jre\17.0.5-win32-x86_64\bin\zip.dll
0x00007ffda8eb0000 - 0x00007ffda9690000 	C:\WINDOWS\System32\SHELL32.dll
0x00007ffda5880000 - 0x00007ffda6145000 	C:\WINDOWS\SYSTEM32\windows.storage.dll
0x00007ffda5510000 - 0x00007ffda564e000 	C:\WINDOWS\SYSTEM32\wintypes.dll
0x00007ffdaa490000 - 0x00007ffdaa581000 	C:\WINDOWS\System32\SHCORE.dll
0x00007ffda89e0000 - 0x00007ffda8a3e000 	C:\WINDOWS\System32\shlwapi.dll
0x00007ffda7930000 - 0x00007ffda7951000 	C:\WINDOWS\SYSTEM32\profapi.dll
0x00007ffd9c120000 - 0x00007ffd9c139000 	C:\Users\sujee\.vscode\extensions\redhat.java-1.13.0-win32-x64\jre\17.0.5-win32-x86_64\bin\net.dll
0x00007ffda0e10000 - 0x00007ffda0f3f000 	C:\WINDOWS\SYSTEM32\WINHTTP.dll
0x00007ffda6e80000 - 0x00007ffda6ee9000 	C:\WINDOWS\system32\mswsock.dll
0x00007ffd9bd60000 - 0x00007ffd9bd75000 	C:\Users\sujee\.vscode\extensions\redhat.java-1.13.0-win32-x64\jre\17.0.5-win32-x86_64\bin\nio.dll
0x00007ffd9c740000 - 0x00007ffd9c750000 	c:\Users\sujee\.vscode\extensions\redhat.java-1.13.0-win32-x64\jre\17.0.5-win32-x86_64\bin\verify.dll
0x00007ffd96250000 - 0x00007ffd9628e000 	C:\Users\sujee\AppData\Roaming\Code\User\globalStorage\redhat.java\1.13.0\config_win\org.eclipse.equinox.launcher\org.eclipse.equinox.launcher.win32.win32.x86_64_1.2.600.v20220720-1916\eclipse_11700.dll
0x00007ffda9ae0000 - 0x00007ffda9c7c000 	C:\WINDOWS\System32\ole32.dll
0x00007ffda7190000 - 0x00007ffda71ab000 	C:\WINDOWS\SYSTEM32\CRYPTSP.dll
0x00007ffda69a0000 - 0x00007ffda69d5000 	C:\WINDOWS\system32\rsaenh.dll
0x00007ffda6f20000 - 0x00007ffda6f48000 	C:\WINDOWS\SYSTEM32\USERENV.dll
0x00007ffda72c0000 - 0x00007ffda72e8000 	C:\WINDOWS\SYSTEM32\bcrypt.dll
0x00007ffda7070000 - 0x00007ffda707c000 	C:\WINDOWS\SYSTEM32\CRYPTBASE.dll
0x00007ffda6640000 - 0x00007ffda666d000 	C:\WINDOWS\SYSTEM32\IPHLPAPI.DLL
0x00007ffda96c0000 - 0x00007ffda96c9000 	C:\WINDOWS\System32\NSI.dll
0x00007ffda0080000 - 0x00007ffda0099000 	C:\WINDOWS\SYSTEM32\dhcpcsvc6.DLL
0x00007ffda0060000 - 0x00007ffda007f000 	C:\WINDOWS\SYSTEM32\dhcpcsvc.DLL
0x00007ffda6670000 - 0x00007ffda6762000 	C:\WINDOWS\SYSTEM32\DNSAPI.dll
0x00007ffd91aa0000 - 0x00007ffd91ae0000 	C:\Users\sujee\AppData\Local\Temp\jna-109795560\jna10870497249455514449.dll
0x00007ffda9a10000 - 0x00007ffda9a18000 	C:\WINDOWS\System32\PSAPI.DLL
0x00007ffd9ff00000 - 0x00007ffd9ff0e000 	C:\Users\sujee\.vscode\extensions\redhat.java-1.13.0-win32-x64\jre\17.0.5-win32-x86_64\bin\sunmscapi.dll
0x00007ffda7a00000 - 0x00007ffda7b66000 	C:\WINDOWS\System32\CRYPT32.dll
0x00007ffda7280000 - 0x00007ffda72ad000 	C:\WINDOWS\SYSTEM32\ncrypt.dll
0x00007ffda7240000 - 0x00007ffda7277000 	C:\WINDOWS\SYSTEM32\NTASN1.dll
0x00007ffd9be00000 - 0x00007ffd9be0a000 	C:\Windows\System32\rasadhlp.dll
0x00007ffd9ef20000 - 0x00007ffd9efa3000 	C:\WINDOWS\System32\fwpuclnt.dll

dbghelp: loaded successfully - version: 4.0.5 - missing functions: none
symbol engine: initialized successfully - sym options: 0x614 - pdb path: .;c:\Users\sujee\.vscode\extensions\redhat.java-1.13.0-win32-x64\jre\17.0.5-win32-x86_64\bin;C:\WINDOWS\SYSTEM32;C:\WINDOWS\WinSxS\amd64_microsoft.windows.common-controls_6595b64144ccf1df_6.0.22621.608_none_a9444ca7c10bb01d;c:\Users\sujee\.vscode\extensions\redhat.java-1.13.0-win32-x64\jre\17.0.5-win32-x86_64\bin\server;C:\Users\sujee\AppData\Roaming\Code\User\globalStorage\redhat.java\1.13.0\config_win\org.eclipse.equinox.launcher\org.eclipse.equinox.launcher.win32.win32.x86_64_1.2.600.v20220720-1916;C:\Users\sujee\AppData\Local\Temp\jna-109795560

VM Arguments:
jvm_args: --add-modules=ALL-SYSTEM --add-opens=java.base/java.util=ALL-UNNAMED --add-opens=java.base/java.lang=ALL-UNNAMED --add-opens=java.base/sun.nio.fs=ALL-UNNAMED -Declipse.application=org.eclipse.jdt.ls.core.id1 -Dosgi.bundles.defaultStartLevel=4 -Declipse.product=org.eclipse.jdt.ls.core.product -Djava.import.generatesMetadataFilesAtProjectRoot=false -Dfile.encoding=utf8 -XX:+UseParallelGC -XX:GCTimeRatio=4 -XX:AdaptiveSizePolicyWeight=90 -Dsun.zip.disableMemoryMapping=true -Xmx1G -Xms100m -Xlog:disable -javaagent:c:\Users\sujee\.vscode\extensions\redhat.java-1.13.0-win32-x64\lombok\lombok-1.18.24.jar -XX:+HeapDumpOnOutOfMemoryError -XX:HeapDumpPath=c:\Users\sujee\AppData\Roaming\Code\User\workspaceStorage\f0ec783a8a23ab05bb918e3ad906a61b\redhat.java 
java_command: c:\Users\sujee\.vscode\extensions\redhat.java-1.13.0-win32-x64\server\plugins\org.eclipse.equinox.launcher_1.6.400.v20210924-0641.jar -configuration c:\Users\sujee\AppData\Roaming\Code\User\globalStorage\redhat.java\1.13.0\config_win -data c:\Users\sujee\AppData\Roaming\Code\User\workspaceStorage\f0ec783a8a23ab05bb918e3ad906a61b\redhat.java\jdt_ws
java_class_path (initial): c:\Users\sujee\.vscode\extensions\redhat.java-1.13.0-win32-x64\server\plugins\org.eclipse.equinox.launcher_1.6.400.v20210924-0641.jar
Launcher Type: SUN_STANDARD

[Global flags]
    uintx AdaptiveSizePolicyWeight                 = 90                                        {product} {command line}
     intx CICompilerCount                          = 3                                         {product} {ergonomic}
    uintx GCTimeRatio                              = 4                                         {product} {command line}
     bool HeapDumpOnOutOfMemoryError               = true                                   {manageable} {command line}
    ccstr HeapDumpPath                             = c:\Users\sujee\AppData\Roaming\Code\User\workspaceStorage\f0ec783a8a23ab05bb918e3ad906a61b\redhat.java         {manageable} {command line}
   size_t InitialHeapSize                          = 104857600                                 {product} {command line}
   size_t MaxHeapSize                              = 1073741824                                {product} {command line}
   size_t MaxNewSize                               = 357564416                                 {product} {ergonomic}
   size_t MinHeapDeltaBytes                        = 524288                                    {product} {ergonomic}
   size_t MinHeapSize                              = 104857600                                 {product} {command line}
   size_t NewSize                                  = 34603008                                  {product} {ergonomic}
    uintx NonNMethodCodeHeapSize                   = 5832780                                {pd product} {ergonomic}
    uintx NonProfiledCodeHeapSize                  = 122912730                              {pd product} {ergonomic}
   size_t OldSize                                  = 70254592                                  {product} {ergonomic}
    uintx ProfiledCodeHeapSize                     = 122912730                              {pd product} {ergonomic}
    uintx ReservedCodeCacheSize                    = 251658240                              {pd product} {ergonomic}
     bool SegmentedCodeCache                       = true                                      {product} {ergonomic}
   size_t SoftMaxHeapSize                          = 1073741824                             {manageable} {ergonomic}
     bool UseCompressedClassPointers               = true                           {product lp64_product} {ergonomic}
     bool UseCompressedOops                        = true                           {product lp64_product} {ergonomic}
     bool UseLargePagesIndividualAllocation        = false                                  {pd product} {ergonomic}
     bool UseParallelGC                            = true                                      {product} {command line}

Logging:
Log output configuration:
 #0: stdout all=off uptime,level,tags
 #1: stderr all=off uptime,level,tags

Environment Variables:
PATH=C:\Program Files\Common Files\Oracle\Java\javapath;C:\WINDOWS\system32;C:\WINDOWS;C:\WINDOWS\System32\Wbem;C:\WINDOWS\System32\WindowsPowerShell\v1.0\;C:\WINDOWS\System32\OpenSSH\;C:\Program Files\nodejs\;C:\Program Files\Git\cmd;C:\Users\sujee\AppData\Local\Microsoft\WindowsApps;;C:\Users\sujee\AppData\Local\Programs\Microsoft VS Code\bin;C:\Users\sujee\AppData\Roaming\npm
USERNAME=sujee
OS=Windows_NT
PROCESSOR_IDENTIFIER=AMD64 Family 23 Model 24 Stepping 1, AuthenticAMD
TMP=C:\Users\sujee\AppData\Local\Temp
TEMP=C:\Users\sujee\AppData\Local\Temp



---------------  S Y S T E M  ---------------

OS:
 Windows 11 , 64 bit Build 22621 (10.0.22621.755)
OS uptime: 2 days 20:20 hours
Hyper-V role detected

CPU: total 4 (initial active 4) (4 cores per cpu, 2 threads per core) family 23 model 24 stepping 1 microcode 0x0, cx8, cmov, fxsr, ht, mmx, 3dnowpref, sse, sse2, sse3, ssse3, sse4a, sse4.1, sse4.2, popcnt, lzcnt, tsc, tscinvbit, avx, avx2, aes, clmul, bmi1, bmi2, adx, sha, fma, vzeroupper, clflush, clflushopt, hv

Memory: 4k page, system-wide physical 3460M (470M free)
TotalPageFile size 7172M (AvailPageFile size 2347M)
current process WorkingSet (physical memory assigned to process): 352M, peak: 363M
current process commit charge ("private bytes"): 378M, peak: 408M

vm_info: OpenJDK 64-Bit Server VM (17.0.5+8) for windows-amd64 JRE (17.0.5+8), built on Oct 19 2022 04:48:13 by "temurin" with MS VC++ 16.7 (VS2019)

END.
